<?xml version="1.0" encoding="utf-8"?>
<TestRun id="609778ff-2278-463b-aa90-ba885b99b680" name="eugen@GNIOS-PC 2026-07-05 11:14:36" runUser="GNIOS-PC\eugen" xmlns="http://microsoft.com/schemas/VisualStudio/TeamTest/2010">
  <Times creation="2026-07-05T11:14:36.7400654-03:00" queuing="2026-07-05T11:14:36.7400657-03:00" start="2026-07-05T11:14:36.0036408-03:00" finish="2026-07-05T11:14:41.8251633-03:00" />
  <TestSettings name="default" id="98cf36c3-80df-4280-acad-7a043508aed4">
    <Deployment runDeploymentRoot="eugen_GNIOS-PC_2026-07-05_11_14_36" />
  </TestSettings>
  <Results>
    <UnitTestResult executionId="9b3d78ad-ec31-4611-8db8-f447d811b453" testId="8fe774a6-4add-80b8-fb4f-fa21932d1444" testName="Transcriba.Tests.ViewModels.DashboardViewModelTests.DeleteTranscription_Confirmed_RemovesFromDatabaseAndMedia" computerName="GNIOS-PC" duration="00:00:00.1463950" startTime="2026-07-05T11:14:40.7364228-03:00" endTime="2026-07-05T11:14:40.8833156-03:00" testType="13cdc9d9-ddb5-4fa4-a97d-d965ccfc6d4b" outcome="Passed" testListId="8c84fa94-04c1-424b-9868-57a2d4851a1d" relativeResultsDirectory="9b3d78ad-ec31-4611-8db8-f447d811b453" />
    <UnitTestResult executionId="a6b0f121-f8f3-4ac3-ae48-59ae1781696d" testId="29fc5310-c94f-9362-4de5-295b17a8ad7c" testName="Transcriba.Tests.ViewModels.DashboardViewModelTests.LoadAsync_AllFilter_ReturnsAllTranscriptions" computerName="GNIOS-PC" duration="00:00:00.1652090" startTime="2026-07-05T11:14:39.4042402-03:00" endTime="2026-07-05T11:14:39.5698319-03:00" testType="13cdc9d9-ddb5-4fa4-a97d-d965ccfc6d4b" outcome="Passed" testListId="8c84fa94-04c1-424b-9868-57a2d4851a1d" relativeResultsDirectory="a6b0f121-f8f3-4ac3-ae48-59ae1781696d" />
    <UnitTestResult executionId="26cde39c-7141-4de4-92f9-c79c34b6cfbe" testId="eb000e8c-2f8c-9ad1-673b-bddafacda6cd" testName="Transcriba.Tests.Data.DbBootstrapperTests.MigrateAsync_CalledAgainOnRestart_IsIdempotentAndKeepsExistingData" computerName="GNIOS-PC" duration="00:00:00.3266687" startTime="2026-07-05T11:14:37.7594442-03:00" endTime="2026-07-05T11:14:38.0862048-03:00" testType="13cdc9d9-ddb5-4fa4-a97d-d965ccfc6d4b" outcome="Passed" testListId="8c84fa94-04c1-424b-9868-57a2d4851a1d" relativeResultsDirectory="26cde39c-7141-4de4-92f9-c79c34b6cfbe" />
    <UnitTestResult executionId="0a0e6b70-f9e9-495a-ac42-47215315d0bd" testId="788f4bed-8ee2-c80f-91b9-14c5e7aa5bd2" testName="Transcriba.Tests.ViewModels.PlayerBarViewModelTests.CycleSpeed_FollowsPrototypeSequence" computerName="GNIOS-PC" duration="00:00:00.0055071" startTime="2026-07-05T11:14:36.7256238-03:00" endTime="2026-07-05T11:14:36.7316765-03:00" testType="13cdc9d9-ddb5-4fa4-a97d-d965ccfc6d4b" outcome="Passed" testListId="8c84fa94-04c1-424b-9868-57a2d4851a1d" relativeResultsDirectory="0a0e6b70-f9e9-495a-ac42-47215315d0bd" />
    <UnitTestResult executionId="91d3a3d2-151a-4770-ac46-b53077c778c2" testId="fa270731-1770-acdb-3911-fc2699637448" testName="Transcriba.Tests.Engine.AudioLoaderTests.ConvertPcm16ToFloat_WithBufferSmallerThanTwoBytes_ThrowsInvalidOperationException" computerName="GNIOS-PC" duration="00:00:00.0021243" startTime="2026-07-05T11:14:38.3497396-03:00" endTime="2026-07-05T11:14:38.3498101-03:00" testType="13cdc9d9-ddb5-4fa4-a97d-d965ccfc6d4b" outcome="Passed" testListId="8c84fa94-04c1-424b-9868-57a2d4851a1d" relativeResultsDirectory="91d3a3d2-151a-4770-ac46-b53077c778c2" />
    <UnitTestResult executionId="45fe0713-5da3-459c-8492-901b58fcb7e0" testId="7ca7df9e-0973-4e36-ba9c-f84a5b6b2cb1" testName="Transcriba.Tests.Services.SpeakerServiceTests.GetSpeakersAsync_ReturnsOnlySpeakersFromRequestedTranscription" computerName="GNIOS-PC" duration="00:00:00.1765286" startTime="2026-07-05T11:14:38.0937551-03:00" endTime="2026-07-05T11:14:38.2702791-03:00" testType="13cdc9d9-ddb5-4fa4-a97d-d965ccfc6d4b" outcome="Passed" testListId="8c84fa94-04c1-424b-9868-57a2d4851a1d" relativeResultsDirectory="45fe0713-5da3-459c-8492-901b58fcb7e0" />
    <UnitTestResult executionId="e7889207-0f6b-451d-9c36-d309f32b5b76" testId="2c5a3d80-8582-a021-208f-028371144ca3" testName="Transcriba.Tests.ViewModels.EditorViewModelTests.ExportWithFormat_Txt_WritesFileViaExportService" computerName="GNIOS-PC" duration="00:00:00.1127983" startTime="2026-07-05T11:14:41.1380429-03:00" endTime="2026-07-05T11:14:41.2511120-03:00" testType="13cdc9d9-ddb5-4fa4-a97d-d965ccfc6d4b" outcome="Passed" testListId="8c84fa94-04c1-424b-9868-57a2d4851a1d" relativeResultsDirectory="e7889207-0f6b-451d-9c36-d309f32b5b76" />
    <UnitTestResult executionId="4fab806e-bc21-4526-96b5-d647feaa3462" testId="7010ef10-c153-b94d-12c6-9964881ea755" testName="Transcriba.Tests.ViewModels.EditorViewModelTests.AddTagCommand_PersistsTagAndUpdatesObservable" computerName="GNIOS-PC" duration="00:00:00.1405711" startTime="2026-07-05T11:14:39.9492362-03:00" endTime="2026-07-05T11:14:40.0901301-03:00" testType="13cdc9d9-ddb5-4fa4-a97d-d965ccfc6d4b" outcome="Passed" testListId="8c84fa94-04c1-424b-9868-57a2d4851a1d" relativeResultsDirectory="4fab806e-bc21-4526-96b5-d647feaa3462" />
    <UnitTestResult executionId="4423b7eb-c68b-405f-900e-0a14654763d5" testId="2aa0d86f-8402-96e6-5917-b7584fbbeb46" testName="Transcriba.Tests.Services.ResearchServiceTests.DeleteAsync_DissociatesTranscriptionsWithoutDeletingThem" computerName="GNIOS-PC" duration="00:00:01.5062462" startTime="2026-07-05T11:14:36.7316526-03:00" endTime="2026-07-05T11:14:38.1844797-03:00" testType="13cdc9d9-ddb5-4fa4-a97d-d965ccfc6d4b" outcome="Passed" testListId="8c84fa94-04c1-424b-9868-57a2d4851a1d" relativeResultsDirectory="4423b7eb-c68b-405f-900e-0a14654763d5" />
    <UnitTestResult executionId="c7faa096-06c2-4dbc-ad6a-faa983715132" testId="6483017f-4617-1dfc-0071-7c8f914b8bcd" testName="Transcriba.Tests.Engine.ChunkPlannerTests.CalculateParallelLimits_AlwaysSerializesNativeDecoding(device: Vulkan)" computerName="GNIOS-PC" duration="00:00:00.0000170" startTime="2026-07-05T11:14:36.7305083-03:00" endTime="2026-07-05T11:14:36.7305539-03:00" testType="13cdc9d9-ddb5-4fa4-a97d-d965ccfc6d4b" outcome="Passed" testListId="8c84fa94-04c1-424b-9868-57a2d4851a1d" relativeResultsDirectory="c7faa096-06c2-4dbc-ad6a-faa983715132" />
    <UnitTestResult executionId="35c8dda4-2717-4ddd-82d3-4472576d6057" testId="eb427512-d538-8253-f1f5-cb8d0bdc6f63" testName="Transcriba.Tests.ViewModels.DashboardViewModelTests.StatusChanged_UpdatesExistingCardToDone" computerName="GNIOS-PC" duration="00:00:00.2610732" startTime="2026-07-05T11:14:38.4897662-03:00" endTime="2026-07-05T11:14:38.7352402-03:00" testType="13cdc9d9-ddb5-4fa4-a97d-d965ccfc6d4b" outcome="Passed" testListId="8c84fa94-04c1-424b-9868-57a2d4851a1d" relativeResultsDirectory="35c8dda4-2717-4ddd-82d3-4472576d6057" />
    <UnitTestResult executionId="219b9553-b809-4730-b5b9-6c4bc69e96b6" testId="7117b8ec-402a-b2cd-576b-7a260ffab013" testName="Transcriba.Tests.ViewModels.PlayerBarViewModelTests.Seek_CalculatesProportionalPosition" computerName="GNIOS-PC" duration="00:00:00.0344599" startTime="2026-07-05T11:14:36.7317760-03:00" endTime="2026-07-05T11:14:36.7444547-03:00" testType="13cdc9d9-ddb5-4fa4-a97d-d965ccfc6d4b" outcome="Passed" testListId="8c84fa94-04c1-424b-9868-57a2d4851a1d" relativeResultsDirectory="219b9553-b809-4730-b5b9-6c4bc69e96b6" />
    <UnitTestResult executionId="6e41308a-0b63-4bef-a23f-18c483df9bda" testId="25af662e-6867-a3b6-9b06-d557ff52b85d" testName="Transcriba.Tests.ViewModels.SpeakerDropdownViewModelTests.SelectSpeaker_AssignsToActiveSegmentAndClosesDropdown" computerName="GNIOS-PC" duration="00:00:00.2770961" startTime="2026-07-05T11:14:38.9208181-03:00" endTime="2026-07-05T11:14:39.1975478-03:00" testType="13cdc9d9-ddb5-4fa4-a97d-d965ccfc6d4b" outcome="Passed" testListId="8c84fa94-04c1-424b-9868-57a2d4851a1d" relativeResultsDirectory="6e41308a-0b63-4bef-a23f-18c483df9bda" />
    <UnitTestResult executionId="d0e21879-f498-4ac6-8c29-69000a6d2427" testId="7ad7dcf1-ac8b-1855-dc2f-70b82d2f37a9" testName="Transcriba.Tests.ViewModels.DashboardViewModelTests.NavigationParameter_StatusFilter_IsAppliedOnLoad" computerName="GNIOS-PC" duration="00:00:00.1370868" startTime="2026-07-05T11:14:40.1726712-03:00" endTime="2026-07-05T11:14:40.3097445-03:00" testType="13cdc9d9-ddb5-4fa4-a97d-d965ccfc6d4b" outcome="Passed" testListId="8c84fa94-04c1-424b-9868-57a2d4851a1d" relativeResultsDirectory="d0e21879-f498-4ac6-8c29-69000a6d2427" />
    <UnitTestResult executionId="517f2b9e-3250-4f01-824a-e496b9439fba" testId="4ab17726-98c4-b5e0-36c1-1294d055b6ff" testName="Transcriba.Tests.ViewModels.EditorViewModelTests.RemoveTagCommand_RemovesTagFromTranscription" computerName="GNIOS-PC" duration="00:00:00.4949884" startTime="2026-07-05T11:14:38.2404713-03:00" endTime="2026-07-05T11:14:38.7357173-03:00" testType="13cdc9d9-ddb5-4fa4-a97d-d965ccfc6d4b" outcome="Passed" testListId="8c84fa94-04c1-424b-9868-57a2d4851a1d" relativeResultsDirectory="517f2b9e-3250-4f01-824a-e496b9439fba" />
    <UnitTestResult executionId="314f97a4-873a-4a04-a7c1-f8e43c5aaf12" testId="cd5703c9-973b-5f90-aa51-188a4dd1f4a1" testName="Transcriba.Tests.ViewModels.IconPickerViewModelTests.SelectIcon_UpdatesSelectedIconAndSelectionState" computerName="GNIOS-PC" duration="00:00:00.0030628" startTime="2026-07-05T11:14:36.7328840-03:00" endTime="2026-07-05T11:14:36.7329460-03:00" testType="13cdc9d9-ddb5-4fa4-a97d-d965ccfc6d4b" outcome="Passed" testListId="8c84fa94-04c1-424b-9868-57a2d4851a1d" relativeResultsDirectory="314f97a4-873a-4a04-a7c1-f8e43c5aaf12" />
    <UnitTestResult executionId="5413163c-9f76-4e98-a2e0-e92dfa5331a6" testId="bf0731c0-72cc-96d5-c0c2-f031f0425b9b" testName="Transcriba.Tests.ViewModels.SettingsViewModelTests.ChangeLanguage_PersistsDefaultLanguage" computerName="GNIOS-PC" duration="00:00:01.5466127" startTime="2026-07-05T11:14:36.6908642-03:00" endTime="2026-07-05T11:14:38.2059433-03:00" testType="13cdc9d9-ddb5-4fa4-a97d-d965ccfc6d4b" outcome="Passed" testListId="8c84fa94-04c1-424b-9868-57a2d4851a1d" relativeResultsDirectory="5413163c-9f76-4e98-a2e0-e92dfa5331a6" />
    <UnitTestResult executionId="6bc242a2-5b8b-4d10-b68b-36cb7ebd9e36" testId="61c496f7-07af-59c7-e773-6670cab26e32" testName="Transcriba.Tests.ViewModels.EditorViewModelTests.CommitTitle_UpdatesBreadcrumbTitle" computerName="GNIOS-PC" duration="00:00:00.2136322" startTime="2026-07-05T11:14:39.6004025-03:00" endTime="2026-07-05T11:14:39.8143511-03:00" testType="13cdc9d9-ddb5-4fa4-a97d-d965ccfc6d4b" outcome="Passed" testListId="8c84fa94-04c1-424b-9868-57a2d4851a1d" relativeResultsDirectory="6bc242a2-5b8b-4d10-b68b-36cb7ebd9e36" />
    <UnitTestResult executionId="8b02d2ee-dd1b-4e67-9e80-98207c27cb20" testId="4b8e9d93-5f7e-91c6-2f32-40f9578ac87c" testName="Transcriba.Tests.Services.ThemeServiceTests.ToggleAsync_AlternatesDarkThemeAndPersists" computerName="GNIOS-PC" duration="00:00:01.5098475" startTime="2026-07-05T11:14:36.7297048-03:00" endTime="2026-07-05T11:14:38.1847879-03:00" testType="13cdc9d9-ddb5-4fa4-a97d-d965ccfc6d4b" outcome="Passed" testListId="8c84fa94-04c1-424b-9868-57a2d4851a1d" relativeResultsDirectory="8b02d2ee-dd1b-4e67-9e80-98207c27cb20" />
    <UnitTestResult executionId="a40b675e-1610-4b67-b16e-2f6fe9263dd7" testId="ab214f62-7060-ee9a-354d-65a29068d151" testName="Transcriba.Tests.ViewModels.IconPickerViewModelTests.UseTranscriptionIcons_SwitchesToTransIconsCatalog" computerName="GNIOS-PC" duration="00:00:00.0046318" startTime="2026-07-05T11:14:36.7319423-03:00" endTime="2026-07-05T11:14:36.7319834-03:00" testType="13cdc9d9-ddb5-4fa4-a97d-d965ccfc6d4b" outcome="Passed" testListId="8c84fa94-04c1-424b-9868-57a2d4851a1d" relativeResultsDirectory="a40b675e-1610-4b67-b16e-2f6fe9263dd7" />
    <UnitTestResult executionId="09f8d98b-cc51-4c8a-a69a-7ed952731b01" testId="2e1863b2-01fd-2d82-b54b-f0afb928d857" testName="Transcriba.Tests.ViewModels.UploadViewModelTests.StartTranscription_CreatesRecordEnqueuesAndNavigatesToDashboard" computerName="GNIOS-PC" duration="00:00:00.5186298" startTime="2026-07-05T11:14:38.2389872-03:00" endTime="2026-07-05T11:14:38.7570062-03:00" testType="13cdc9d9-ddb5-4fa4-a97d-d965ccfc6d4b" outcome="Passed" testListId="8c84fa94-04c1-424b-9868-57a2d4851a1d" relativeResultsDirectory="09f8d98b-cc51-4c8a-a69a-7ed952731b01" />
    <UnitTestResult executionId="feedb962-c3cf-4406-8d63-db8765fd43e1" testId="098f0f23-2b16-f63c-93f2-22a9383c9932" testName="Transcriba.Tests.Engine.WhisperRuntimeConfiguratorTests.ResolveRuntimeOrder_Cuda_IncludesCpuFallback" computerName="GNIOS-PC" duration="00:00:00.0126998" startTime="2026-07-05T11:14:36.6908243-03:00" endTime="2026-07-05T11:14:36.7156732-03:00" testType="13cdc9d9-ddb5-4fa4-a97d-d965ccfc6d4b" outcome="Passed" testListId="8c84fa94-04c1-424b-9868-57a2d4851a1d" relativeResultsDirectory="feedb962-c3cf-4406-8d63-db8765fd43e1" />
    <UnitTestResult executionId="4ed68603-bbf3-4b35-b1b3-cd5e6feea9d4" testId="afde8964-e155-8da6-93ac-fc01df6c1f77" testName="Transcriba.Tests.ViewModels.ResearchPageViewModelTests.NavigateDashboard_NavigatesToDashboard" computerName="GNIOS-PC" duration="00:00:00.1694271" startTime="2026-07-05T11:14:39.0953152-03:00" endTime="2026-07-05T11:14:39.2649727-03:00" testType="13cdc9d9-ddb5-4fa4-a97d-d965ccfc6d4b" outcome="Passed" testListId="8c84fa94-04c1-424b-9868-57a2d4851a1d" relativeResultsDirectory="4ed68603-bbf3-4b35-b1b3-cd5e6feea9d4" />
    <UnitTestResult executionId="77293c90-614e-4465-9716-fb1440f21407" testId="a9d8e92a-fdad-1d69-5b43-465ffd6a2341" testName="Transcriba.Tests.ViewModels.SpeakerDropdownViewModelTests.WithoutActiveSegment_AssignActionsAreDisabled" computerName="GNIOS-PC" duration="00:00:00.2408379" startTime="2026-07-05T11:14:38.3527812-03:00" endTime="2026-07-05T11:14:38.5944360-03:00" testType="13cdc9d9-ddb5-4fa4-a97d-d965ccfc6d4b" outcome="Passed" testListId="8c84fa94-04c1-424b-9868-57a2d4851a1d" relativeResultsDirectory="77293c90-614e-4465-9716-fb1440f21407" />
    <UnitTestResult executionId="bce2c94e-cc49-4215-badc-8c6f35758a61" testId="a40398a1-7118-eb9a-2312-ab6c6c669008" testName="Transcriba.Tests.Services.ResearchServiceTests.AssignTranscriptionToResearchAsync_LinksTranscriptionToResearch" computerName="GNIOS-PC" duration="00:00:00.2002640" startTime="2026-07-05T11:14:38.3508416-03:00" endTime="2026-07-05T11:14:38.5515917-03:00" testType="13cdc9d9-ddb5-4fa4-a97d-d965ccfc6d4b" outcome="Passed" testListId="8c84fa94-04c1-424b-9868-57a2d4851a1d" relativeResultsDirectory="bce2c94e-cc49-4215-badc-8c6f35758a61" />
    <UnitTestResult executionId="b4189aa7-8ac1-44f9-81f4-763b4ff514bc" testId="96c48d05-4efa-a59d-dd9f-59a9017c7d23" testName="Transcriba.Tests.ViewModels.EditorViewModelTests.MergeSegmentForAsync_MergesExplicitSegmentWithPrevious" computerName="GNIOS-PC" duration="00:00:00.1687306" startTime="2026-07-05T11:14:41.5646645-03:00" endTime="2026-07-05T11:14:41.7336806-03:00" testType="13cdc9d9-ddb5-4fa4-a97d-d965ccfc6d4b" outcome="Passed" testListId="8c84fa94-04c1-424b-9868-57a2d4851a1d" relativeResultsDirectory="b4189aa7-8ac1-44f9-81f4-763b4ff514bc" />
    <UnitTestResult executionId="af3d1e7e-35f7-4721-9ca2-9a8673887be0" testId="a45d28c4-a52f-740d-f0fd-fa72262a6703" testName="Transcriba.Tests.Services.LibraryServiceTests.GetTranscriptions_FiltersByProgressStatus" computerName="GNIOS-PC" duration="00:00:00.0470622" startTime="2026-07-05T11:14:39.1248721-03:00" endTime="2026-07-05T11:14:39.1718564-03:00" testType="13cdc9d9-ddb5-4fa4-a97d-d965ccfc6d4b" outcome="Passed" testListId="8c84fa94-04c1-424b-9868-57a2d4851a1d" relativeResultsDirectory="af3d1e7e-35f7-4721-9ca2-9a8673887be0" />
    <UnitTestResult executionId="a4668b97-4fd1-4e11-9b4a-4c5e44edfe83" testId="edc849c5-6bdc-7b89-4eb2-b0bf8c5f0a29" testName="Transcriba.Tests.ViewModels.SettingsViewModelTests.ChangeDevice_PersistsExecutionDevice" computerName="GNIOS-PC" duration="00:00:00.1982234" startTime="2026-07-05T11:14:38.9568723-03:00" endTime="2026-07-05T11:14:39.1553375-03:00" testType="13cdc9d9-ddb5-4fa4-a97d-d965ccfc6d4b" outcome="Passed" testListId="8c84fa94-04c1-424b-9868-57a2d4851a1d" relativeResultsDirectory="a4668b97-4fd1-4e11-9b4a-4c5e44edfe83" />
    <UnitTestResult executionId="7891af94-3d71-4d6d-8d61-9f477ac1ad59" testId="0bb38b91-154c-e458-a31b-5849ca1b196f" testName="Transcriba.Tests.Engine.TranscriptionQueueServiceTests.Enqueue_WhenEngineSucceeds_UpdatesStatusToDone" computerName="GNIOS-PC" duration="00:00:01.8030914" startTime="2026-07-05T11:14:36.6908368-03:00" endTime="2026-07-05T11:14:38.4655825-03:00" testType="13cdc9d9-ddb5-4fa4-a97d-d965ccfc6d4b" outcome="Failed" testListId="8c84fa94-04c1-424b-9868-57a2d4851a1d" relativeResultsDirectory="7891af94-3d71-4d6d-8d61-9f477ac1ad59">
      <Output>
        <ErrorInfo>
          <Message>Assert.Single() Failure: The collection was empty</Message>
          <StackTrace>   at Transcriba.Tests.Engine.TranscriptionQueueServiceTests.Enqueue_WhenEngineSucceeds_UpdatesStatusToDone() in D:\proj\faster-whisper\tests\Transcriba.Tests\Engine\TranscriptionQueueServiceTests.cs:line 28&#xD;
   at Transcriba.Tests.Engine.TranscriptionQueueServiceTests.Enqueue_WhenEngineSucceeds_UpdatesStatusToDone() in D:\proj\faster-whisper\tests\Transcriba.Tests\Engine\TranscriptionQueueServiceTests.cs:line 29&#xD;
   at Transcriba.Tests.Engine.TranscriptionQueueServiceTests.Enqueue_WhenEngineSucceeds_UpdatesStatusToDone() in D:\proj\faster-whisper\tests\Transcriba.Tests\Engine\TranscriptionQueueServiceTests.cs:line 29&#xD;
--- End of stack trace from previous location ---</StackTrace>
        </ErrorInfo>
      </Output>
    </UnitTestResult>
    <UnitTestResult executionId="cfd51826-24b2-479b-a87b-af50c68e4293" testId="6466ccb9-4ff8-a548-5477-400ce135998c" testName="Transcriba.Tests.Engine.ModelManagerTests.IsModelFileValid_AcceptsFileAboveMinimumSizeWithGgmlMagic" computerName="GNIOS-PC" duration="00:00:00.0227375" startTime="2026-07-05T11:14:36.7300665-03:00" endTime="2026-07-05T11:14:36.7422574-03:00" testType="13cdc9d9-ddb5-4fa4-a97d-d965ccfc6d4b" outcome="Passed" testListId="8c84fa94-04c1-424b-9868-57a2d4851a1d" relativeResultsDirectory="cfd51826-24b2-479b-a87b-af50c68e4293" />
    <UnitTestResult executionId="a99f20aa-a0ee-46f4-9203-4eac36cd8f94" testId="349660bd-e04e-a304-00d1-a97304bab649" testName="Transcriba.Tests.ViewModels.EditorViewModelTests.ExportWithFormat_Srt_CallsExportServiceWithSrtExtension" computerName="GNIOS-PC" duration="00:00:00.1341086" startTime="2026-07-05T11:14:39.8147905-03:00" endTime="2026-07-05T11:14:39.9489988-03:00" testType="13cdc9d9-ddb5-4fa4-a97d-d965ccfc6d4b" outcome="Passed" testListId="8c84fa94-04c1-424b-9868-57a2d4851a1d" relativeResultsDirectory="a99f20aa-a0ee-46f4-9203-4eac36cd8f94" />
    <UnitTestResult executionId="33189272-c9f3-48bf-90d3-4fdc88bf1bbd" testId="72067a6d-8cff-6048-ec37-24e97b3f8e91" testName="Transcriba.Tests.ViewModels.NewPageModalViewModelTests.ConfirmAsync_TranscriptionWithFile_EnqueuesAndNavigatesToDashboard" computerName="GNIOS-PC" duration="00:00:00.2123247" startTime="2026-07-05T11:14:38.7386792-03:00" endTime="2026-07-05T11:14:38.9516969-03:00" testType="13cdc9d9-ddb5-4fa4-a97d-d965ccfc6d4b" outcome="Passed" testListId="8c84fa94-04c1-424b-9868-57a2d4851a1d" relativeResultsDirectory="33189272-c9f3-48bf-90d3-4fdc88bf1bbd" />
    <UnitTestResult executionId="b8964c30-65ec-4ccb-aff4-74bd619e5f7f" testId="3b90ef66-ec1a-ac34-06d2-f92dce184a5e" testName="Transcriba.Tests.Data.DbBootstrapperTests.AddTranscribaDatabase_CreatesDirectory_MigratesSchema_AndSharesDataAcrossContextsFromSameFactory" computerName="GNIOS-PC" duration="00:00:00.1513720" startTime="2026-07-05T11:14:38.0864611-03:00" endTime="2026-07-05T11:14:38.2383434-03:00" testType="13cdc9d9-ddb5-4fa4-a97d-d965ccfc6d4b" outcome="Passed" testListId="8c84fa94-04c1-424b-9868-57a2d4851a1d" relativeResultsDirectory="b8964c30-65ec-4ccb-aff4-74bd619e5f7f" />
    <UnitTestResult executionId="5f58f8ec-6edb-47a7-b050-4299024e0a5e" testId="6f455ff4-53b4-68c9-95ec-873256111f3c" testName="Transcriba.Tests.Engine.TranscriptionQueueServiceTests.Enqueue_WhenEngineThrows_UpdatesStatusToError" computerName="GNIOS-PC" duration="00:00:00.0953565" startTime="2026-07-05T11:14:39.9996386-03:00" endTime="2026-07-05T11:14:40.0941629-03:00" testType="13cdc9d9-ddb5-4fa4-a97d-d965ccfc6d4b" outcome="Passed" testListId="8c84fa94-04c1-424b-9868-57a2d4851a1d" relativeResultsDirectory="5f58f8ec-6edb-47a7-b050-4299024e0a5e" />
    <UnitTestResult executionId="187daa6e-1cc3-4720-a41c-9e9eb32de0b9" testId="d7d22f5a-e965-b80f-ef5f-6474b6c78760" testName="Transcriba.Tests.Services.SegmentEditingServiceTests.SplitAtCaret_ReturnsNullWhenAfterPartWouldBeEmpty" computerName="GNIOS-PC" duration="00:00:00.0002398" startTime="2026-07-05T11:14:36.7434512-03:00" endTime="2026-07-05T11:14:36.7435104-03:00" testType="13cdc9d9-ddb5-4fa4-a97d-d965ccfc6d4b" outcome="Passed" testListId="8c84fa94-04c1-424b-9868-57a2d4851a1d" relativeResultsDirectory="187daa6e-1cc3-4720-a41c-9e9eb32de0b9" />
    <UnitTestResult executionId="97ad006f-6ef7-41f1-a3d5-fa68bb5941d7" testId="b74a10d3-90ac-3159-fd32-dc145d7fbd6e" testName="Transcriba.Tests.ViewModels.EditorPlaybackIntegrationTests.SegmentClick_SeeksPlayerToSegmentStart" computerName="GNIOS-PC" duration="00:00:00.2221493" startTime="2026-07-05T11:14:38.7609987-03:00" endTime="2026-07-05T11:14:38.9834189-03:00" testType="13cdc9d9-ddb5-4fa4-a97d-d965ccfc6d4b" outcome="Passed" testListId="8c84fa94-04c1-424b-9868-57a2d4851a1d" relativeResultsDirectory="97ad006f-6ef7-41f1-a3d5-fa68bb5941d7" />
    <UnitTestResult executionId="d70906f0-324f-4980-8033-baf8b41db01c" testId="6af7ce94-dab1-9dab-d910-1ac8e3e85cc3" testName="Transcriba.Tests.Engine.ModelManagerTests.IsModelFileValid_RejectsLargeFileWithoutGgmlMagic" computerName="GNIOS-PC" duration="00:00:00.0012699" startTime="2026-07-05T11:14:36.7459075-03:00" endTime="2026-07-05T11:14:36.7459533-03:00" testType="13cdc9d9-ddb5-4fa4-a97d-d965ccfc6d4b" outcome="Passed" testListId="8c84fa94-04c1-424b-9868-57a2d4851a1d" relativeResultsDirectory="d70906f0-324f-4980-8033-baf8b41db01c" />
    <UnitTestResult executionId="c798f502-4c83-4b5d-ac6e-b15b6ef2d2e9" testId="bd1923a0-4ecb-9763-544f-45923109a1b9" testName="Transcriba.Tests.ViewModels.ResearchPageViewModelTests.AddTranscription_NavigatesToUploadWithResearchId" computerName="GNIOS-PC" duration="00:00:00.3107749" startTime="2026-07-05T11:14:38.3819091-03:00" endTime="2026-07-05T11:14:38.6919864-03:00" testType="13cdc9d9-ddb5-4fa4-a97d-d965ccfc6d4b" outcome="Passed" testListId="8c84fa94-04c1-424b-9868-57a2d4851a1d" relativeResultsDirectory="c798f502-4c83-4b5d-ac6e-b15b6ef2d2e9" />
    <UnitTestResult executionId="1ff6a4cb-fe7a-4e84-b23a-1e7c5de4ca8f" testId="e7b396f4-d439-d16c-c7d6-9b3d3654a45c" testName="Transcriba.Tests.ViewModels.RecordingViewModelTests.PauseRecording_StopsTimerButKeepsWaveformState" computerName="GNIOS-PC" duration="00:00:00.1207729" startTime="2026-07-05T11:14:38.3495035-03:00" endTime="2026-07-05T11:14:38.4672614-03:00" testType="13cdc9d9-ddb5-4fa4-a97d-d965ccfc6d4b" outcome="Passed" testListId="8c84fa94-04c1-424b-9868-57a2d4851a1d" relativeResultsDirectory="1ff6a4cb-fe7a-4e84-b23a-1e7c5de4ca8f" />
    <UnitTestResult executionId="44aef746-3353-438b-bb07-9cc3033b534f" testId="a5bf0b1a-d51c-b9fc-b2be-6d1343368b49" testName="Transcriba.Tests.Services.SegmentEditingServiceTests.SplitAtCaret_ReturnsNullWhenWhitespaceOnlyPartRemainsAfterTrim" computerName="GNIOS-PC" duration="00:00:00.0001439" startTime="2026-07-05T11:14:36.7242223-03:00" endTime="2026-07-05T11:14:36.7242705-03:00" testType="13cdc9d9-ddb5-4fa4-a97d-d965ccfc6d4b" outcome="Passed" testListId="8c84fa94-04c1-424b-9868-57a2d4851a1d" relativeResultsDirectory="44aef746-3353-438b-bb07-9cc3033b534f" />
    <UnitTestResult executionId="e2dd8d8f-6bf1-49c4-b438-6cd4b280b43b" testId="bdb527ba-e941-0f03-2550-a4c4f20a6384" testName="Transcriba.Tests.ViewModels.ResearchPageViewModelTests.DeleteTranscription_Cancelled_KeepsTranscription" computerName="GNIOS-PC" duration="00:00:00.1356973" startTime="2026-07-05T11:14:39.2651948-03:00" endTime="2026-07-05T11:14:39.4012916-03:00" testType="13cdc9d9-ddb5-4fa4-a97d-d965ccfc6d4b" outcome="Passed" testListId="8c84fa94-04c1-424b-9868-57a2d4851a1d" relativeResultsDirectory="e2dd8d8f-6bf1-49c4-b438-6cd4b280b43b" />
    <UnitTestResult executionId="a9a5ed51-115c-4af8-a46c-c30e9499f7f6" testId="0d98fb55-7470-792e-445f-70db12a0779f" testName="Transcriba.Tests.Services.SegmentEditingServiceTests.SplitAtCaret_SplitsTextAtCaretPosition" computerName="GNIOS-PC" duration="00:00:00.0038237" startTime="2026-07-05T11:14:36.7315059-03:00" endTime="2026-07-05T11:14:36.7352778-03:00" testType="13cdc9d9-ddb5-4fa4-a97d-d965ccfc6d4b" outcome="Failed" testListId="8c84fa94-04c1-424b-9868-57a2d4851a1d" relativeResultsDirectory="a9a5ed51-115c-4af8-a46c-c30e9499f7f6">
      <Output>
        <ErrorInfo>
          <Message>Assert.Equal() Failure: Values differ&#xD;
Expected: 0&#xD;
Actual:   2,2727272727272725</Message>
          <StackTrace>   at Transcriba.Tests.Services.SegmentEditingServiceTests.SplitAtCaret_SplitsTextAtCaretPosition() in D:\proj\faster-whisper\tests\Transcriba.Tests\Services\SegmentEditingServiceTests.cs:line 66&#xD;
   at System.Reflection.MethodBaseInvoker.InterpretedInvoke_Method(Object obj, IntPtr* args)&#xD;
   at System.Reflection.MethodBaseInvoker.InvokeWithNoArgs(Object obj, BindingFlags invokeAttr)</StackTrace>
        </ErrorInfo>
      </Output>
    </UnitTestResult>
    <UnitTestResult executionId="62353a03-c95a-43a5-b2a6-cace842a3f30" testId="dd796419-d100-df73-3715-67d6884caa2f" testName="Transcriba.Tests.Services.ExportServiceTests.ExportVttAsync_WritesWebVttWithSpeakerPrefix" computerName="GNIOS-PC" duration="00:00:00.1607454" startTime="2026-07-05T11:14:38.1385670-03:00" endTime="2026-07-05T11:14:38.2998050-03:00" testType="13cdc9d9-ddb5-4fa4-a97d-d965ccfc6d4b" outcome="Passed" testListId="8c84fa94-04c1-424b-9868-57a2d4851a1d" relativeResultsDirectory="62353a03-c95a-43a5-b2a6-cace842a3f30" />
    <UnitTestResult executionId="e633a1cd-caee-450a-b6b4-40d54383866d" testId="9e94761d-081b-8c39-bea9-019c4959d41a" testName="Transcriba.Tests.Services.NavigationServiceTests.NavigateTo_ResolvesCorrectViewModelPerScreenKey" computerName="GNIOS-PC" duration="00:00:01.5510039" startTime="2026-07-05T11:14:36.6906241-03:00" endTime="2026-07-05T11:14:38.2099977-03:00" testType="13cdc9d9-ddb5-4fa4-a97d-d965ccfc6d4b" outcome="Passed" testListId="8c84fa94-04c1-424b-9868-57a2d4851a1d" relativeResultsDirectory="e633a1cd-caee-450a-b6b4-40d54383866d" />
    <UnitTestResult executionId="977c9714-6ecb-4fa0-bcbf-262a42011950" testId="85b9ab06-90b7-0199-3636-dc4ba388e069" testName="Transcriba.Tests.Services.SettingsServiceTests.UpdateAsync_PersistsPartialChangesWithoutOverwritingOtherFields" computerName="GNIOS-PC" duration="00:00:01.4223818" startTime="2026-07-05T11:14:36.7449797-03:00" endTime="2026-07-05T11:14:38.1371543-03:00" testType="13cdc9d9-ddb5-4fa4-a97d-d965ccfc6d4b" outcome="Passed" testListId="8c84fa94-04c1-424b-9868-57a2d4851a1d" relativeResultsDirectory="977c9714-6ecb-4fa0-bcbf-262a42011950" />
    <UnitTestResult executionId="f30c4297-1a47-48f9-b2d1-a5abfd949261" testId="908f4ea0-55ed-85a2-c8d7-9688ed42a224" testName="Transcriba.Tests.ViewModels.EditorViewModelTests.MergeSegment_PersistsMergedTimeRangeCoveringBothSegments" computerName="GNIOS-PC" duration="00:00:00.1975355" startTime="2026-07-05T11:14:40.4069054-03:00" endTime="2026-07-05T11:14:40.6046682-03:00" testType="13cdc9d9-ddb5-4fa4-a97d-d965ccfc6d4b" outcome="Passed" testListId="8c84fa94-04c1-424b-9868-57a2d4851a1d" relativeResultsDirectory="f30c4297-1a47-48f9-b2d1-a5abfd949261" />
    <UnitTestResult executionId="806d4639-ac25-42eb-a08b-c42a82c657b5" testId="562131e7-601d-7ce4-13af-3c7d4de205f8" testName="Transcriba.Tests.Services.MediaStorageServiceTests.DeleteMedia_RemovesTranscriptionFolder" computerName="GNIOS-PC" duration="00:00:00.0153834" startTime="2026-07-05T11:14:37.7231119-03:00" endTime="2026-07-05T11:14:37.7385587-03:00" testType="13cdc9d9-ddb5-4fa4-a97d-d965ccfc6d4b" outcome="Passed" testListId="8c84fa94-04c1-424b-9868-57a2d4851a1d" relativeResultsDirectory="806d4639-ac25-42eb-a08b-c42a82c657b5" />
    <UnitTestResult executionId="b361acd2-2693-4e24-a895-b62cf830548f" testId="6fc66fc7-311e-40e3-4f1f-73bedb0ea9ed" testName="Transcriba.Tests.Engine.TranscriptionQueueServiceTests.Startup_WhenOrphanInProgressExists_MarksAsErrorInterrompida" computerName="GNIOS-PC" duration="00:00:00.3726303" startTime="2026-07-05T11:14:39.6269515-03:00" endTime="2026-07-05T11:14:39.9983425-03:00" testType="13cdc9d9-ddb5-4fa4-a97d-d965ccfc6d4b" outcome="Passed" testListId="8c84fa94-04c1-424b-9868-57a2d4851a1d" relativeResultsDirectory="b361acd2-2693-4e24-a895-b62cf830548f" />
    <UnitTestResult executionId="b90247f5-b8d6-48a2-9acd-0c73da5a6c48" testId="4009c984-137e-9fc9-b169-a414b5e9e47d" testName="Transcriba.Tests.Engine.TranscriptionQueueServiceTests.Enqueue_TwoJobs_ProcessesSeriallyNeverConcurrently" computerName="GNIOS-PC" duration="00:00:00.7451098" startTime="2026-07-05T11:14:38.8797802-03:00" endTime="2026-07-05T11:14:39.6251072-03:00" testType="13cdc9d9-ddb5-4fa4-a97d-d965ccfc6d4b" outcome="Passed" testListId="8c84fa94-04c1-424b-9868-57a2d4851a1d" relativeResultsDirectory="b90247f5-b8d6-48a2-9acd-0c73da5a6c48" />
    <UnitTestResult executionId="20cdac82-3434-476e-8412-c13dfb4136af" testId="f34fe174-cc6e-3fad-b0de-c64c448de369" testName="Transcriba.Tests.Services.ResearchServiceTests.AssignTranscriptionToResearchAsync_WithUnknownResearch_Throws" computerName="GNIOS-PC" duration="00:00:00.0921035" startTime="2026-07-05T11:14:38.6423858-03:00" endTime="2026-07-05T11:14:38.7342595-03:00" testType="13cdc9d9-ddb5-4fa4-a97d-d965ccfc6d4b" outcome="Passed" testListId="8c84fa94-04c1-424b-9868-57a2d4851a1d" relativeResultsDirectory="20cdac82-3434-476e-8412-c13dfb4136af" />
    <UnitTestResult executionId="0c69f12a-cb70-400d-90de-62dab7e56d38" testId="098d2f66-1a34-409f-0a10-6b261342cc2e" testName="Transcriba.Tests.ViewModels.DashboardViewModelTests.OpenTranscription_NavigatesToEditorWithTranscriptionId" computerName="GNIOS-PC" duration="00:00:00.1319919" startTime="2026-07-05T11:14:39.9199486-03:00" endTime="2026-07-05T11:14:40.0521084-03:00" testType="13cdc9d9-ddb5-4fa4-a97d-d965ccfc6d4b" outcome="Passed" testListId="8c84fa94-04c1-424b-9868-57a2d4851a1d" relativeResultsDirectory="0c69f12a-cb70-400d-90de-62dab7e56d38" />
    <UnitTestResult executionId="f5e6681a-4f7e-4903-baa8-70f0f68f1e1c" testId="584b336d-75b4-9927-d81f-6307405c0035" testName="Transcriba.Tests.Services.SegmentEditingServiceTests.GetActiveSegment_ReturnsLastSegmentWithStartLessOrEqualPosition" computerName="GNIOS-PC" duration="00:00:00.0010299" startTime="2026-07-05T11:14:36.7431564-03:00" endTime="2026-07-05T11:14:36.7432598-03:00" testType="13cdc9d9-ddb5-4fa4-a97d-d965ccfc6d4b" outcome="Passed" testListId="8c84fa94-04c1-424b-9868-57a2d4851a1d" relativeResultsDirectory="f5e6681a-4f7e-4903-baa8-70f0f68f1e1c" />
    <UnitTestResult executionId="c7b6b63f-65db-40e5-95a2-8eb4a155839e" testId="5729c6ae-2b98-751f-3843-626e9a2fbf9f" testName="Transcriba.Tests.ViewModels.ResearchPageViewModelTests.DeleteResearch_Confirmed_DissociatesTranscriptionsAndNavigatesToDashboard" computerName="GNIOS-PC" duration="00:00:00.1756845" startTime="2026-07-05T11:14:39.7391745-03:00" endTime="2026-07-05T11:14:39.9150182-03:00" testType="13cdc9d9-ddb5-4fa4-a97d-d965ccfc6d4b" outcome="Passed" testListId="8c84fa94-04c1-424b-9868-57a2d4851a1d" relativeResultsDirectory="c7b6b63f-65db-40e5-95a2-8eb4a155839e" />
    <UnitTestResult executionId="217addfa-fcca-4974-917b-ca6d80ecd6fa" testId="e0b9f2a9-0c61-95d9-fa99-02d1094d78bb" testName="Transcriba.Tests.Catalogs.IconCatalogTests.TransIcons_HasExpectedCountAndIsNotEmpty" computerName="GNIOS-PC" duration="00:00:00.0002005" startTime="2026-07-05T11:14:38.4893917-03:00" endTime="2026-07-05T11:14:38.4894740-03:00" testType="13cdc9d9-ddb5-4fa4-a97d-d965ccfc6d4b" outcome="Passed" testListId="8c84fa94-04c1-424b-9868-57a2d4851a1d" relativeResultsDirectory="217addfa-fcca-4974-917b-ca6d80ecd6fa" />
    <UnitTestResult executionId="fb7de1f1-be4e-4558-a274-9f17c0cc9ec1" testId="ae44e7cc-6aa0-d970-207e-4e6c289e7ec7" testName="Transcriba.Tests.ViewModels.EditorViewModelTests.Initialize_Done_LoadsSegments" computerName="GNIOS-PC" duration="00:00:00.1235690" startTime="2026-07-05T11:14:39.0769318-03:00" endTime="2026-07-05T11:14:39.1997877-03:00" testType="13cdc9d9-ddb5-4fa4-a97d-d965ccfc6d4b" outcome="Passed" testListId="8c84fa94-04c1-424b-9868-57a2d4851a1d" relativeResultsDirectory="fb7de1f1-be4e-4558-a274-9f17c0cc9ec1" />
    <UnitTestResult executionId="055e627a-2817-4c16-a8d5-0387208f5aa5" testId="b19e2b24-515c-9f44-b75e-1af7e3aa37ec" testName="Transcriba.Tests.Engine.WhisperRuntimeConfiguratorTests.ResolveRuntimeOrder_Auto_IncludesCpuFallback" computerName="GNIOS-PC" duration="00:00:00.0019901" startTime="2026-07-05T11:14:36.7239773-03:00" endTime="2026-07-05T11:14:36.7257667-03:00" testType="13cdc9d9-ddb5-4fa4-a97d-d965ccfc6d4b" outcome="Passed" testListId="8c84fa94-04c1-424b-9868-57a2d4851a1d" relativeResultsDirectory="055e627a-2817-4c16-a8d5-0387208f5aa5" />
    <UnitTestResult executionId="2a558daa-3d09-4b19-9256-5db7d2a68451" testId="02b495df-eaf1-80d4-a5a9-24615c82fc2a" testName="Transcriba.Tests.ViewModels.DashboardViewModelTests.DeleteTranscription_Cancelled_KeepsTranscription" computerName="GNIOS-PC" duration="00:00:00.2211529" startTime="2026-07-05T11:14:38.7354744-03:00" endTime="2026-07-05T11:14:38.9569322-03:00" testType="13cdc9d9-ddb5-4fa4-a97d-d965ccfc6d4b" outcome="Passed" testListId="8c84fa94-04c1-424b-9868-57a2d4851a1d" relativeResultsDirectory="2a558daa-3d09-4b19-9256-5db7d2a68451" />
    <UnitTestResult executionId="bcb56850-7f56-41e0-aafc-5b7a44c30b3c" testId="2e15a658-0078-3e93-a6c9-3abef5026680" testName="Transcriba.Tests.Catalogs.IconCatalogTests.PageIcons_HasExpectedCountAndIsNotEmpty" computerName="GNIOS-PC" duration="00:00:00.0005203" startTime="2026-07-05T11:14:38.4729402-03:00" endTime="2026-07-05T11:14:38.4733668-03:00" testType="13cdc9d9-ddb5-4fa4-a97d-d965ccfc6d4b" outcome="Passed" testListId="8c84fa94-04c1-424b-9868-57a2d4851a1d" relativeResultsDirectory="bcb56850-7f56-41e0-aafc-5b7a44c30b3c" />
    <UnitTestResult executionId="2cb0f839-e0ab-4d3c-b49e-6e8235f33a0d" testId="2b067ad9-4a82-2c84-6681-3b39e190a43d" testName="Transcriba.Tests.Catalogs.TagColorCatalogTests.GetColor_KnownTag_ReturnsMappedColor" computerName="GNIOS-PC" duration="00:00:00.0001351" startTime="2026-07-05T11:14:36.7153459-03:00" endTime="2026-07-05T11:14:36.7155367-03:00" testType="13cdc9d9-ddb5-4fa4-a97d-d965ccfc6d4b" outcome="Passed" testListId="8c84fa94-04c1-424b-9868-57a2d4851a1d" relativeResultsDirectory="2cb0f839-e0ab-4d3c-b49e-6e8235f33a0d" />
    <UnitTestResult executionId="b3b2242b-75b6-4e0d-9515-b9b3a165a14a" testId="52282dfb-0fa3-84d9-ebce-1b3cae2f16df" testName="Transcriba.Tests.Services.SegmentEditingServiceTests.MergeWithPrevious_ConcatenatesActiveIntoPreviousWithSpace" computerName="GNIOS-PC" duration="00:00:00.0002695" startTime="2026-07-05T11:14:36.7436786-03:00" endTime="2026-07-05T11:14:36.7438123-03:00" testType="13cdc9d9-ddb5-4fa4-a97d-d965ccfc6d4b" outcome="Passed" testListId="8c84fa94-04c1-424b-9868-57a2d4851a1d" relativeResultsDirectory="b3b2242b-75b6-4e0d-9515-b9b3a165a14a" />
    <UnitTestResult executionId="46c91bde-5ee3-409a-b15b-82b49713b34d" testId="1f13aa5b-6a94-715a-fca3-d00f83fc63c7" testName="Transcriba.Tests.Engine.ModelManagerTests.IsModelFileValid_RejectsPartialDownload" computerName="GNIOS-PC" duration="00:00:00.0021170" startTime="2026-07-05T11:14:36.7463334-03:00" endTime="2026-07-05T11:14:36.7463608-03:00" testType="13cdc9d9-ddb5-4fa4-a97d-d965ccfc6d4b" outcome="Passed" testListId="8c84fa94-04c1-424b-9868-57a2d4851a1d" relativeResultsDirectory="46c91bde-5ee3-409a-b15b-82b49713b34d" />
    <UnitTestResult executionId="dd71bde1-0e10-4fd4-be47-96d6f2f6a71c" testId="d3111058-d837-5371-fa0c-f1434bd3480f" testName="Transcriba.Tests.Catalogs.TagColorCatalogTests.GetColor_UnknownTag_FallsBackToBlue" computerName="GNIOS-PC" duration="00:00:00.0050208" startTime="2026-07-05T11:14:36.6908117-03:00" endTime="2026-07-05T11:14:36.7021303-03:00" testType="13cdc9d9-ddb5-4fa4-a97d-d965ccfc6d4b" outcome="Passed" testListId="8c84fa94-04c1-424b-9868-57a2d4851a1d" relativeResultsDirectory="dd71bde1-0e10-4fd4-be47-96d6f2f6a71c" />
    <UnitTestResult executionId="c904dbee-02a2-43e9-b555-452a02748bc0" testId="dfa3ac89-5853-96a0-4caa-28230bab8333" testName="Transcriba.Tests.ViewModels.RecordingViewModelTests.StartRecording_IncrementsTimerOnTicks" computerName="GNIOS-PC" duration="00:00:01.2308003" startTime="2026-07-05T11:14:36.6907815-03:00" endTime="2026-07-05T11:14:37.8898281-03:00" testType="13cdc9d9-ddb5-4fa4-a97d-d965ccfc6d4b" outcome="Passed" testListId="8c84fa94-04c1-424b-9868-57a2d4851a1d" relativeResultsDirectory="c904dbee-02a2-43e9-b555-452a02748bc0" />
    <UnitTestResult executionId="ff76d6cf-b593-4fd0-b041-1068d37e8cd5" testId="1969d369-4194-6249-9a01-53b56ff0a2d2" testName="Transcriba.Tests.Services.LibraryServiceTests.UpdateTranscriptionTagsAsync_ReplacesExistingTagsWithNewSet" computerName="GNIOS-PC" duration="00:00:00.1182173" startTime="2026-07-05T11:14:39.0065201-03:00" endTime="2026-07-05T11:14:39.1246926-03:00" testType="13cdc9d9-ddb5-4fa4-a97d-d965ccfc6d4b" outcome="Passed" testListId="8c84fa94-04c1-424b-9868-57a2d4851a1d" relativeResultsDirectory="ff76d6cf-b593-4fd0-b041-1068d37e8cd5" />
    <UnitTestResult executionId="b0f71963-1ec7-4492-8813-3783e465be61" testId="329ea4c8-2987-d1e7-620d-3eebbb9428bd" testName="Transcriba.Tests.UnitTest1.Test1" computerName="GNIOS-PC" duration="00:00:00.0001447" startTime="2026-07-05T11:14:36.7296754-03:00" endTime="2026-07-05T11:14:36.7298991-03:00" testType="13cdc9d9-ddb5-4fa4-a97d-d965ccfc6d4b" outcome="Passed" testListId="8c84fa94-04c1-424b-9868-57a2d4851a1d" relativeResultsDirectory="b0f71963-1ec7-4492-8813-3783e465be61" />
    <UnitTestResult executionId="dbc1678e-1558-436a-8171-714ad8bea035" testId="48ae3583-81cd-d5aa-f0b7-745c491383a1" testName="Transcriba.Tests.Services.SegmentEditingServiceTests.MergeWithPrevious_ExtendsPreviousEndToActiveEnd" computerName="GNIOS-PC" duration="00:00:00.0042259" startTime="2026-07-05T11:14:36.7257356-03:00" endTime="2026-07-05T11:14:36.7314112-03:00" testType="13cdc9d9-ddb5-4fa4-a97d-d965ccfc6d4b" outcome="Passed" testListId="8c84fa94-04c1-424b-9868-57a2d4851a1d" relativeResultsDirectory="dbc1678e-1558-436a-8171-714ad8bea035" />
    <UnitTestResult executionId="92a7bb9e-4305-4396-b373-2e27e946e353" testId="fdeca533-9117-3d20-7afd-94d6d7490709" testName="Transcriba.Tests.ViewModels.EditorViewModelTests.StatusChanged_Done_LoadsSegmentsWithoutManualReload" computerName="GNIOS-PC" duration="00:00:00.1808480" startTime="2026-07-05T11:14:40.7183650-03:00" endTime="2026-07-05T11:14:40.8995273-03:00" testType="13cdc9d9-ddb5-4fa4-a97d-d965ccfc6d4b" outcome="Passed" testListId="8c84fa94-04c1-424b-9868-57a2d4851a1d" relativeResultsDirectory="92a7bb9e-4305-4396-b373-2e27e946e353" />
    <UnitTestResult executionId="489c6f2b-051b-4495-bede-e9e97dbbe61c" testId="081c2be9-d3c0-e2be-8891-5b66ec85e7c5" testName="Transcriba.Tests.ViewModels.SettingsViewModelTests.ToggleIdentifySpeakers_PersistsPreference" computerName="GNIOS-PC" duration="00:00:00.1632610" startTime="2026-07-05T11:14:38.7933070-03:00" endTime="2026-07-05T11:14:38.9566423-03:00" testType="13cdc9d9-ddb5-4fa4-a97d-d965ccfc6d4b" outcome="Passed" testListId="8c84fa94-04c1-424b-9868-57a2d4851a1d" relativeResultsDirectory="489c6f2b-051b-4495-bede-e9e97dbbe61c" />
    <UnitTestResult executionId="202051f4-0ab6-4a72-88b1-d63153b3d6c4" testId="8ac0b27d-0e86-47f8-e79d-0602c9ffb72e" testName="Transcriba.Tests.Services.SpeakerServiceTests.RenameSpeakerAsync_WithEmptyName_LeavesSpeakerUnchanged" computerName="GNIOS-PC" duration="00:00:01.4345533" startTime="2026-07-05T11:14:36.6908518-03:00" endTime="2026-07-05T11:14:38.0934450-03:00" testType="13cdc9d9-ddb5-4fa4-a97d-d965ccfc6d4b" outcome="Passed" testListId="8c84fa94-04c1-424b-9868-57a2d4851a1d" relativeResultsDirectory="202051f4-0ab6-4a72-88b1-d63153b3d6c4" />
    <UnitTestResult executionId="dc81407c-bc7d-4e00-8a0c-15c8c14ab4df" testId="d2895992-5515-3fb9-f93f-f35860b8f6d1" testName="Transcriba.Tests.ViewModels.SidebarViewModelTests.DeleteResearch_FromOpenResearchPage_NavigatesToDashboard" computerName="GNIOS-PC" duration="00:00:00.1520245" startTime="2026-07-05T11:14:38.7976054-03:00" endTime="2026-07-05T11:14:38.9478754-03:00" testType="13cdc9d9-ddb5-4fa4-a97d-d965ccfc6d4b" outcome="Passed" testListId="8c84fa94-04c1-424b-9868-57a2d4851a1d" relativeResultsDirectory="dc81407c-bc7d-4e00-8a0c-15c8c14ab4df" />
    <UnitTestResult executionId="403be99c-b951-43ca-9014-43f653ecf059" testId="ea7d6a42-2582-dbe9-c701-fce3d9edac2a" testName="Transcriba.Tests.ViewModels.ResearchPageViewModelTests.NavigationParameter_ResearchId_LoadsHeaderAndTranscriptions" computerName="GNIOS-PC" duration="00:00:00.2201969" startTime="2026-07-05T11:14:38.6922200-03:00" endTime="2026-07-05T11:14:38.9193951-03:00" testType="13cdc9d9-ddb5-4fa4-a97d-d965ccfc6d4b" outcome="Passed" testListId="8c84fa94-04c1-424b-9868-57a2d4851a1d" relativeResultsDirectory="403be99c-b951-43ca-9014-43f653ecf059" />
    <UnitTestResult executionId="a873a83b-eba7-4a55-a6ac-eb2da391320f" testId="3a84e18a-78d3-ff58-a4b8-f6935ca2203f" testName="Transcriba.Tests.Engine.SilenceSplitterTests.SplitBySilence_WithAllSilence_ReturnsSingleFallbackChunk" computerName="GNIOS-PC" duration="00:00:00.0006064" startTime="2026-07-05T11:14:36.7299529-03:00" endTime="2026-07-05T11:14:36.7302032-03:00" testType="13cdc9d9-ddb5-4fa4-a97d-d965ccfc6d4b" outcome="Passed" testListId="8c84fa94-04c1-424b-9868-57a2d4851a1d" relativeResultsDirectory="a873a83b-eba7-4a55-a6ac-eb2da391320f" />
    <UnitTestResult executionId="5bde96ec-5fc1-443b-beaa-b619f9194e68" testId="45243844-aef8-91fb-bb22-039a7efdd8a6" testName="Transcriba.Tests.Services.SettingsServiceTests.GetAsync_CreatesDefaultsWhenMissing" computerName="GNIOS-PC" duration="00:00:00.1003464" startTime="2026-07-05T11:14:38.1373916-03:00" endTime="2026-07-05T11:14:38.2377334-03:00" testType="13cdc9d9-ddb5-4fa4-a97d-d965ccfc6d4b" outcome="Passed" testListId="8c84fa94-04c1-424b-9868-57a2d4851a1d" relativeResultsDirectory="5bde96ec-5fc1-443b-beaa-b619f9194e68" />
    <UnitTestResult executionId="8cd7a894-4a66-4f7f-9e68-d23fe2cc6282" testId="e39e7fe2-43a7-57ef-4b57-2ac8cbc86a16" testName="Transcriba.Tests.ViewModels.EditorViewModelTests.SplitSegment_UsesFocusedSegmentCaret_NotPlaybackActiveSegment" computerName="GNIOS-PC" duration="00:00:00.2062110" startTime="2026-07-05T11:14:39.2000090-03:00" endTime="2026-07-05T11:14:39.4062513-03:00" testType="13cdc9d9-ddb5-4fa4-a97d-d965ccfc6d4b" outcome="Passed" testListId="8c84fa94-04c1-424b-9868-57a2d4851a1d" relativeResultsDirectory="8cd7a894-4a66-4f7f-9e68-d23fe2cc6282" />
    <UnitTestResult executionId="17b52191-fbe1-4713-a933-2c7b10c95425" testId="94be4da9-c48c-cdc3-0088-8d2a0bab918a" testName="Transcriba.Tests.Services.LibraryServiceTests.GetTranscriptions_ReturnsSummaryFields" computerName="GNIOS-PC" duration="00:00:00.0900000" startTime="2026-07-05T11:14:38.6317116-03:00" endTime="2026-07-05T11:14:38.7215753-03:00" testType="13cdc9d9-ddb5-4fa4-a97d-d965ccfc6d4b" outcome="Passed" testListId="8c84fa94-04c1-424b-9868-57a2d4851a1d" relativeResultsDirectory="17b52191-fbe1-4713-a933-2c7b10c95425" />
    <UnitTestResult executionId="48cfa61a-1032-4f28-ad13-42c60b1c5cae" testId="b1d36f8d-2f77-6beb-fce4-79380efb7b99" testName="Transcriba.Tests.Services.MediaStorageServiceTests.DeleteMedia_DoesNotThrowWhenFolderMissing" computerName="GNIOS-PC" duration="00:00:00.0016050" startTime="2026-07-05T11:14:37.7565976-03:00" endTime="2026-07-05T11:14:37.7580216-03:00" testType="13cdc9d9-ddb5-4fa4-a97d-d965ccfc6d4b" outcome="Passed" testListId="8c84fa94-04c1-424b-9868-57a2d4851a1d" relativeResultsDirectory="48cfa61a-1032-4f28-ad13-42c60b1c5cae" />
    <UnitTestResult executionId="2faca2f4-1083-4016-9fb0-67df4fee846b" testId="c7aa0e89-ec72-f25b-a611-0d5aaa6eb244" testName="Transcriba.Tests.Engine.SilenceSplitterTests.SplitBySilence_WithEmptyAudio_ReturnsEmptyList" computerName="GNIOS-PC" duration="00:00:00.0080103" startTime="2026-07-05T11:14:36.6906994-03:00" endTime="2026-07-05T11:14:36.6947426-03:00" testType="13cdc9d9-ddb5-4fa4-a97d-d965ccfc6d4b" outcome="Passed" testListId="8c84fa94-04c1-424b-9868-57a2d4851a1d" relativeResultsDirectory="2faca2f4-1083-4016-9fb0-67df4fee846b" />
    <UnitTestResult executionId="c53e7e5e-cacb-4cfc-b8ea-5487803c0e1f" testId="ebd79b91-7a73-6f6c-37e3-7dffca7e2a9f" testName="Transcriba.Tests.Engine.ChunkPlannerTests.CalculateParallelLimits_AlwaysSerializesNativeDecoding(device: Auto)" computerName="GNIOS-PC" duration="00:00:00.0005125" startTime="2026-07-05T11:14:36.7304213-03:00" endTime="2026-07-05T11:14:36.7304520-03:00" testType="13cdc9d9-ddb5-4fa4-a97d-d965ccfc6d4b" outcome="Passed" testListId="8c84fa94-04c1-424b-9868-57a2d4851a1d" relativeResultsDirectory="c53e7e5e-cacb-4cfc-b8ea-5487803c0e1f" />
    <UnitTestResult executionId="d93c4427-3b2f-4f5f-b7ab-b75a44822169" testId="4442c2b6-7136-1552-8c7f-8b931140426d" testName="Transcriba.Tests.Engine.FfmpegLocatorTests.EnsureFfmpeg_WhenNotFound_ThrowsFfmpegNotFoundException" computerName="GNIOS-PC" duration="00:00:00.0029223" startTime="2026-07-05T11:14:38.3506032-03:00" endTime="2026-07-05T11:14:38.3520095-03:00" testType="13cdc9d9-ddb5-4fa4-a97d-d965ccfc6d4b" outcome="Passed" testListId="8c84fa94-04c1-424b-9868-57a2d4851a1d" relativeResultsDirectory="d93c4427-3b2f-4f5f-b7ab-b75a44822169" />
    <UnitTestResult executionId="9292fa77-7c05-4370-9555-5182bd2c62f6" testId="8e9d8e52-db0c-ac3a-7092-d4229440c019" testName="Transcriba.Tests.ViewModels.EditorPlaybackIntegrationTests.PlaybackPositionUpdate_RaisesScrollToActiveSegment" computerName="GNIOS-PC" duration="00:00:00.4099724" startTime="2026-07-05T11:14:38.0447301-03:00" endTime="2026-07-05T11:14:38.4549785-03:00" testType="13cdc9d9-ddb5-4fa4-a97d-d965ccfc6d4b" outcome="Passed" testListId="8c84fa94-04c1-424b-9868-57a2d4851a1d" relativeResultsDirectory="9292fa77-7c05-4370-9555-5182bd2c62f6" />
    <UnitTestResult executionId="f806ff14-d83d-4202-9f20-8419f9b9be40" testId="3b262d31-5fa6-a163-9f94-a634aaf59599" testName="Transcriba.Tests.Services.SpeakerServiceTests.RenameSpeakerAsync_UpdatesPersistedName" computerName="GNIOS-PC" duration="00:00:00.1007183" startTime="2026-07-05T11:14:38.5824723-03:00" endTime="2026-07-05T11:14:38.6829184-03:00" testType="13cdc9d9-ddb5-4fa4-a97d-d965ccfc6d4b" outcome="Passed" testListId="8c84fa94-04c1-424b-9868-57a2d4851a1d" relativeResultsDirectory="f806ff14-d83d-4202-9f20-8419f9b9be40" />
    <UnitTestResult executionId="4c2988a6-de4a-484a-be34-752cf25060de" testId="7a0c24fb-c85c-842c-c1a1-6051370f9174" testName="Transcriba.Tests.Engine.ModelManagerTests.IsModelFileValid_AcceptsLittleEndianGgmlMagicFromWhisperNet" computerName="GNIOS-PC" duration="00:00:00.0172153" startTime="2026-07-05T11:14:36.7423398-03:00" endTime="2026-07-05T11:14:36.7450134-03:00" testType="13cdc9d9-ddb5-4fa4-a97d-d965ccfc6d4b" outcome="Passed" testListId="8c84fa94-04c1-424b-9868-57a2d4851a1d" relativeResultsDirectory="4c2988a6-de4a-484a-be34-752cf25060de" />
    <UnitTestResult executionId="2320353c-93c7-418b-bdbf-ea4ed61c52e0" testId="aae8518e-654b-e456-42dc-c68f9418c855" testName="Transcriba.Tests.Engine.FfmpegLocatorTests.EnsureFfmpeg_WhenPathContainsFfmpeg_ReturnsPath" computerName="GNIOS-PC" duration="00:00:00.0005180" startTime="2026-07-05T11:14:38.3521712-03:00" endTime="2026-07-05T11:14:38.3525758-03:00" testType="13cdc9d9-ddb5-4fa4-a97d-d965ccfc6d4b" outcome="Passed" testListId="8c84fa94-04c1-424b-9868-57a2d4851a1d" relativeResultsDirectory="2320353c-93c7-418b-bdbf-ea4ed61c52e0" />
    <UnitTestResult executionId="4c5d5b02-e235-435e-be4d-f9994c4db983" testId="c0ada8ef-acdd-a593-2920-edae8eda1be2" testName="Transcriba.Tests.ViewModels.IconPickerViewModelTests.Default_UsesPageIcons" computerName="GNIOS-PC" duration="00:00:00.0001888" startTime="2026-07-05T11:14:36.7332698-03:00" endTime="2026-07-05T11:14:36.7333462-03:00" testType="13cdc9d9-ddb5-4fa4-a97d-d965ccfc6d4b" outcome="Passed" testListId="8c84fa94-04c1-424b-9868-57a2d4851a1d" relativeResultsDirectory="4c5d5b02-e235-435e-be4d-f9994c4db983" />
    <UnitTestResult executionId="22dfe5ac-87d5-4ed9-81e5-c2388beb7054" testId="e94e39dc-b176-b2fc-0973-4b70d4af0972" testName="Transcriba.Tests.ViewModels.EditorViewModelTests.ExportWithFormat_Vtt_CallsExportServiceWithVttExtension" computerName="GNIOS-PC" duration="00:00:00.1273152" startTime="2026-07-05T11:14:41.4379573-03:00" endTime="2026-07-05T11:14:41.5641589-03:00" testType="13cdc9d9-ddb5-4fa4-a97d-d965ccfc6d4b" outcome="Passed" testListId="8c84fa94-04c1-424b-9868-57a2d4851a1d" relativeResultsDirectory="22dfe5ac-87d5-4ed9-81e5-c2388beb7054" />
    <UnitTestResult executionId="68693122-bd48-4ab4-86bf-fbebcde64589" testId="67c3d800-e8d7-0ae5-7ea4-e3461e2b9dd4" testName="Transcriba.Tests.Engine.ChunkPlannerTests.GroupParts_WhenTrechosLessOrEqualMaxPartes_ReturnsUnchanged" computerName="GNIOS-PC" duration="00:00:00.0031738" startTime="2026-07-05T11:14:36.7313792-03:00" endTime="2026-07-05T11:14:36.7318138-03:00" testType="13cdc9d9-ddb5-4fa4-a97d-d965ccfc6d4b" outcome="Passed" testListId="8c84fa94-04c1-424b-9868-57a2d4851a1d" relativeResultsDirectory="68693122-bd48-4ab4-86bf-fbebcde64589" />
    <UnitTestResult executionId="5cbf613a-59b8-44ef-833d-5d44e8552edf" testId="a51bbe15-96a2-5b06-c518-41c66657ffca" testName="Transcriba.Tests.Engine.ModelManagerTests.MapQualityToGgmlType_MapsExpectedValues(quality: High, expectedType: LargeV3, expectedFileName: &quot;ggml-large-v3.bin&quot;)" computerName="GNIOS-PC" duration="00:00:00.0003361" startTime="2026-07-05T11:14:36.7462033-03:00" endTime="2026-07-05T11:14:36.7462400-03:00" testType="13cdc9d9-ddb5-4fa4-a97d-d965ccfc6d4b" outcome="Passed" testListId="8c84fa94-04c1-424b-9868-57a2d4851a1d" relativeResultsDirectory="5cbf613a-59b8-44ef-833d-5d44e8552edf" />
    <UnitTestResult executionId="5774fd0f-2301-46ce-a98e-885b5761f65d" testId="ecccca4b-b7d9-9520-e8c6-dde40dadd64b" testName="Transcriba.Tests.Services.SegmentEditingServiceTests.GetActiveSegment_ReturnsNullWhenNoSegments" computerName="GNIOS-PC" duration="00:00:00.0004749" startTime="2026-07-05T11:14:36.7243550-03:00" endTime="2026-07-05T11:14:36.7243840-03:00" testType="13cdc9d9-ddb5-4fa4-a97d-d965ccfc6d4b" outcome="Passed" testListId="8c84fa94-04c1-424b-9868-57a2d4851a1d" relativeResultsDirectory="5774fd0f-2301-46ce-a98e-885b5761f65d" />
    <UnitTestResult executionId="c16ffd54-a4eb-4d23-9a59-09f08a42b7da" testId="6fddcf24-ccc3-3ad5-3e73-829616169940" testName="Transcriba.Tests.ViewModels.SettingsViewModelTests.LoadAsync_LoadsExistingSettings" computerName="GNIOS-PC" duration="00:00:00.1290896" startTime="2026-07-05T11:14:38.6638819-03:00" endTime="2026-07-05T11:14:38.7929872-03:00" testType="13cdc9d9-ddb5-4fa4-a97d-d965ccfc6d4b" outcome="Passed" testListId="8c84fa94-04c1-424b-9868-57a2d4851a1d" relativeResultsDirectory="c16ffd54-a4eb-4d23-9a59-09f08a42b7da" />
    <UnitTestResult executionId="44d113d6-6503-409b-8cfb-93b1a5602fa8" testId="ea20ad4c-97dc-14b6-67bf-61d78e9e9805" testName="Transcriba.Tests.ViewModels.NewPageModalViewModelTests.Cancel_DoesNotCreateResearch" computerName="GNIOS-PC" duration="00:00:01.4133849" startTime="2026-07-05T11:14:36.6881050-03:00" endTime="2026-07-05T11:14:38.0723098-03:00" testType="13cdc9d9-ddb5-4fa4-a97d-d965ccfc6d4b" outcome="Passed" testListId="8c84fa94-04c1-424b-9868-57a2d4851a1d" relativeResultsDirectory="44d113d6-6503-409b-8cfb-93b1a5602fa8" />
    <UnitTestResult executionId="c59908df-66ce-4df7-a63a-642fd30d4272" testId="0ea5cd13-b773-4e34-405c-9f7cdbaab2a3" testName="Transcriba.Tests.ViewModels.DashboardViewModelTests.RetryCommand_ResetsStatusToInProgress" computerName="GNIOS-PC" duration="00:00:00.2539097" startTime="2026-07-05T11:14:40.4827127-03:00" endTime="2026-07-05T11:14:40.7361779-03:00" testType="13cdc9d9-ddb5-4fa4-a97d-d965ccfc6d4b" outcome="Passed" testListId="8c84fa94-04c1-424b-9868-57a2d4851a1d" relativeResultsDirectory="c59908df-66ce-4df7-a63a-642fd30d4272" />
    <UnitTestResult executionId="ba7d8610-d776-4c3c-9243-dac31961786f" testId="d724cb20-4221-e891-30f9-8338ced2d7b6" testName="Transcriba.Tests.ViewModels.PlayerBarViewModelTests.LoadAsync_LoadsMediaPath" computerName="GNIOS-PC" duration="00:00:00.0137698" startTime="2026-07-05T11:14:36.6907982-03:00" endTime="2026-07-05T11:14:36.7254864-03:00" testType="13cdc9d9-ddb5-4fa4-a97d-d965ccfc6d4b" outcome="Passed" testListId="8c84fa94-04c1-424b-9868-57a2d4851a1d" relativeResultsDirectory="ba7d8610-d776-4c3c-9243-dac31961786f" />
    <UnitTestResult executionId="d804174f-7c4c-4afe-bc5e-68f6a98557e5" testId="7a4c914f-af62-e449-5c1d-67ed7407c589" testName="Transcriba.Tests.ViewModels.EditorViewModelTests.SplitSegment_PersistsContiguousNonOverlappingTimeRanges" computerName="GNIOS-PC" duration="00:00:00.1898201" startTime="2026-07-05T11:14:40.2166212-03:00" endTime="2026-07-05T11:14:40.4065490-03:00" testType="13cdc9d9-ddb5-4fa4-a97d-d965ccfc6d4b" outcome="Passed" testListId="8c84fa94-04c1-424b-9868-57a2d4851a1d" relativeResultsDirectory="d804174f-7c4c-4afe-bc5e-68f6a98557e5" />
    <UnitTestResult executionId="2638d4fc-19f2-4fe7-933f-445a4cdc4eaf" testId="ded01199-22c2-e53b-2383-1d4a701544e1" testName="Transcriba.Tests.Engine.ChunkPlannerTests.CalculateParallelLimits_AlwaysSerializesNativeDecoding(device: Cpu)" computerName="GNIOS-PC" duration="00:00:00.0005269" startTime="2026-07-05T11:14:36.7301725-03:00" endTime="2026-07-05T11:14:36.7303329-03:00" testType="13cdc9d9-ddb5-4fa4-a97d-d965ccfc6d4b" outcome="Passed" testListId="8c84fa94-04c1-424b-9868-57a2d4851a1d" relativeResultsDirectory="2638d4fc-19f2-4fe7-933f-445a4cdc4eaf" />
    <UnitTestResult executionId="2f93e338-cf3a-4c10-9837-a72b4bb69b5e" testId="ec8bbb3e-be52-96bd-ccb4-43f74626455e" testName="Transcriba.Tests.ViewModels.EditorViewModelTests.Initialize_InProgress_ShowsProgressIndicator" computerName="GNIOS-PC" duration="00:00:00.1128937" startTime="2026-07-05T11:14:40.6049342-03:00" endTime="2026-07-05T11:14:40.7180724-03:00" testType="13cdc9d9-ddb5-4fa4-a97d-d965ccfc6d4b" outcome="Passed" testListId="8c84fa94-04c1-424b-9868-57a2d4851a1d" relativeResultsDirectory="2f93e338-cf3a-4c10-9837-a72b4bb69b5e" />
    <UnitTestResult executionId="ba6c39ef-56b0-4ea9-ad6f-66a404f3ec74" testId="cc2b7c6f-daee-36e2-82db-bb90392585cf" testName="Transcriba.Tests.ViewModels.DashboardViewModelTests.NavigationParameter_TagFilter_ReturnsMatchingCards" computerName="GNIOS-PC" duration="00:00:00.1195712" startTime="2026-07-05T11:14:40.0523764-03:00" endTime="2026-07-05T11:14:40.1723188-03:00" testType="13cdc9d9-ddb5-4fa4-a97d-d965ccfc6d4b" outcome="Passed" testListId="8c84fa94-04c1-424b-9868-57a2d4851a1d" relativeResultsDirectory="ba6c39ef-56b0-4ea9-ad6f-66a404f3ec74" />
    <UnitTestResult executionId="45da7ab6-3147-44f8-b3ff-5679c5161ab7" testId="ef72741c-a5e9-3e22-0677-67beae595f92" testName="Transcriba.Tests.Services.SegmentEditingServiceTests.GetActiveSegment_ReturnsNullWhenPositionBeforeFirstSegment" computerName="GNIOS-PC" duration="00:00:00.0005928" startTime="2026-07-05T11:14:36.7244712-03:00" endTime="2026-07-05T11:14:36.7256588-03:00" testType="13cdc9d9-ddb5-4fa4-a97d-d965ccfc6d4b" outcome="Passed" testListId="8c84fa94-04c1-424b-9868-57a2d4851a1d" relativeResultsDirectory="45da7ab6-3147-44f8-b3ff-5679c5161ab7" />
    <UnitTestResult executionId="a966f894-f457-4774-b899-64c0c7f60391" testId="e4b7c77f-b174-9a7d-0f15-8e2bce2fdae6" testName="Transcriba.Tests.Services.ExportServiceTests.ExportTxtAsync_WritesHeaderAndSegmentLines" computerName="GNIOS-PC" duration="00:00:01.4133984" startTime="2026-07-05T11:14:36.7464813-03:00" endTime="2026-07-05T11:14:38.1383807-03:00" testType="13cdc9d9-ddb5-4fa4-a97d-d965ccfc6d4b" outcome="Passed" testListId="8c84fa94-04c1-424b-9868-57a2d4851a1d" relativeResultsDirectory="a966f894-f457-4774-b899-64c0c7f60391" />
    <UnitTestResult executionId="377c5440-bc44-4a9e-b8f5-04270a115be8" testId="8adcbdd8-70a0-5570-2d11-10256832da9f" testName="Transcriba.Tests.ViewModels.DashboardViewModelTests.SetDoneFilter_ReturnsOnlyDoneCards" computerName="GNIOS-PC" duration="00:00:00.2588355" startTime="2026-07-05T11:14:38.9570930-03:00" endTime="2026-07-05T11:14:39.2160702-03:00" testType="13cdc9d9-ddb5-4fa4-a97d-d965ccfc6d4b" outcome="Passed" testListId="8c84fa94-04c1-424b-9868-57a2d4851a1d" relativeResultsDirectory="377c5440-bc44-4a9e-b8f5-04270a115be8" />
    <UnitTestResult executionId="9f13ed80-2e31-40b3-9bd5-254d176f9f5a" testId="f99b05bb-f8d4-5b30-6522-485a2c66a6f2" testName="Transcriba.Tests.Engine.WhisperTranscriptionEngineTests.TranscribeAsync_WhenCancelled_ThrowsOperationCanceledException" computerName="GNIOS-PC" duration="00:00:00.0064553" startTime="2026-07-05T11:14:36.7671088-03:00" endTime="2026-07-05T11:14:36.7736002-03:00" testType="13cdc9d9-ddb5-4fa4-a97d-d965ccfc6d4b" outcome="Passed" testListId="8c84fa94-04c1-424b-9868-57a2d4851a1d" relativeResultsDirectory="9f13ed80-2e31-40b3-9bd5-254d176f9f5a" />
    <UnitTestResult executionId="2b6fb51b-dd97-412c-ac57-4d2eae0ec82e" testId="82bbbbdb-ec20-ca1b-891f-eb9e584bbd9d" testName="Transcriba.Tests.ViewModels.SidebarViewModelTests.DeleteResearch_Cancelled_KeepsResearch" computerName="GNIOS-PC" duration="00:00:00.2240799" startTime="2026-07-05T11:14:38.3036513-03:00" endTime="2026-07-05T11:14:38.5280185-03:00" testType="13cdc9d9-ddb5-4fa4-a97d-d965ccfc6d4b" outcome="Passed" testListId="8c84fa94-04c1-424b-9868-57a2d4851a1d" relativeResultsDirectory="2b6fb51b-dd97-412c-ac57-4d2eae0ec82e" />
    <UnitTestResult executionId="95b246aa-a0c3-4350-bb3f-430bf3310c4c" testId="4f6b38d6-e96f-8a96-460d-76d41aa0a96b" testName="Transcriba.Tests.ViewModels.ResearchPageViewModelTests.OpenTranscription_NavigatesToEditorWithTranscriptionId" computerName="GNIOS-PC" duration="00:00:01.7197664" startTime="2026-07-05T11:14:36.6907212-03:00" endTime="2026-07-05T11:14:38.3806867-03:00" testType="13cdc9d9-ddb5-4fa4-a97d-d965ccfc6d4b" outcome="Passed" testListId="8c84fa94-04c1-424b-9868-57a2d4851a1d" relativeResultsDirectory="95b246aa-a0c3-4350-bb3f-430bf3310c4c" />
    <UnitTestResult executionId="76020bbd-bfd4-4b14-84a3-433b0c3d4cd8" testId="18b80582-d916-e7a4-cdec-d4050114740d" testName="Transcriba.Tests.ViewModels.ResearchPageViewModelTests.DeleteTranscription_Confirmed_RemovesFromListAndDatabase" computerName="GNIOS-PC" duration="00:00:00.1890431" startTime="2026-07-05T11:14:39.4019250-03:00" endTime="2026-07-05T11:14:39.5906858-03:00" testType="13cdc9d9-ddb5-4fa4-a97d-d965ccfc6d4b" outcome="Passed" testListId="8c84fa94-04c1-424b-9868-57a2d4851a1d" relativeResultsDirectory="76020bbd-bfd4-4b14-84a3-433b0c3d4cd8" />
    <UnitTestResult executionId="bb166470-32a9-4510-8152-619266a3fec3" testId="d17e0173-f0da-51c8-5943-50b76c1979ba" testName="Transcriba.Tests.Engine.ModelManagerTests.MapQualityToGgmlType_MapsExpectedValues(quality: Standard, expectedType: Small, expectedFileName: &quot;ggml-small.bin&quot;)" computerName="GNIOS-PC" duration="00:00:00.0024692" startTime="2026-07-05T11:14:36.7460766-03:00" endTime="2026-07-05T11:14:36.7461218-03:00" testType="13cdc9d9-ddb5-4fa4-a97d-d965ccfc6d4b" outcome="Passed" testListId="8c84fa94-04c1-424b-9868-57a2d4851a1d" relativeResultsDirectory="bb166470-32a9-4510-8152-619266a3fec3" />
    <UnitTestResult executionId="302253d9-5183-4372-8472-45461f321218" testId="075c98f8-5cdd-ec2b-b8f8-6a63c7de09bc" testName="Transcriba.Tests.Services.SegmentEditingServiceTests.AssignSpeaker_SetsSpeakerOnSegment" computerName="GNIOS-PC" duration="00:00:00.0044846" startTime="2026-07-05T11:14:36.7422197-03:00" endTime="2026-07-05T11:14:36.7423784-03:00" testType="13cdc9d9-ddb5-4fa4-a97d-d965ccfc6d4b" outcome="Passed" testListId="8c84fa94-04c1-424b-9868-57a2d4851a1d" relativeResultsDirectory="302253d9-5183-4372-8472-45461f321218" />
    <UnitTestResult executionId="523a2783-290c-47c4-85cd-b88ab2b504ec" testId="2ab3d152-31cd-dc61-27e2-0746bb3d99b7" testName="Transcriba.Tests.ViewModels.EditorViewModelTests.Export_WithoutSegments_DisablesExportCommand" computerName="GNIOS-PC" duration="00:00:00.1028560" startTime="2026-07-05T11:14:41.0347587-03:00" endTime="2026-07-05T11:14:41.1378517-03:00" testType="13cdc9d9-ddb5-4fa4-a97d-d965ccfc6d4b" outcome="Passed" testListId="8c84fa94-04c1-424b-9868-57a2d4851a1d" relativeResultsDirectory="523a2783-290c-47c4-85cd-b88ab2b504ec" />
    <UnitTestResult executionId="f972499e-2a70-4dec-a9ce-f31412688541" testId="ddb4350b-c640-7dc0-a128-017ea0356a66" testName="Transcriba.Tests.ViewModels.NewPageModalViewModelTests.ConfirmAsync_TranscriptionWithoutFile_KeepsModalOpen" computerName="GNIOS-PC" duration="00:00:00.2331329" startTime="2026-07-05T11:14:38.2402056-03:00" endTime="2026-07-05T11:14:38.4898178-03:00" testType="13cdc9d9-ddb5-4fa4-a97d-d965ccfc6d4b" outcome="Passed" testListId="8c84fa94-04c1-424b-9868-57a2d4851a1d" relativeResultsDirectory="f972499e-2a70-4dec-a9ce-f31412688541" />
    <UnitTestResult executionId="d6851b35-bec6-44b8-83b0-d064802012fb" testId="23a13b4c-40d4-2b04-ef61-1fb0cb1505bd" testName="Transcriba.Tests.ViewModels.SettingsViewModelTests.SaveProfile_PersistsNameEmailInstitution" computerName="GNIOS-PC" duration="00:00:00.2180902" startTime="2026-07-05T11:14:38.2064425-03:00" endTime="2026-07-05T11:14:38.4242107-03:00" testType="13cdc9d9-ddb5-4fa4-a97d-d965ccfc6d4b" outcome="Passed" testListId="8c84fa94-04c1-424b-9868-57a2d4851a1d" relativeResultsDirectory="d6851b35-bec6-44b8-83b0-d064802012fb" />
    <UnitTestResult executionId="9a6320c9-546d-4c4d-9344-a92327b6e320" testId="dde11208-9c53-2650-9c6f-96fe1284bb78" testName="Transcriba.Tests.ViewModels.DashboardViewModelTests.SearchText_WithProgressFilter_ReturnsMatchingCards" computerName="GNIOS-PC" duration="00:00:00.1875918" startTime="2026-07-05T11:14:39.2162448-03:00" endTime="2026-07-05T11:14:39.4040561-03:00" testType="13cdc9d9-ddb5-4fa4-a97d-d965ccfc6d4b" outcome="Passed" testListId="8c84fa94-04c1-424b-9868-57a2d4851a1d" relativeResultsDirectory="9a6320c9-546d-4c4d-9344-a92327b6e320" />
    <UnitTestResult executionId="e605bbcd-b79e-4211-94a3-db9a365db2c2" testId="0e59609e-d692-9a61-8585-e37e40faac22" testName="Transcriba.Tests.ViewModels.SidebarViewModelTests.NavigateSettings_SetsCurrentScreenToSettings" computerName="GNIOS-PC" duration="00:00:00.1161167" startTime="2026-07-05T11:14:38.9481920-03:00" endTime="2026-07-05T11:14:39.0641888-03:00" testType="13cdc9d9-ddb5-4fa4-a97d-d965ccfc6d4b" outcome="Passed" testListId="8c84fa94-04c1-424b-9868-57a2d4851a1d" relativeResultsDirectory="e605bbcd-b79e-4211-94a3-db9a365db2c2" />
    <UnitTestResult executionId="9918ecff-ecbf-4314-89ee-0a51c01df0ef" testId="219e763e-477b-d30b-1d03-9276b5e12232" testName="Transcriba.Tests.ViewModels.UploadViewModelTests.TrySelectFile_SupportedFormat_EnablesStart" computerName="GNIOS-PC" duration="00:00:00.1936486" startTime="2026-07-05T11:14:38.7572380-03:00" endTime="2026-07-05T11:14:38.9512589-03:00" testType="13cdc9d9-ddb5-4fa4-a97d-d965ccfc6d4b" outcome="Passed" testListId="8c84fa94-04c1-424b-9868-57a2d4851a1d" relativeResultsDirectory="9918ecff-ecbf-4314-89ee-0a51c01df0ef" />
    <UnitTestResult executionId="30526dcb-a126-4111-b04d-8fee91202a1f" testId="b83803c2-ba8b-24a8-2d0e-57e5edc695f3" testName="Transcriba.Tests.ViewModels.NewPageModalViewModelTests.ConfirmAsync_Research_NavigatesToDashboardAndRefreshesSidebar" computerName="GNIOS-PC" duration="00:00:00.1172195" startTime="2026-07-05T11:14:38.9530332-03:00" endTime="2026-07-05T11:14:39.0691361-03:00" testType="13cdc9d9-ddb5-4fa4-a97d-d965ccfc6d4b" outcome="Passed" testListId="8c84fa94-04c1-424b-9868-57a2d4851a1d" relativeResultsDirectory="30526dcb-a126-4111-b04d-8fee91202a1f" />
    <UnitTestResult executionId="7512db23-f4a6-4706-bc49-266857b75ebe" testId="f4f9ed26-7007-7532-8276-a52ed3f6090e" testName="Transcriba.Tests.ViewModels.EditorViewModelTests.ChangeResearchCommand_AssignsAndUnassignsTranscription" computerName="GNIOS-PC" duration="00:00:00.1343663" startTime="2026-07-05T11:14:40.8997330-03:00" endTime="2026-07-05T11:14:41.0344747-03:00" testType="13cdc9d9-ddb5-4fa4-a97d-d965ccfc6d4b" outcome="Passed" testListId="8c84fa94-04c1-424b-9868-57a2d4851a1d" relativeResultsDirectory="7512db23-f4a6-4706-bc49-266857b75ebe" />
    <UnitTestResult executionId="67f89c5d-9ac3-435f-a261-81f6dbf8d0f1" testId="73ee4916-3a83-dfcd-9ca5-2dc820f82974" testName="Transcriba.Tests.ViewModels.SidebarViewModelTests.DeleteResearch_Confirmed_DissociatesTranscriptionsAndRemovesFromSidebar" computerName="GNIOS-PC" duration="00:00:01.5377861" startTime="2026-07-05T11:14:36.7657278-03:00" endTime="2026-07-05T11:14:38.3034162-03:00" testType="13cdc9d9-ddb5-4fa4-a97d-d965ccfc6d4b" outcome="Passed" testListId="8c84fa94-04c1-424b-9868-57a2d4851a1d" relativeResultsDirectory="67f89c5d-9ac3-435f-a261-81f6dbf8d0f1" />
    <UnitTestResult executionId="0386b8ea-af46-4531-8426-42f4ec71b474" testId="907e0d4d-9468-a338-f5ea-c58434989e4b" testName="Transcriba.Tests.Engine.SilenceSplitterTests.SplitBySilence_WithContinuousSpeech_ReturnsSingleChunkStartingAtZero" computerName="GNIOS-PC" duration="00:00:00.0055686" startTime="2026-07-05T11:14:36.7153769-03:00" endTime="2026-07-05T11:14:36.7297574-03:00" testType="13cdc9d9-ddb5-4fa4-a97d-d965ccfc6d4b" outcome="Passed" testListId="8c84fa94-04c1-424b-9868-57a2d4851a1d" relativeResultsDirectory="0386b8ea-af46-4531-8426-42f4ec71b474" />
    <UnitTestResult executionId="669e3f54-9075-4e3a-b8ed-a58d3807e78c" testId="d130ad78-c04f-8ddc-8f80-3167e229e685" testName="Transcriba.Tests.ViewModels.EditorViewModelTests.CommitSegmentText_PersistsToDatabase" computerName="GNIOS-PC" duration="00:00:00.1933139" startTime="2026-07-05T11:14:39.4064219-03:00" endTime="2026-07-05T11:14:39.6000640-03:00" testType="13cdc9d9-ddb5-4fa4-a97d-d965ccfc6d4b" outcome="Passed" testListId="8c84fa94-04c1-424b-9868-57a2d4851a1d" relativeResultsDirectory="669e3f54-9075-4e3a-b8ed-a58d3807e78c" />
    <UnitTestResult executionId="418177b6-30a2-4eef-9871-9a93396815e9" testId="bdd830af-0c22-d0b2-ac0a-59f606c33ec3" testName="Transcriba.Tests.Engine.ChunkPlannerTests.CalculateParallelLimits_AlwaysSerializesNativeDecoding(device: Cuda)" computerName="GNIOS-PC" duration="00:00:00.0000052" startTime="2026-07-05T11:14:36.7312276-03:00" endTime="2026-07-05T11:14:36.7312728-03:00" testType="13cdc9d9-ddb5-4fa4-a97d-d965ccfc6d4b" outcome="Passed" testListId="8c84fa94-04c1-424b-9868-57a2d4851a1d" relativeResultsDirectory="418177b6-30a2-4eef-9871-9a93396815e9" />
    <UnitTestResult executionId="fb54b1d7-a38b-4b9b-a7fe-8aca28fa6a26" testId="2b8ec057-8912-237e-0762-d2d7a0363d30" testName="Transcriba.Tests.Engine.ChunkPlannerTests.GroupParts_WhenTrechosExceedMaxPartes_GroupsRespectingOffsets" computerName="GNIOS-PC" duration="00:00:00.0163949" startTime="2026-07-05T11:14:36.6921470-03:00" endTime="2026-07-05T11:14:36.7300863-03:00" testType="13cdc9d9-ddb5-4fa4-a97d-d965ccfc6d4b" outcome="Passed" testListId="8c84fa94-04c1-424b-9868-57a2d4851a1d" relativeResultsDirectory="fb54b1d7-a38b-4b9b-a7fe-8aca28fa6a26" />
    <UnitTestResult executionId="879bdfd2-a452-4b16-9140-3dac73ec416d" testId="4b999832-2ca3-64be-dcd0-298bc5ccbcf9" testName="Transcriba.Tests.ViewModels.DashboardViewModelTests.SearchText_WithNoMatches_ShowsEmptyState" computerName="GNIOS-PC" duration="00:00:00.1715287" startTime="2026-07-05T11:14:40.3100750-03:00" endTime="2026-07-05T11:14:40.4817635-03:00" testType="13cdc9d9-ddb5-4fa4-a97d-d965ccfc6d4b" outcome="Passed" testListId="8c84fa94-04c1-424b-9868-57a2d4851a1d" relativeResultsDirectory="879bdfd2-a452-4b16-9140-3dac73ec416d" />
    <UnitTestResult executionId="a2dc2d3a-ac30-4878-b5f7-c592eeb3f21f" testId="d708073c-4e48-cb83-7bfa-3bc8d548e310" testName="Transcriba.Tests.ViewModels.EditorViewModelTests.MergeSegment_UsesPlaybackActiveSegment" computerName="GNIOS-PC" duration="00:00:00.3394280" startTime="2026-07-05T11:14:38.7372086-03:00" endTime="2026-07-05T11:14:39.0756194-03:00" testType="13cdc9d9-ddb5-4fa4-a97d-d965ccfc6d4b" outcome="Passed" testListId="8c84fa94-04c1-424b-9868-57a2d4851a1d" relativeResultsDirectory="a2dc2d3a-ac30-4878-b5f7-c592eeb3f21f" />
    <UnitTestResult executionId="f9fee27f-4c8f-4f23-a03d-fd646a999ed6" testId="d378baa2-5434-12fb-5892-5e561d2f8332" testName="Transcriba.Tests.ViewModels.SegmentItemViewModelTests.Click_RaisesSeekRequestForSegmentStart" computerName="GNIOS-PC" duration="00:00:01.7230056" startTime="2026-07-05T11:14:36.7444067-03:00" endTime="2026-07-05T11:14:38.4261802-03:00" testType="13cdc9d9-ddb5-4fa4-a97d-d965ccfc6d4b" outcome="Passed" testListId="8c84fa94-04c1-424b-9868-57a2d4851a1d" relativeResultsDirectory="f9fee27f-4c8f-4f23-a03d-fd646a999ed6" />
    <UnitTestResult executionId="42aeecd7-a528-4048-917c-6984ef74b7cb" testId="148e5529-ae83-2366-c1f4-7d91ee9dc134" testName="Transcriba.Tests.Engine.AudioLoaderTests.ConvertPcm16ToFloat_WithKnownPcmBytes_ProducesExpectedFloatSamples" computerName="GNIOS-PC" duration="00:00:00.0008696" startTime="2026-07-05T11:14:38.3500756-03:00" endTime="2026-07-05T11:14:38.3501249-03:00" testType="13cdc9d9-ddb5-4fa4-a97d-d965ccfc6d4b" outcome="Passed" testListId="8c84fa94-04c1-424b-9868-57a2d4851a1d" relativeResultsDirectory="42aeecd7-a528-4048-917c-6984ef74b7cb" />
    <UnitTestResult executionId="078b9b65-645c-4137-bd16-deb25beca92f" testId="b1e79b71-421a-ee4c-2cc6-8a1f4ed98134" testName="Transcriba.Tests.Engine.TranscriptionQueueServiceTests.Enqueue_ForwardsEngineProgressViaProgressChangedEvent" computerName="GNIOS-PC" duration="00:00:00.4134777" startTime="2026-07-05T11:14:38.4671978-03:00" endTime="2026-07-05T11:14:38.8794694-03:00" testType="13cdc9d9-ddb5-4fa4-a97d-d965ccfc6d4b" outcome="Passed" testListId="8c84fa94-04c1-424b-9868-57a2d4851a1d" relativeResultsDirectory="078b9b65-645c-4137-bd16-deb25beca92f" />
    <UnitTestResult executionId="f3beb909-146a-4930-989f-d56b608eb742" testId="74302693-5333-be94-e5c3-b1ecb32820e7" testName="Transcriba.Tests.Engine.SilenceSplitterTests.SplitBySilence_WithTwoSpeechBlocksSeparatedBySilence_ReturnsTwoChunksWithCorrectOffsets" computerName="GNIOS-PC" duration="00:00:00.0023091" startTime="2026-07-05T11:14:36.7302937-03:00" endTime="2026-07-05T11:14:36.7315393-03:00" testType="13cdc9d9-ddb5-4fa4-a97d-d965ccfc6d4b" outcome="Passed" testListId="8c84fa94-04c1-424b-9868-57a2d4851a1d" relativeResultsDirectory="f3beb909-146a-4930-989f-d56b608eb742" />
    <UnitTestResult executionId="d2efd793-0c10-4154-90e5-1e8ed86c9add" testId="198e7210-910e-8e10-afd0-ad1d40c12403" testName="Transcriba.Tests.Services.NavigationServiceTests.NavigateTo_StoresNavigationParameter" computerName="GNIOS-PC" duration="00:00:00.1674452" startTime="2026-07-05T11:14:38.2116132-03:00" endTime="2026-07-05T11:14:38.3776008-03:00" testType="13cdc9d9-ddb5-4fa4-a97d-d965ccfc6d4b" outcome="Passed" testListId="8c84fa94-04c1-424b-9868-57a2d4851a1d" relativeResultsDirectory="d2efd793-0c10-4154-90e5-1e8ed86c9add" />
    <UnitTestResult executionId="8c752b43-a892-426c-84f6-94f19ee3f750" testId="a04b75b0-9237-cb43-f351-126f3661f211" testName="Transcriba.Tests.Services.LibraryServiceTests.SearchText_FiltersByTitleCaseInsensitive" computerName="GNIOS-PC" duration="00:00:00.1192456" startTime="2026-07-05T11:14:38.3138508-03:00" endTime="2026-07-05T11:14:38.4326674-03:00" testType="13cdc9d9-ddb5-4fa4-a97d-d965ccfc6d4b" outcome="Passed" testListId="8c84fa94-04c1-424b-9868-57a2d4851a1d" relativeResultsDirectory="8c752b43-a892-426c-84f6-94f19ee3f750" />
    <UnitTestResult executionId="969d0f06-e06f-467d-b61a-58d3a33d4b3c" testId="32020a05-a301-49ba-88ca-b26816883d44" testName="Transcriba.Tests.Engine.WhisperTranscriptionEngineTests.TranscribeAsync_CalledTwice_ReloadsFactoryPerJob" computerName="GNIOS-PC" duration="00:00:00.9831505" startTime="2026-07-05T11:14:36.7745338-03:00" endTime="2026-07-05T11:14:37.7570938-03:00" testType="13cdc9d9-ddb5-4fa4-a97d-d965ccfc6d4b" outcome="Passed" testListId="8c84fa94-04c1-424b-9868-57a2d4851a1d" relativeResultsDirectory="969d0f06-e06f-467d-b61a-58d3a33d4b3c" />
    <UnitTestResult executionId="70af62a1-aeab-4ab6-897d-d5ed18b6f4ec" testId="5a5fe891-52d7-4f4a-0e2e-2dfc72977511" testName="Transcriba.Tests.Services.MediaStorageServiceTests.CopyToAppDataAsync_PreservesFileNameAndExtension" computerName="GNIOS-PC" duration="00:00:00.0174470" startTime="2026-07-05T11:14:37.7387836-03:00" endTime="2026-07-05T11:14:37.7563922-03:00" testType="13cdc9d9-ddb5-4fa4-a97d-d965ccfc6d4b" outcome="Passed" testListId="8c84fa94-04c1-424b-9868-57a2d4851a1d" relativeResultsDirectory="70af62a1-aeab-4ab6-897d-d5ed18b6f4ec" />
    <UnitTestResult executionId="02ec5640-054a-49f6-afb1-6df078b33779" testId="cae58c52-1000-4c66-f8de-ee466912d71c" testName="Transcriba.Tests.Catalogs.ColorCatalogTests.PageColors_HasExpectedCount" computerName="GNIOS-PC" duration="00:00:00.0002631" startTime="2026-07-05T11:14:37.7590835-03:00" endTime="2026-07-05T11:14:37.7593026-03:00" testType="13cdc9d9-ddb5-4fa4-a97d-d965ccfc6d4b" outcome="Passed" testListId="8c84fa94-04c1-424b-9868-57a2d4851a1d" relativeResultsDirectory="02ec5640-054a-49f6-afb1-6df078b33779" />
    <UnitTestResult executionId="b2bb9715-ff30-40ba-8041-3c0fae82f3e3" testId="5b7cc3cb-5bef-3620-9aa3-031ef2201c12" testName="Transcriba.Tests.ViewModels.UploadViewModelTests.Initialize_WithResearchId_PreselectsResearch" computerName="GNIOS-PC" duration="00:00:00.1287945" startTime="2026-07-05T11:14:39.1557116-03:00" endTime="2026-07-05T11:14:39.2847984-03:00" testType="13cdc9d9-ddb5-4fa4-a97d-d965ccfc6d4b" outcome="Passed" testListId="8c84fa94-04c1-424b-9868-57a2d4851a1d" relativeResultsDirectory="b2bb9715-ff30-40ba-8041-3c0fae82f3e3" />
    <UnitTestResult executionId="36a4a5cc-d2c9-4652-80aa-82cf39e89b8e" testId="c746ae21-5a99-ee0e-af67-4d224e295935" testName="Transcriba.Tests.Services.ResearchServiceTests.CreateAsync_PersistsResearchPage" computerName="GNIOS-PC" duration="00:00:00.0976205" startTime="2026-07-05T11:14:38.7345330-03:00" endTime="2026-07-05T11:14:38.8321606-03:00" testType="13cdc9d9-ddb5-4fa4-a97d-d965ccfc6d4b" outcome="Passed" testListId="8c84fa94-04c1-424b-9868-57a2d4851a1d" relativeResultsDirectory="36a4a5cc-d2c9-4652-80aa-82cf39e89b8e" />
    <UnitTestResult executionId="f76d7caf-e2a6-4e7c-a6ba-d0f6890d38ae" testId="f97d1fb4-25f2-7ea1-7e02-0d9514409cb8" testName="Transcriba.Tests.ViewModels.RecordingViewModelTests.ResumeRecording_ContinuesTimer" computerName="GNIOS-PC" duration="00:00:00.1610768" startTime="2026-07-05T11:14:38.1843816-03:00" endTime="2026-07-05T11:14:38.3479836-03:00" testType="13cdc9d9-ddb5-4fa4-a97d-d965ccfc6d4b" outcome="Passed" testListId="8c84fa94-04c1-424b-9868-57a2d4851a1d" relativeResultsDirectory="f76d7caf-e2a6-4e7c-a6ba-d0f6890d38ae" />
    <UnitTestResult executionId="cbc643e9-2a55-44c4-8b3e-f722cf360fd5" testId="bb2efed2-2f2e-89a1-d1b0-58f4639c8927" testName="Transcriba.Tests.Services.SegmentEditingServiceTests.MergeWithPrevious_ReturnsNullWhenActiveIsFirstSegment" computerName="GNIOS-PC" duration="00:00:00.0023111" startTime="2026-07-05T11:14:36.7153995-03:00" endTime="2026-07-05T11:14:36.7240456-03:00" testType="13cdc9d9-ddb5-4fa4-a97d-d965ccfc6d4b" outcome="Passed" testListId="8c84fa94-04c1-424b-9868-57a2d4851a1d" relativeResultsDirectory="cbc643e9-2a55-44c4-8b3e-f722cf360fd5" />
    <UnitTestResult executionId="daa4b94a-dab7-4066-b5ba-702d98db6fb4" testId="1fd0879d-02ed-46a5-5dd1-44ae2f43e6a9" testName="Transcriba.Tests.ViewModels.RecordingViewModelTests.InitialState_IsReadyToRecord" computerName="GNIOS-PC" duration="00:00:00.1251606" startTime="2026-07-05T11:14:38.4674256-03:00" endTime="2026-07-05T11:14:38.5915085-03:00" testType="13cdc9d9-ddb5-4fa4-a97d-d965ccfc6d4b" outcome="Passed" testListId="8c84fa94-04c1-424b-9868-57a2d4851a1d" relativeResultsDirectory="daa4b94a-dab7-4066-b5ba-702d98db6fb4" />
    <UnitTestResult executionId="d07251cd-4a9c-43c7-a4ac-5706e6b21fe9" testId="979a666c-bc35-b9c3-6a58-cac34d785973" testName="Transcriba.Tests.ViewModels.EditorPlaybackIntegrationTests.PlaybackPositionUpdate_ActivatesMatchingSegment" computerName="GNIOS-PC" duration="00:00:00.3040313" startTime="2026-07-05T11:14:38.4567779-03:00" endTime="2026-07-05T11:14:38.7607204-03:00" testType="13cdc9d9-ddb5-4fa4-a97d-d965ccfc6d4b" outcome="Passed" testListId="8c84fa94-04c1-424b-9868-57a2d4851a1d" relativeResultsDirectory="d07251cd-4a9c-43c7-a4ac-5706e6b21fe9" />
    <UnitTestResult executionId="e97b4133-8462-4317-b353-2ab7f4fad156" testId="999f32ca-9af3-7505-baf2-294d3b271829" testName="Transcriba.Tests.ViewModels.NewPageModalViewModelTests.ConfirmAsync_EmptyTitle_KeepsModalOpenAndDoesNotNavigate" computerName="GNIOS-PC" duration="00:00:00.1672929" startTime="2026-07-05T11:14:38.0733490-03:00" endTime="2026-07-05T11:14:38.2400209-03:00" testType="13cdc9d9-ddb5-4fa4-a97d-d965ccfc6d4b" outcome="Passed" testListId="8c84fa94-04c1-424b-9868-57a2d4851a1d" relativeResultsDirectory="e97b4133-8462-4317-b353-2ab7f4fad156" />
    <UnitTestResult executionId="7ee851f7-d9d1-4aed-812a-3807c373be92" testId="65c93a8f-abc9-3cee-9373-3b05174945a4" testName="Transcriba.Tests.Services.ResearchServiceTests.AssignTranscriptionToResearchAsync_WithNullId_UnlinksTranscription" computerName="GNIOS-PC" duration="00:00:00.0999434" startTime="2026-07-05T11:14:38.8324393-03:00" endTime="2026-07-05T11:14:38.9326410-03:00" testType="13cdc9d9-ddb5-4fa4-a97d-d965ccfc6d4b" outcome="Passed" testListId="8c84fa94-04c1-424b-9868-57a2d4851a1d" relativeResultsDirectory="7ee851f7-d9d1-4aed-812a-3807c373be92" />
    <UnitTestResult executionId="348cf3f9-a890-4d4a-a5be-3d7fc514a4cf" testId="ec34cab2-cb2f-12ed-eda5-fda69f223585" testName="Transcriba.Tests.Services.LibraryServiceTests.SearchText_ReturnsEmptyWhenNoMatch" computerName="GNIOS-PC" duration="00:00:01.4939922" startTime="2026-07-05T11:14:36.6907421-03:00" endTime="2026-07-05T11:14:38.1530322-03:00" testType="13cdc9d9-ddb5-4fa4-a97d-d965ccfc6d4b" outcome="Passed" testListId="8c84fa94-04c1-424b-9868-57a2d4851a1d" relativeResultsDirectory="348cf3f9-a890-4d4a-a5be-3d7fc514a4cf" />
    <UnitTestResult executionId="ac675e57-a330-4251-bb4b-559573ccd190" testId="bf079152-5748-30c6-2c0b-419c8b10b47b" testName="Transcriba.Tests.ViewModels.SpeakerDropdownViewModelTests.RenameSpeaker_UpdatesPersistedNameAndRefreshesSegmentDisplay" computerName="GNIOS-PC" duration="00:00:00.3178219" startTime="2026-07-05T11:14:38.5961167-03:00" endTime="2026-07-05T11:14:38.9197635-03:00" testType="13cdc9d9-ddb5-4fa4-a97d-d965ccfc6d4b" outcome="Passed" testListId="8c84fa94-04c1-424b-9868-57a2d4851a1d" relativeResultsDirectory="ac675e57-a330-4251-bb4b-559573ccd190" />
    <UnitTestResult executionId="92f8c084-c1ae-4a4a-a0f1-95258e264705" testId="7a96254c-4927-cf47-bee9-5c267a66dbaa" testName="Transcriba.Tests.Services.ResearchServiceTests.DeleteAsync_RemovesPageWithoutTranscriptions" computerName="GNIOS-PC" duration="00:00:00.1660288" startTime="2026-07-05T11:14:38.1846150-03:00" endTime="2026-07-05T11:14:38.3507099-03:00" testType="13cdc9d9-ddb5-4fa4-a97d-d965ccfc6d4b" outcome="Passed" testListId="8c84fa94-04c1-424b-9868-57a2d4851a1d" relativeResultsDirectory="92f8c084-c1ae-4a4a-a0f1-95258e264705" />
    <UnitTestResult executionId="3701e68d-12be-4e99-953e-d111773f62bd" testId="d1e437b1-6772-c888-03af-b5adf9c4f50a" testName="Transcriba.Tests.ViewModels.SidebarViewModelTests.ToggleExpand_AlternatesResearchExpandedState" computerName="GNIOS-PC" duration="00:00:00.0058455" startTime="2026-07-05T11:14:36.7596577-03:00" endTime="2026-07-05T11:14:36.7654770-03:00" testType="13cdc9d9-ddb5-4fa4-a97d-d965ccfc6d4b" outcome="Passed" testListId="8c84fa94-04c1-424b-9868-57a2d4851a1d" relativeResultsDirectory="3701e68d-12be-4e99-953e-d111773f62bd" />
[...]
    <TestEntry testId="94be4da9-c48c-cdc3-0088-8d2a0bab918a" executionId="17b52191-fbe1-4713-a933-2c7b10c95425" testListId="8c84fa94-04c1-424b-9868-57a2d4851a1d" />
    <TestEntry testId="b1d36f8d-2f77-6beb-fce4-79380efb7b99" executionId="48cfa61a-1032-4f28-ad13-42c60b1c5cae" testListId="8c84fa94-04c1-424b-9868-57a2d4851a1d" />
    <TestEntry testId="c7aa0e89-ec72-f25b-a611-0d5aaa6eb244" executionId="2faca2f4-1083-4016-9fb0-67df4fee846b" testListId="8c84fa94-04c1-424b-9868-57a2d4851a1d" />
    <TestEntry testId="ebd79b91-7a73-6f6c-37e3-7dffca7e2a9f" executionId="c53e7e5e-cacb-4cfc-b8ea-5487803c0e1f" testListId="8c84fa94-04c1-424b-9868-57a2d4851a1d" />
    <TestEntry testId="4442c2b6-7136-1552-8c7f-8b931140426d" executionId="d93c4427-3b2f-4f5f-b7ab-b75a44822169" testListId="8c84fa94-04c1-424b-9868-57a2d4851a1d" />
    <TestEntry testId="8e9d8e52-db0c-ac3a-7092-d4229440c019" executionId="9292fa77-7c05-4370-9555-5182bd2c62f6" testListId="8c84fa94-04c1-424b-9868-57a2d4851a1d" />
    <TestEntry testId="3b262d31-5fa6-a163-9f94-a634aaf59599" executionId="f806ff14-d83d-4202-9f20-8419f9b9be40" testListId="8c84fa94-04c1-424b-9868-57a2d4851a1d" />
    <TestEntry testId="7a0c24fb-c85c-842c-c1a1-6051370f9174" executionId="4c2988a6-de4a-484a-be34-752cf25060de" testListId="8c84fa94-04c1-424b-9868-57a2d4851a1d" />
    <TestEntry testId="aae8518e-654b-e456-42dc-c68f9418c855" executionId="2320353c-93c7-418b-bdbf-ea4ed61c52e0" testListId="8c84fa94-04c1-424b-9868-57a2d4851a1d" />
    <TestEntry testId="c0ada8ef-acdd-a593-2920-edae8eda1be2" executionId="4c5d5b02-e235-435e-be4d-f9994c4db983" testListId="8c84fa94-04c1-424b-9868-57a2d4851a1d" />
    <TestEntry testId="e94e39dc-b176-b2fc-0973-4b70d4af0972" executionId="22dfe5ac-87d5-4ed9-81e5-c2388beb7054" testListId="8c84fa94-04c1-424b-9868-57a2d4851a1d" />
    <TestEntry testId="67c3d800-e8d7-0ae5-7ea4-e3461e2b9dd4" executionId="68693122-bd48-4ab4-86bf-fbebcde64589" testListId="8c84fa94-04c1-424b-9868-57a2d4851a1d" />
    <TestEntry testId="a51bbe15-96a2-5b06-c518-41c66657ffca" executionId="5cbf613a-59b8-44ef-833d-5d44e8552edf" testListId="8c84fa94-04c1-424b-9868-57a2d4851a1d" />
    <TestEntry testId="ecccca4b-b7d9-9520-e8c6-dde40dadd64b" executionId="5774fd0f-2301-46ce-a98e-885b5761f65d" testListId="8c84fa94-04c1-424b-9868-57a2d4851a1d" />
    <TestEntry testId="6fddcf24-ccc3-3ad5-3e73-829616169940" executionId="c16ffd54-a4eb-4d23-9a59-09f08a42b7da" testListId="8c84fa94-04c1-424b-9868-57a2d4851a1d" />
    <TestEntry testId="ea20ad4c-97dc-14b6-67bf-61d78e9e9805" executionId="44d113d6-6503-409b-8cfb-93b1a5602fa8" testListId="8c84fa94-04c1-424b-9868-57a2d4851a1d" />
    <TestEntry testId="0ea5cd13-b773-4e34-405c-9f7cdbaab2a3" executionId="c59908df-66ce-4df7-a63a-642fd30d4272" testListId="8c84fa94-04c1-424b-9868-57a2d4851a1d" />
    <TestEntry testId="d724cb20-4221-e891-30f9-8338ced2d7b6" executionId="ba7d8610-d776-4c3c-9243-dac31961786f" testListId="8c84fa94-04c1-424b-9868-57a2d4851a1d" />
    <TestEntry testId="7a4c914f-af62-e449-5c1d-67ed7407c589" executionId="d804174f-7c4c-4afe-bc5e-68f6a98557e5" testListId="8c84fa94-04c1-424b-9868-57a2d4851a1d" />
    <TestEntry testId="ded01199-22c2-e53b-2383-1d4a701544e1" executionId="2638d4fc-19f2-4fe7-933f-445a4cdc4eaf" testListId="8c84fa94-04c1-424b-9868-57a2d4851a1d" />
    <TestEntry testId="ec8bbb3e-be52-96bd-ccb4-43f74626455e" executionId="2f93e338-cf3a-4c10-9837-a72b4bb69b5e" testListId="8c84fa94-04c1-424b-9868-57a2d4851a1d" />
    <TestEntry testId="cc2b7c6f-daee-36e2-82db-bb90392585cf" executionId="ba6c39ef-56b0-4ea9-ad6f-66a404f3ec74" testListId="8c84fa94-04c1-424b-9868-57a2d4851a1d" />
    <TestEntry testId="ef72741c-a5e9-3e22-0677-67beae595f92" executionId="45da7ab6-3147-44f8-b3ff-5679c5161ab7" testListId="8c84fa94-04c1-424b-9868-57a2d4851a1d" />
    <TestEntry testId="e4b7c77f-b174-9a7d-0f15-8e2bce2fdae6" executionId="a966f894-f457-4774-b899-64c0c7f60391" testListId="8c84fa94-04c1-424b-9868-57a2d4851a1d" />
    <TestEntry testId="8adcbdd8-70a0-5570-2d11-10256832da9f" executionId="377c5440-bc44-4a9e-b8f5-04270a115be8" testListId="8c84fa94-04c1-424b-9868-57a2d4851a1d" />
    <TestEntry testId="f99b05bb-f8d4-5b30-6522-485a2c66a6f2" executionId="9f13ed80-2e31-40b3-9bd5-254d176f9f5a" testListId="8c84fa94-04c1-424b-9868-57a2d4851a1d" />
    <TestEntry testId="82bbbbdb-ec20-ca1b-891f-eb9e584bbd9d" executionId="2b6fb51b-dd97-412c-ac57-4d2eae0ec82e" testListId="8c84fa94-04c1-424b-9868-57a2d4851a1d" />
    <TestEntry testId="4f6b38d6-e96f-8a96-460d-76d41aa0a96b" executionId="95b246aa-a0c3-4350-bb3f-430bf3310c4c" testListId="8c84fa94-04c1-424b-9868-57a2d4851a1d" />
    <TestEntry testId="18b80582-d916-e7a4-cdec-d4050114740d" executionId="76020bbd-bfd4-4b14-84a3-433b0c3d4cd8" testListId="8c84fa94-04c1-424b-9868-57a2d4851a1d" />
    <TestEntry testId="d17e0173-f0da-51c8-5943-50b76c1979ba" executionId="bb166470-32a9-4510-8152-619266a3fec3" testListId="8c84fa94-04c1-424b-9868-57a2d4851a1d" />
    <TestEntry testId="075c98f8-5cdd-ec2b-b8f8-6a63c7de09bc" executionId="302253d9-5183-4372-8472-45461f321218" testListId="8c84fa94-04c1-424b-9868-57a2d4851a1d" />
    <TestEntry testId="2ab3d152-31cd-dc61-27e2-0746bb3d99b7" executionId="523a2783-290c-47c4-85cd-b88ab2b504ec" testListId="8c84fa94-04c1-424b-9868-57a2d4851a1d" />
    <TestEntry testId="ddb4350b-c640-7dc0-a128-017ea0356a66" executionId="f972499e-2a70-4dec-a9ce-f31412688541" testListId="8c84fa94-04c1-424b-9868-57a2d4851a1d" />
    <TestEntry testId="23a13b4c-40d4-2b04-ef61-1fb0cb1505bd" executionId="d6851b35-bec6-44b8-83b0-d064802012fb" testListId="8c84fa94-04c1-424b-9868-57a2d4851a1d" />
    <TestEntry testId="dde11208-9c53-2650-9c6f-96fe1284bb78" executionId="9a6320c9-546d-4c4d-9344-a92327b6e320" testListId="8c84fa94-04c1-424b-9868-57a2d4851a1d" />
    <TestEntry testId="0e59609e-d692-9a61-8585-e37e40faac22" executionId="e605bbcd-b79e-4211-94a3-db9a365db2c2" testListId="8c84fa94-04c1-424b-9868-57a2d4851a1d" />
    <TestEntry testId="219e763e-477b-d30b-1d03-9276b5e12232" executionId="9918ecff-ecbf-4314-89ee-0a51c01df0ef" testListId="8c84fa94-04c1-424b-9868-57a2d4851a1d" />
    <TestEntry testId="b83803c2-ba8b-24a8-2d0e-57e5edc695f3" executionId="30526dcb-a126-4111-b04d-8fee91202a1f" testListId="8c84fa94-04c1-424b-9868-57a2d4851a1d" />
    <TestEntry testId="f4f9ed26-7007-7532-8276-a52ed3f6090e" executionId="7512db23-f4a6-4706-bc49-266857b75ebe" testListId="8c84fa94-04c1-424b-9868-57a2d4851a1d" />
    <TestEntry testId="73ee4916-3a83-dfcd-9ca5-2dc820f82974" executionId="67f89c5d-9ac3-435f-a261-81f6dbf8d0f1" testListId="8c84fa94-04c1-424b-9868-57a2d4851a1d" />
    <TestEntry testId="907e0d4d-9468-a338-f5ea-c58434989e4b" executionId="0386b8ea-af46-4531-8426-42f4ec71b474" testListId="8c84fa94-04c1-424b-9868-57a2d4851a1d" />
    <TestEntry testId="d130ad78-c04f-8ddc-8f80-3167e229e685" executionId="669e3f54-9075-4e3a-b8ed-a58d3807e78c" testListId="8c84fa94-04c1-424b-9868-57a2d4851a1d" />
    <TestEntry testId="bdd830af-0c22-d0b2-ac0a-59f606c33ec3" executionId="418177b6-30a2-4eef-9871-9a93396815e9" testListId="8c84fa94-04c1-424b-9868-57a2d4851a1d" />
    <TestEntry testId="2b8ec057-8912-237e-0762-d2d7a0363d30" executionId="fb54b1d7-a38b-4b9b-a7fe-8aca28fa6a26" testListId="8c84fa94-04c1-424b-9868-57a2d4851a1d" />
    <TestEntry testId="4b999832-2ca3-64be-dcd0-298bc5ccbcf9" executionId="879bdfd2-a452-4b16-9140-3dac73ec416d" testListId="8c84fa94-04c1-424b-9868-57a2d4851a1d" />
    <TestEntry testId="d708073c-4e48-cb83-7bfa-3bc8d548e310" executionId="a2dc2d3a-ac30-4878-b5f7-c592eeb3f21f" testListId="8c84fa94-04c1-424b-9868-57a2d4851a1d" />
    <TestEntry testId="d378baa2-5434-12fb-5892-5e561d2f8332" executionId="f9fee27f-4c8f-4f23-a03d-fd646a999ed6" testListId="8c84fa94-04c1-424b-9868-57a2d4851a1d" />
    <TestEntry testId="148e5529-ae83-2366-c1f4-7d91ee9dc134" executionId="42aeecd7-a528-4048-917c-6984ef74b7cb" testListId="8c84fa94-04c1-424b-9868-57a2d4851a1d" />
    <TestEntry testId="b1e79b71-421a-ee4c-2cc6-8a1f4ed98134" executionId="078b9b65-645c-4137-bd16-deb25beca92f" testListId="8c84fa94-04c1-424b-9868-57a2d4851a1d" />
    <TestEntry testId="74302693-5333-be94-e5c3-b1ecb32820e7" executionId="f3beb909-146a-4930-989f-d56b608eb742" testListId="8c84fa94-04c1-424b-9868-57a2d4851a1d" />
    <TestEntry testId="198e7210-910e-8e10-afd0-ad1d40c12403" executionId="d2efd793-0c10-4154-90e5-1e8ed86c9add" testListId="8c84fa94-04c1-424b-9868-57a2d4851a1d" />
    <TestEntry testId="a04b75b0-9237-cb43-f351-126f3661f211" executionId="8c752b43-a892-426c-84f6-94f19ee3f750" testListId="8c84fa94-04c1-424b-9868-57a2d4851a1d" />
    <TestEntry testId="32020a05-a301-49ba-88ca-b26816883d44" executionId="969d0f06-e06f-467d-b61a-58d3a33d4b3c" testListId="8c84fa94-04c1-424b-9868-57a2d4851a1d" />
    <TestEntry testId="5a5fe891-52d7-4f4a-0e2e-2dfc72977511" executionId="70af62a1-aeab-4ab6-897d-d5ed18b6f4ec" testListId="8c84fa94-04c1-424b-9868-57a2d4851a1d" />
    <TestEntry testId="cae58c52-1000-4c66-f8de-ee466912d71c" executionId="02ec5640-054a-49f6-afb1-6df078b33779" testListId="8c84fa94-04c1-424b-9868-57a2d4851a1d" />
    <TestEntry testId="5b7cc3cb-5bef-3620-9aa3-031ef2201c12" executionId="b2bb9715-ff30-40ba-8041-3c0fae82f3e3" testListId="8c84fa94-04c1-424b-9868-57a2d4851a1d" />
    <TestEntry testId="c746ae21-5a99-ee0e-af67-4d224e295935" executionId="36a4a5cc-d2c9-4652-80aa-82cf39e89b8e" testListId="8c84fa94-04c1-424b-9868-57a2d4851a1d" />
    <TestEntry testId="f97d1fb4-25f2-7ea1-7e02-0d9514409cb8" executionId="f76d7caf-e2a6-4e7c-a6ba-d0f6890d38ae" testListId="8c84fa94-04c1-424b-9868-57a2d4851a1d" />
    <TestEntry testId="bb2efed2-2f2e-89a1-d1b0-58f4639c8927" executionId="cbc643e9-2a55-44c4-8b3e-f722cf360fd5" testListId="8c84fa94-04c1-424b-9868-57a2d4851a1d" />
    <TestEntry testId="1fd0879d-02ed-46a5-5dd1-44ae2f43e6a9" executionId="daa4b94a-dab7-4066-b5ba-702d98db6fb4" testListId="8c84fa94-04c1-424b-9868-57a2d4851a1d" />
    <TestEntry testId="979a666c-bc35-b9c3-6a58-cac34d785973" executionId="d07251cd-4a9c-43c7-a4ac-5706e6b21fe9" testListId="8c84fa94-04c1-424b-9868-57a2d4851a1d" />
    <TestEntry testId="999f32ca-9af3-7505-baf2-294d3b271829" executionId="e97b4133-8462-4317-b353-2ab7f4fad156" testListId="8c84fa94-04c1-424b-9868-57a2d4851a1d" />
    <TestEntry testId="65c93a8f-abc9-3cee-9373-3b05174945a4" executionId="7ee851f7-d9d1-4aed-812a-3807c373be92" testListId="8c84fa94-04c1-424b-9868-57a2d4851a1d" />
    <TestEntry testId="ec34cab2-cb2f-12ed-eda5-fda69f223585" executionId="348cf3f9-a890-4d4a-a5be-3d7fc514a4cf" testListId="8c84fa94-04c1-424b-9868-57a2d4851a1d" />
    <TestEntry testId="bf079152-5748-30c6-2c0b-419c8b10b47b" executionId="ac675e57-a330-4251-bb4b-559573ccd190" testListId="8c84fa94-04c1-424b-9868-57a2d4851a1d" />
    <TestEntry testId="7a96254c-4927-cf47-bee9-5c267a66dbaa" executionId="92f8c084-c1ae-4a4a-a0f1-95258e264705" testListId="8c84fa94-04c1-424b-9868-57a2d4851a1d" />
    <TestEntry testId="d1e437b1-6772-c888-03af-b5adf9c4f50a" executionId="3701e68d-12be-4e99-953e-d111773f62bd" testListId="8c84fa94-04c1-424b-9868-57a2d4851a1d" />
    <TestEntry testId="36356fe1-86cb-868c-9feb-3f9f51f450b3" executionId="88cf89e2-36ee-4e15-a9b2-a9ed9cbdcc73" testListId="8c84fa94-04c1-424b-9868-57a2d4851a1d" />
    <TestEntry testId="1691d30a-6b9c-3fd7-bb77-224f45b9f58d" executionId="0103b15e-fbe6-4c73-bb4d-9add785be621" testListId="8c84fa94-04c1-424b-9868-57a2d4851a1d" />
    <TestEntry testId="9d9121e8-3725-8b48-7773-d65e37205994" executionId="69333fcb-823f-40a7-8d80-e97706d68a82" testListId="8c84fa94-04c1-424b-9868-57a2d4851a1d" />
    <TestEntry testId="11039d25-ae65-97cd-29e0-98d5b7a21e72" executionId="32b87584-f391-42a0-b39f-6fce5aab3cb7" testListId="8c84fa94-04c1-424b-9868-57a2d4851a1d" />
    <TestEntry testId="855df1d8-1978-64af-6cd8-61cf3abfc806" executionId="6a9a6ce7-5a9f-4a67-aa60-ea841b1a446e" testListId="8c84fa94-04c1-424b-9868-57a2d4851a1d" />
    <TestEntry testId="af75e483-67d2-225a-3495-27b97ed94f67" executionId="fa4c203f-9745-430e-9ef4-2bdc0c9982d6" testListId="8c84fa94-04c1-424b-9868-57a2d4851a1d" />
    <TestEntry testId="c0a28af4-5ab2-645c-dac7-90b3267282e2" executionId="9340c735-d72a-431e-99af-90f6fe8586dd" testListId="8c84fa94-04c1-424b-9868-57a2d4851a1d" />
    <TestEntry testId="9cf384c9-cade-14c0-dc30-827d12e9a119" executionId="82731661-5345-4b32-84a5-99f73fe7227a" testListId="8c84fa94-04c1-424b-9868-57a2d4851a1d" />
    <TestEntry testId="d547bdb1-2eb7-4eb7-bb14-7046b5d63594" executionId="37231c33-8d3b-40b9-8ad8-8a2dcd410e72" testListId="8c84fa94-04c1-424b-9868-57a2d4851a1d" />
    <TestEntry testId="e6839c32-5b14-4790-d612-0d328e11e6fa" executionId="56da20a9-4d9b-45fd-a4bb-4e077f325198" testListId="8c84fa94-04c1-424b-9868-57a2d4851a1d" />
    <TestEntry testId="44be1419-51ad-7b73-c8ec-05351acf58e4" executionId="b31fc9e6-8c6c-420a-9794-1ad9e21c0930" testListId="8c84fa94-04c1-424b-9868-57a2d4851a1d" />
    <TestEntry testId="69deb4cd-b8cf-7096-5cee-62ad247cb17e" executionId="3363d807-cb07-465b-ab21-c2743de5e509" testListId="8c84fa94-04c1-424b-9868-57a2d4851a1d" />
    <TestEntry testId="5e16049b-36f6-f726-04ee-3ba928bcfb33" executionId="e68e6391-2427-4630-94ae-c7d26c9f440c" testListId="8c84fa94-04c1-424b-9868-57a2d4851a1d" />
    <TestEntry testId="758109ef-7670-10ac-98c2-76255fdab4d0" executionId="5f2993b7-40d7-4f14-9226-d0be892cf746" testListId="8c84fa94-04c1-424b-9868-57a2d4851a1d" />
    <TestEntry testId="55c89258-7dee-d1ef-c6da-053960d1b41b" executionId="79d9b720-6844-45f7-a4ae-229c25ff0706" testListId="8c84fa94-04c1-424b-9868-57a2d4851a1d" />
    <TestEntry testId="55ff09e6-b882-91ab-dcd1-44bcf19656aa" executionId="9ae328e2-0326-471d-9d09-2b84ff9a4c87" testListId="8c84fa94-04c1-424b-9868-57a2d4851a1d" />
    <TestEntry testId="b1e4a91a-428f-e17f-56d5-90a4fc5689b1" executionId="07e631f7-ef38-4f0a-9abe-05bce20ad707" testListId="8c84fa94-04c1-424b-9868-57a2d4851a1d" />
    <TestEntry testId="e485ba28-0633-ec79-ccca-87d8a7ef61fc" executionId="596fa470-5639-4715-a636-55348277e3c9" testListId="8c84fa94-04c1-424b-9868-57a2d4851a1d" />
    <TestEntry testId="bddf6194-f691-cc3f-03e0-fe00f9adb9e4" executionId="a8cafd01-73f9-466c-8173-3ae99055664e" testListId="8c84fa94-04c1-424b-9868-57a2d4851a1d" />
    <TestEntry testId="1fac0f63-848d-b567-bbbe-07009f8a535d" executionId="cb4b1550-b4dc-4949-9365-fb3b81fc5fdb" testListId="8c84fa94-04c1-424b-9868-57a2d4851a1d" />
    <TestEntry testId="9e18eb7a-8095-9843-79a6-2c8c19f2fea2" executionId="26354cf8-60f7-4e54-99d3-18120a9059b1" testListId="8c84fa94-04c1-424b-9868-57a2d4851a1d" />
    <TestEntry testId="78bec591-5f90-5bfd-4093-8c60fe3a4606" executionId="21810049-cfaa-4c6f-920f-c14ce58dfb43" testListId="8c84fa94-04c1-424b-9868-57a2d4851a1d" />
    <TestEntry testId="5ab1925d-e189-8b4b-5d56-ba2dd53e4a2b" executionId="000fe53b-d9f3-41c3-b6eb-6a1925e8d58f" testListId="8c84fa94-04c1-424b-9868-57a2d4851a1d" />
    <TestEntry testId="287cb559-a601-7d35-f137-09ee363a08b4" executionId="7585bc60-e98e-4991-8a50-f6d20fc03280" testListId="8c84fa94-04c1-424b-9868-57a2d4851a1d" />
    <TestEntry testId="f1385fb5-5748-766d-e297-7ba52023790b" executionId="870cc1f7-132a-48b5-8ff2-81bd9e23cf6d" testListId="8c84fa94-04c1-424b-9868-57a2d4851a1d" />
    <TestEntry testId="6e7a7a56-ed6f-9042-bca2-8b29e58f7c23" executionId="b808e948-f7be-479a-8bd6-f9f1440cb2c7" testListId="8c84fa94-04c1-424b-9868-57a2d4851a1d" />
    <TestEntry testId="5ae0ef6c-4090-4d28-bf5f-fe8f753d2834" executionId="b2c843bc-dbb5-4825-bf06-5f7b96b10f60" testListId="8c84fa94-04c1-424b-9868-57a2d4851a1d" />
    <TestEntry testId="5c608be3-8509-83a7-b5a4-5a8f586a1156" executionId="2963c820-a082-4bf8-ab04-2350fec52f42" testListId="8c84fa94-04c1-424b-9868-57a2d4851a1d" />
    <TestEntry testId="6bdb47fb-ded5-8175-0919-fcb9dc4e6c94" executionId="49368edb-ed95-47c0-a232-9bb5c1f20cc3" testListId="8c84fa94-04c1-424b-9868-57a2d4851a1d" />
    <TestEntry testId="4f2ea065-41dc-62b4-ba9d-e39a1c889ae2" executionId="bd228592-a600-4b48-b4f3-28e29259407e" testListId="8c84fa94-04c1-424b-9868-57a2d4851a1d" />
    <TestEntry testId="93d5b2bf-d390-e418-4445-eca4c2130ef7" executionId="48af4887-e364-4a08-9e83-02a9c21a74f8" testListId="8c84fa94-04c1-424b-9868-57a2d4851a1d" />
    <TestEntry testId="0c0b502b-3694-097a-3dd0-e8f21a3cb17a" executionId="31093387-11be-4afc-9883-6f8f6eacf664" testListId="8c84fa94-04c1-424b-9868-57a2d4851a1d" />
    <TestEntry testId="2b584538-b10d-0f5c-95ce-57d9d79246e3" executionId="830cba87-3db2-4402-a0de-98182b819d09" testListId="8c84fa94-04c1-424b-9868-57a2d4851a1d" />
    <TestEntry testId="da9db605-d1af-aedd-b266-ecd5240cb188" executionId="48e94b5a-69ff-41fc-a21c-7f7a0507c5d5" testListId="8c84fa94-04c1-424b-9868-57a2d4851a1d" />
    <TestEntry testId="c48fe609-f5f9-ad26-e137-053486aa2314" executionId="441d7cf1-2c8d-4b40-b047-8eef4ad544d7" testListId="8c84fa94-04c1-424b-9868-57a2d4851a1d" />
  </TestEntries>
  <TestLists>
    <TestList name="Results Not in a List" id="8c84fa94-04c1-424b-9868-57a2d4851a1d" />
    <TestList name="All Loaded Results" id="19431567-8539-422a-85d7-44ee4e166bda" />
  </TestLists>
  <ResultSummary outcome="Failed">
    <Counters total="176" executed="176" passed="174" failed="2" error="0" timeout="0" aborted="0" inconclusive="0" passedButRunAborted="0" notRunnable="0" notExecuted="0" disconnected="0" warning="0" completed="0" inProgress="0" pending="0" />
    <Output>
      <StdOut>[xUnit.net 00:00:00.00] xUnit.net VSTest Adapter v3.1.4+50e68bbb8b (64-bit .NET 10.0.9)&#xD;
[xUnit.net 00:00:00.09]   Discovering: Transcriba.Tests&#xD;
[xUnit.net 00:00:00.15]   Discovered:  Transcriba.Tests&#xD;
[xUnit.net 00:00:00.19]   Starting:    Transcriba.Tests&#xD;
[xUnit.net 00:00:00.30]       Assert.Equal() Failure: Values differ&#xD;
[xUnit.net 00:00:00.30]       Expected: 0&#xD;
[xUnit.net 00:00:00.30]       Actual:   2,2727272727272725&#xD;
[xUnit.net 00:00:00.30]       Stack Trace:&#xD;
[xUnit.net 00:00:00.30]         D:\proj\faster-whisper\tests\Transcriba.Tests\Services\SegmentEditingServiceTests.cs(66,0): at Transcriba.Tests.Services.SegmentEditingServiceTests.SplitAtCaret_SplitsTextAtCaretPosition()&#xD;
[xUnit.net 00:00:00.30]            at System.Reflection.MethodBaseInvoker.InterpretedInvoke_Method(Object obj, IntPtr* args)&#xD;
[xUnit.net 00:00:00.30]            at System.Reflection.MethodBaseInvoker.InvokeWithNoArgs(Object obj, BindingFlags invokeAttr)&#xD;
[xUnit.net 00:00:02.03]       Assert.Single() Failure: The collection was empty&#xD;
[xUnit.net 00:00:02.03]       Stack Trace:&#xD;
[xUnit.net 00:00:02.03]         D:\proj\faster-whisper\tests\Transcriba.Tests\Engine\TranscriptionQueueServiceTests.cs(28,0): at Transcriba.Tests.Engine.TranscriptionQueueServiceTests.Enqueue_WhenEngineSucceeds_UpdatesStatusToDone()&#xD;
[xUnit.net 00:00:02.03]         D:\proj\faster-whisper\tests\Transcriba.Tests\Engine\TranscriptionQueueServiceTests.cs(29,0): at Transcriba.Tests.Engine.TranscriptionQueueServiceTests.Enqueue_WhenEngineSucceeds_UpdatesStatusToDone()&#xD;
[xUnit.net 00:00:02.03]         D:\proj\faster-whisper\tests\Transcriba.Tests\Engine\TranscriptionQueueServiceTests.cs(29,0): at Transcriba.Tests.Engine.TranscriptionQueueServiceTests.Enqueue_WhenEngineSucceeds_UpdatesStatusToDone()&#xD;
[xUnit.net 00:00:02.03]         --- End of stack trace from previous location ---&#xD;
[xUnit.net 00:00:05.30]   Finished:    Transcriba.Tests&#xD;
</StdOut>
    </Output>
    <RunInfos>
      <RunInfo computerName="GNIOS-PC" outcome="Error" timestamp="2026-07-05T11:14:36.7491067-03:00">
        <Text>[xUnit.net 00:00:00.30]     Transcriba.Tests.Services.SegmentEditingServiceTests.SplitAtCaret_SplitsTextAtCaretPosition [FAIL]</Text>
      </RunInfo>
      <RunInfo computerName="GNIOS-PC" outcome="Error" timestamp="2026-07-05T11:14:38.4663040-03:00">
        <Text>[xUnit.net 00:00:02.03]     Transcriba.Tests.Engine.TranscriptionQueueServiceTests.Enqueue_WhenEngineSucceeds_UpdatesStatusToDone [FAIL]</Text>
      </RunInfo>
    </RunInfos>
  </ResultSummary>
</TestRun>