<?xml version="1.0" encoding="utf-8"?>
<TestRun id="eebcccf3-cc39-4ab4-aa35-06acb1180067" name="eugen@GNIOS-PC 2026-07-05 10:30:24" runUser="GNIOS-PC\eugen" xmlns="http://microsoft.com/schemas/VisualStudio/TeamTest/2010">
  <Times creation="2026-07-05T10:30:24.9380106-03:00" queuing="2026-07-05T10:30:24.9380108-03:00" start="2026-07-05T10:30:24.1028951-03:00" finish="2026-07-05T10:30:29.8429539-03:00" />
  <TestSettings name="default" id="79a5ec75-f020-4b2b-b13c-aea4e62f6312">
    <Deployment runDeploymentRoot="eugen_GNIOS-PC_2026-07-05_10_30_24" />
  </TestSettings>
  <Results>
    <UnitTestResult executionId="5b176c95-5215-4fee-9c88-9ccf887a7233" testId="f34fe174-cc6e-3fad-b0de-c64c448de369" testName="Transcriba.Tests.Services.ResearchServiceTests.AssignTranscriptionToResearchAsync_WithUnknownResearch_Throws" computerName="GNIOS-PC" duration="00:00:00.0769633" startTime="2026-07-05T10:30:27.6481611-03:00" endTime="2026-07-05T10:30:27.7249584-03:00" testType="13cdc9d9-ddb5-4fa4-a97d-d965ccfc6d4b" outcome="Passed" testListId="8c84fa94-04c1-424b-9868-57a2d4851a1d" relativeResultsDirectory="5b176c95-5215-4fee-9c88-9ccf887a7233" />
    <UnitTestResult executionId="b747fc4f-b329-4a43-9edf-cd9c05c48599" testId="bdb527ba-e941-0f03-2550-a4c4f20a6384" testName="Transcriba.Tests.ViewModels.ResearchPageViewModelTests.DeleteTranscription_Cancelled_KeepsTranscription" computerName="GNIOS-PC" duration="00:00:00.1193963" startTime="2026-07-05T10:30:27.9369265-03:00" endTime="2026-07-05T10:30:28.0559412-03:00" testType="13cdc9d9-ddb5-4fa4-a97d-d965ccfc6d4b" outcome="Passed" testListId="8c84fa94-04c1-424b-9868-57a2d4851a1d" relativeResultsDirectory="b747fc4f-b329-4a43-9edf-cd9c05c48599" />
    <UnitTestResult executionId="dc58bf52-589a-471b-aa3d-5eb89a011d67" testId="2b8ec057-8912-237e-0762-d2d7a0363d30" testName="Transcriba.Tests.Engine.ChunkPlannerTests.GroupParts_WhenTrechosExceedMaxPartes_GroupsRespectingOffsets" computerName="GNIOS-PC" duration="00:00:00.0164559" startTime="2026-07-05T10:30:24.8744488-03:00" endTime="2026-07-05T10:30:24.9205123-03:00" testType="13cdc9d9-ddb5-4fa4-a97d-d965ccfc6d4b" outcome="Passed" testListId="8c84fa94-04c1-424b-9868-57a2d4851a1d" relativeResultsDirectory="dc58bf52-589a-471b-aa3d-5eb89a011d67" />
    <UnitTestResult executionId="66c84a06-0a0d-4e08-9101-cb65f2f98e3f" testId="fdeca533-9117-3d20-7afd-94d6d7490709" testName="Transcriba.Tests.ViewModels.EditorViewModelTests.StatusChanged_Done_LoadsSegmentsWithoutManualReload" computerName="GNIOS-PC" duration="00:00:00.1994101" startTime="2026-07-05T10:30:28.9913661-03:00" endTime="2026-07-05T10:30:29.1912263-03:00" testType="13cdc9d9-ddb5-4fa4-a97d-d965ccfc6d4b" outcome="Passed" testListId="8c84fa94-04c1-424b-9868-57a2d4851a1d" relativeResultsDirectory="66c84a06-0a0d-4e08-9101-cb65f2f98e3f" />
    <UnitTestResult executionId="02c38a44-e35b-47c4-a1f9-b7a48d52bc12" testId="2b584538-b10d-0f5c-95ce-57d9d79246e3" testName="Transcriba.Tests.Services.LibraryServiceTests.UpdateTranscriptionTagsAsync_WithEmptySet_ClearsAllTags" computerName="GNIOS-PC" duration="00:00:00.2261552" startTime="2026-07-05T10:30:26.8548559-03:00" endTime="2026-07-05T10:30:27.0808231-03:00" testType="13cdc9d9-ddb5-4fa4-a97d-d965ccfc6d4b" outcome="Passed" testListId="8c84fa94-04c1-424b-9868-57a2d4851a1d" relativeResultsDirectory="02c38a44-e35b-47c4-a1f9-b7a48d52bc12" />
    <UnitTestResult executionId="6bf0f04f-7d3f-4d10-9316-ff0b31a6ca04" testId="5c608be3-8509-83a7-b5a4-5a8f586a1156" testName="Transcriba.Tests.Services.SpeakerServiceTests.CreateSpeakerAsync_AssignsColorsInPaletteCycle" computerName="GNIOS-PC" duration="00:00:00.1695465" startTime="2026-07-05T10:30:26.4999089-03:00" endTime="2026-07-05T10:30:26.6691090-03:00" testType="13cdc9d9-ddb5-4fa4-a97d-d965ccfc6d4b" outcome="Passed" testListId="8c84fa94-04c1-424b-9868-57a2d4851a1d" relativeResultsDirectory="6bf0f04f-7d3f-4d10-9316-ff0b31a6ca04" />
    <UnitTestResult executionId="f3e15bc5-001b-44b0-91f6-485c18aad2f2" testId="1fac0f63-848d-b567-bbbe-07009f8a535d" testName="Transcriba.Tests.Services.LibraryServiceTests.GetTranscriptions_FiltersByTag" computerName="GNIOS-PC" duration="00:00:00.1172948" startTime="2026-07-05T10:30:27.2131008-03:00" endTime="2026-07-05T10:30:27.3301163-03:00" testType="13cdc9d9-ddb5-4fa4-a97d-d965ccfc6d4b" outcome="Passed" testListId="8c84fa94-04c1-424b-9868-57a2d4851a1d" relativeResultsDirectory="f3e15bc5-001b-44b0-91f6-485c18aad2f2" />
    <UnitTestResult executionId="9f75691a-d1e3-4ae5-9ec3-d499cdba916c" testId="4ab17726-98c4-b5e0-36c1-1294d055b6ff" testName="Transcriba.Tests.ViewModels.EditorViewModelTests.RemoveTagCommand_RemovesTagFromTranscription" computerName="GNIOS-PC" duration="00:00:02.2917442" startTime="2026-07-05T10:30:24.9306480-03:00" endTime="2026-07-05T10:30:27.1600332-03:00" testType="13cdc9d9-ddb5-4fa4-a97d-d965ccfc6d4b" outcome="Passed" testListId="8c84fa94-04c1-424b-9868-57a2d4851a1d" relativeResultsDirectory="9f75691a-d1e3-4ae5-9ec3-d499cdba916c" />
    <UnitTestResult executionId="354a21df-7b24-418b-9ec4-93c1f64e16a8" testId="d7d22f5a-e965-b80f-ef5f-6474b6c78760" testName="Transcriba.Tests.Services.SegmentEditingServiceTests.SplitAtCaret_ReturnsNullWhenAfterPartWouldBeEmpty" computerName="GNIOS-PC" duration="00:00:00.0002341" startTime="2026-07-05T10:30:24.9260367-03:00" endTime="2026-07-05T10:30:24.9260979-03:00" testType="13cdc9d9-ddb5-4fa4-a97d-d965ccfc6d4b" outcome="Passed" testListId="8c84fa94-04c1-424b-9868-57a2d4851a1d" relativeResultsDirectory="354a21df-7b24-418b-9ec4-93c1f64e16a8" />
    <UnitTestResult executionId="87f503ad-656d-43ac-bf04-84d1e7e047f6" testId="e4b7c77f-b174-9a7d-0f15-8e2bce2fdae6" testName="Transcriba.Tests.Services.ExportServiceTests.ExportTxtAsync_WritesHeaderAndSegmentLines" computerName="GNIOS-PC" duration="00:00:01.6426837" startTime="2026-07-05T10:30:24.9227290-03:00" endTime="2026-07-05T10:30:26.5033831-03:00" testType="13cdc9d9-ddb5-4fa4-a97d-d965ccfc6d4b" outcome="Passed" testListId="8c84fa94-04c1-424b-9868-57a2d4851a1d" relativeResultsDirectory="87f503ad-656d-43ac-bf04-84d1e7e047f6" />
    <UnitTestResult executionId="881ff552-16f4-4c1e-abb8-1062ba65adb3" testId="8adcbdd8-70a0-5570-2d11-10256832da9f" testName="Transcriba.Tests.ViewModels.DashboardViewModelTests.SetDoneFilter_ReturnsOnlyDoneCards" computerName="GNIOS-PC" duration="00:00:00.3657684" startTime="2026-07-05T10:30:27.0204327-03:00" endTime="2026-07-05T10:30:27.3869882-03:00" testType="13cdc9d9-ddb5-4fa4-a97d-d965ccfc6d4b" outcome="Passed" testListId="8c84fa94-04c1-424b-9868-57a2d4851a1d" relativeResultsDirectory="881ff552-16f4-4c1e-abb8-1062ba65adb3" />
    <UnitTestResult executionId="88f698e2-f628-40c2-a189-fe7818113950" testId="7ad7dcf1-ac8b-1855-dc2f-70b82d2f37a9" testName="Transcriba.Tests.ViewModels.DashboardViewModelTests.NavigationParameter_StatusFilter_IsAppliedOnLoad" computerName="GNIOS-PC" duration="00:00:00.1372615" startTime="2026-07-05T10:30:28.5098763-03:00" endTime="2026-07-05T10:30:28.6475761-03:00" testType="13cdc9d9-ddb5-4fa4-a97d-d965ccfc6d4b" outcome="Passed" testListId="8c84fa94-04c1-424b-9868-57a2d4851a1d" relativeResultsDirectory="88f698e2-f628-40c2-a189-fe7818113950" />
    <UnitTestResult executionId="ebf05ecf-32cb-40f3-977a-366242d05de1" testId="b83803c2-ba8b-24a8-2d0e-57e5edc695f3" testName="Transcriba.Tests.ViewModels.NewPageModalViewModelTests.ConfirmAsync_Research_NavigatesToDashboardAndRefreshesSidebar" computerName="GNIOS-PC" duration="00:00:00.1383441" startTime="2026-07-05T10:30:27.5049424-03:00" endTime="2026-07-05T10:30:27.6431028-03:00" testType="13cdc9d9-ddb5-4fa4-a97d-d965ccfc6d4b" outcome="Passed" testListId="8c84fa94-04c1-424b-9868-57a2d4851a1d" relativeResultsDirectory="ebf05ecf-32cb-40f3-977a-366242d05de1" />
    <UnitTestResult executionId="115f0791-e0f4-4de1-b5b7-6e7a8f82b3fc" testId="bdd830af-0c22-d0b2-ac0a-59f606c33ec3" testName="Transcriba.Tests.Engine.ChunkPlannerTests.CalculateParallelLimits_AlwaysSerializesNativeDecoding(device: Cuda)" computerName="GNIOS-PC" duration="00:00:00.0000027" startTime="2026-07-05T10:30:24.9233937-03:00" endTime="2026-07-05T10:30:24.9234288-03:00" testType="13cdc9d9-ddb5-4fa4-a97d-d965ccfc6d4b" outcome="Passed" testListId="8c84fa94-04c1-424b-9868-57a2d4851a1d" relativeResultsDirectory="115f0791-e0f4-4de1-b5b7-6e7a8f82b3fc" />
    <UnitTestResult executionId="5c6421d4-f5c5-4e05-9ba6-70d658c93ee7" testId="a45d28c4-a52f-740d-f0fd-fa72262a6703" testName="Transcriba.Tests.Services.LibraryServiceTests.GetTranscriptions_FiltersByProgressStatus" computerName="GNIOS-PC" duration="00:00:00.0685555" startTime="2026-07-05T10:30:27.7170521-03:00" endTime="2026-07-05T10:30:27.7854151-03:00" testType="13cdc9d9-ddb5-4fa4-a97d-d965ccfc6d4b" outcome="Passed" testListId="8c84fa94-04c1-424b-9868-57a2d4851a1d" relativeResultsDirectory="5c6421d4-f5c5-4e05-9ba6-70d658c93ee7" />
    <UnitTestResult executionId="6175818a-dbff-4df4-b60b-759984514034" testId="8e9d8e52-db0c-ac3a-7092-d4229440c019" testName="Transcriba.Tests.ViewModels.EditorPlaybackIntegrationTests.PlaybackPositionUpdate_RaisesScrollToActiveSegment" computerName="GNIOS-PC" duration="00:00:01.9526435" startTime="2026-07-05T10:30:24.9333535-03:00" endTime="2026-07-05T10:30:26.8279737-03:00" testType="13cdc9d9-ddb5-4fa4-a97d-d965ccfc6d4b" outcome="Passed" testListId="8c84fa94-04c1-424b-9868-57a2d4851a1d" relativeResultsDirectory="6175818a-dbff-4df4-b60b-759984514034" />
    <UnitTestResult executionId="e719be30-16d3-4d4a-8e44-72fd29713c87" testId="61c496f7-07af-59c7-e773-6670cab26e32" testName="Transcriba.Tests.ViewModels.EditorViewModelTests.CommitTitle_UpdatesBreadcrumbTitle" computerName="GNIOS-PC" duration="00:00:00.2436856" startTime="2026-07-05T10:30:28.2317438-03:00" endTime="2026-07-05T10:30:28.4756853-03:00" testType="13cdc9d9-ddb5-4fa4-a97d-d965ccfc6d4b" outcome="Passed" testListId="8c84fa94-04c1-424b-9868-57a2d4851a1d" relativeResultsDirectory="e719be30-16d3-4d4a-8e44-72fd29713c87" />
    <UnitTestResult executionId="5463091f-9c80-4ff3-8786-0028eff6e7e8" testId="b74a10d3-90ac-3159-fd32-dc145d7fbd6e" testName="Transcriba.Tests.ViewModels.EditorPlaybackIntegrationTests.SegmentClick_SeeksPlayerToSegmentStart" computerName="GNIOS-PC" duration="00:00:00.2689392" startTime="2026-07-05T10:30:27.2315657-03:00" endTime="2026-07-05T10:30:27.5011472-03:00" testType="13cdc9d9-ddb5-4fa4-a97d-d965ccfc6d4b" outcome="Passed" testListId="8c84fa94-04c1-424b-9868-57a2d4851a1d" relativeResultsDirectory="5463091f-9c80-4ff3-8786-0028eff6e7e8" />
    <UnitTestResult executionId="a20c6520-2dc3-4c9f-9768-d3f350c0c454" testId="329ea4c8-2987-d1e7-620d-3eebbb9428bd" testName="Transcriba.Tests.UnitTest1.Test1" computerName="GNIOS-PC" duration="00:00:00.0028040" startTime="2026-07-05T10:30:24.8742434-03:00" endTime="2026-07-05T10:30:24.8786199-03:00" testType="13cdc9d9-ddb5-4fa4-a97d-d965ccfc6d4b" outcome="Passed" testListId="8c84fa94-04c1-424b-9868-57a2d4851a1d" relativeResultsDirectory="a20c6520-2dc3-4c9f-9768-d3f350c0c454" />
    <UnitTestResult executionId="6f27a6b4-cf85-4382-976a-22017ead21e9" testId="ae44e7cc-6aa0-d970-207e-4e6c289e7ec7" testName="Transcriba.Tests.ViewModels.EditorViewModelTests.Initialize_Done_LoadsSegments" computerName="GNIOS-PC" duration="00:00:00.2003338" startTime="2026-07-05T10:30:27.5385487-03:00" endTime="2026-07-05T10:30:27.7390751-03:00" testType="13cdc9d9-ddb5-4fa4-a97d-d965ccfc6d4b" outcome="Passed" testListId="8c84fa94-04c1-424b-9868-57a2d4851a1d" relativeResultsDirectory="6f27a6b4-cf85-4382-976a-22017ead21e9" />
    <UnitTestResult executionId="41605679-3233-44e0-b38b-8afb0bcc8a55" testId="ea7d6a42-2582-dbe9-c701-fce3d9edac2a" testName="Transcriba.Tests.ViewModels.ResearchPageViewModelTests.NavigationParameter_ResearchId_LoadsHeaderAndTranscriptions" computerName="GNIOS-PC" duration="00:00:00.2160659" startTime="2026-07-05T10:30:27.2386732-03:00" endTime="2026-07-05T10:30:27.4537738-03:00" testType="13cdc9d9-ddb5-4fa4-a97d-d965ccfc6d4b" outcome="Passed" testListId="8c84fa94-04c1-424b-9868-57a2d4851a1d" relativeResultsDirectory="41605679-3233-44e0-b38b-8afb0bcc8a55" />
    <UnitTestResult executionId="1189c709-0554-448f-836a-3b5d40dc76bb" testId="0bb38b91-154c-e458-a31b-5849ca1b196f" testName="Transcriba.Tests.Engine.TranscriptionQueueServiceTests.Enqueue_WhenEngineSucceeds_UpdatesStatusToDone" computerName="GNIOS-PC" duration="00:00:01.8498062" startTime="2026-07-05T10:30:24.8744224-03:00" endTime="2026-07-05T10:30:26.6924088-03:00" testType="13cdc9d9-ddb5-4fa4-a97d-d965ccfc6d4b" outcome="Passed" testListId="8c84fa94-04c1-424b-9868-57a2d4851a1d" relativeResultsDirectory="1189c709-0554-448f-836a-3b5d40dc76bb" />
    <UnitTestResult executionId="9af1d0ed-2fb2-47e0-a07b-bf60089e6a3b" testId="85b9ab06-90b7-0199-3636-dc4ba388e069" testName="Transcriba.Tests.Services.SettingsServiceTests.UpdateAsync_PersistsPartialChangesWithoutOverwritingOtherFields" computerName="GNIOS-PC" duration="00:00:00.1968616" startTime="2026-07-05T10:30:26.8690598-03:00" endTime="2026-07-05T10:30:27.0642156-03:00" testType="13cdc9d9-ddb5-4fa4-a97d-d965ccfc6d4b" outcome="Passed" testListId="8c84fa94-04c1-424b-9868-57a2d4851a1d" relativeResultsDirectory="9af1d0ed-2fb2-47e0-a07b-bf60089e6a3b" />
    <UnitTestResult executionId="e3226724-0a9e-49da-a2f8-55b19fcc7b2c" testId="69deb4cd-b8cf-7096-5cee-62ad247cb17e" testName="Transcriba.Tests.ViewModels.RecordingViewModelTests.Stop_ResetsStateAndNavigatesToEditor" computerName="GNIOS-PC" duration="00:00:00.2279019" startTime="2026-07-05T10:30:26.3350341-03:00" endTime="2026-07-05T10:30:26.5626160-03:00" testType="13cdc9d9-ddb5-4fa4-a97d-d965ccfc6d4b" outcome="Passed" testListId="8c84fa94-04c1-424b-9868-57a2d4851a1d" relativeResultsDirectory="e3226724-0a9e-49da-a2f8-55b19fcc7b2c" />
    <UnitTestResult executionId="de8e7806-d940-4ed9-8aef-d44d160ab3b1" testId="148e5529-ae83-2366-c1f4-7d91ee9dc134" testName="Transcriba.Tests.Engine.AudioLoaderTests.ConvertPcm16ToFloat_WithKnownPcmBytes_ProducesExpectedFloatSamples" computerName="GNIOS-PC" duration="00:00:00.0021797" startTime="2026-07-05T10:30:24.9042927-03:00" endTime="2026-07-05T10:30:24.9055838-03:00" testType="13cdc9d9-ddb5-4fa4-a97d-d965ccfc6d4b" outcome="Passed" testListId="8c84fa94-04c1-424b-9868-57a2d4851a1d" relativeResultsDirectory="de8e7806-d940-4ed9-8aef-d44d160ab3b1" />
    <UnitTestResult executionId="dcf85d30-af47-4890-a478-8fa6f0aa54e2" testId="0d98fb55-7470-792e-445f-70db12a0779f" testName="Transcriba.Tests.Services.SegmentEditingServiceTests.SplitAtCaret_SplitsTextAtCaretPosition" computerName="GNIOS-PC" duration="00:00:00.0036222" startTime="2026-07-05T10:30:24.9203755-03:00" endTime="2026-07-05T10:30:24.9238727-03:00" testType="13cdc9d9-ddb5-4fa4-a97d-d965ccfc6d4b" outcome="Passed" testListId="8c84fa94-04c1-424b-9868-57a2d4851a1d" relativeResultsDirectory="dcf85d30-af47-4890-a478-8fa6f0aa54e2" />
    <UnitTestResult executionId="91ff200a-94f7-4783-bcbe-c2fe460fc2e9" testId="78bec591-5f90-5bfd-4093-8c60fe3a4606" testName="Transcriba.Tests.ViewModels.SettingsViewModelTests.ToggleLiveTranscription_PersistsPreference" computerName="GNIOS-PC" duration="00:00:00.2360931" startTime="2026-07-05T10:30:26.7917021-03:00" endTime="2026-07-05T10:30:27.0273884-03:00" testType="13cdc9d9-ddb5-4fa4-a97d-d965ccfc6d4b" outcome="Passed" testListId="8c84fa94-04c1-424b-9868-57a2d4851a1d" relativeResultsDirectory="91ff200a-94f7-4783-bcbe-c2fe460fc2e9" />
    <UnitTestResult executionId="bdd13697-ee3a-4c94-bf45-00f58e3d5d54" testId="788f4bed-8ee2-c80f-91b9-14c5e7aa5bd2" testName="Transcriba.Tests.ViewModels.PlayerBarViewModelTests.CycleSpeed_FollowsPrototypeSequence" computerName="GNIOS-PC" duration="00:00:00.0071398" startTime="2026-07-05T10:30:24.9236683-03:00" endTime="2026-07-05T10:30:24.9307448-03:00" testType="13cdc9d9-ddb5-4fa4-a97d-d965ccfc6d4b" outcome="Passed" testListId="8c84fa94-04c1-424b-9868-57a2d4851a1d" relativeResultsDirectory="bdd13697-ee3a-4c94-bf45-00f58e3d5d54" />
    <UnitTestResult executionId="e76f2727-9384-4da2-a2ac-d0f4256c8c2c" testId="cc2b7c6f-daee-36e2-82db-bb90392585cf" testName="Transcriba.Tests.ViewModels.DashboardViewModelTests.NavigationParameter_TagFilter_ReturnsMatchingCards" computerName="GNIOS-PC" duration="00:00:00.1569929" startTime="2026-07-05T10:30:28.3425398-03:00" endTime="2026-07-05T10:30:28.5095769-03:00" testType="13cdc9d9-ddb5-4fa4-a97d-d965ccfc6d4b" outcome="Passed" testListId="8c84fa94-04c1-424b-9868-57a2d4851a1d" relativeResultsDirectory="e76f2727-9384-4da2-a2ac-d0f4256c8c2c" />
    <UnitTestResult executionId="f6bbdbda-84f6-4368-aa80-b653a30046b7" testId="6fddcf24-ccc3-3ad5-3e73-829616169940" testName="Transcriba.Tests.ViewModels.SettingsViewModelTests.LoadAsync_LoadsExistingSettings" computerName="GNIOS-PC" duration="00:00:00.1771760" startTime="2026-07-05T10:30:27.0276244-03:00" endTime="2026-07-05T10:30:27.2047806-03:00" testType="13cdc9d9-ddb5-4fa4-a97d-d965ccfc6d4b" outcome="Passed" testListId="8c84fa94-04c1-424b-9868-57a2d4851a1d" relativeResultsDirectory="f6bbdbda-84f6-4368-aa80-b653a30046b7" />
    <UnitTestResult executionId="3c6fde78-4a55-4671-bc40-c7fe20b0b635" testId="a40398a1-7118-eb9a-2312-ab6c6c669008" testName="Transcriba.Tests.Services.ResearchServiceTests.AssignTranscriptionToResearchAsync_LinksTranscriptionToResearch" computerName="GNIOS-PC" duration="00:00:00.1838077" startTime="2026-07-05T10:30:27.4024347-03:00" endTime="2026-07-05T10:30:27.5855082-03:00" testType="13cdc9d9-ddb5-4fa4-a97d-d965ccfc6d4b" outcome="Passed" testListId="8c84fa94-04c1-424b-9868-57a2d4851a1d" relativeResultsDirectory="3c6fde78-4a55-4671-bc40-c7fe20b0b635" />
    <UnitTestResult executionId="2106909d-e6c9-4846-abc8-bee64645d729" testId="02b495df-eaf1-80d4-a5a9-24615c82fc2a" testName="Transcriba.Tests.ViewModels.DashboardViewModelTests.DeleteTranscription_Cancelled_KeepsTranscription" computerName="GNIOS-PC" duration="00:00:00.3200789" startTime="2026-07-05T10:30:26.6925814-03:00" endTime="2026-07-05T10:30:27.0147118-03:00" testType="13cdc9d9-ddb5-4fa4-a97d-d965ccfc6d4b" outcome="Passed" testListId="8c84fa94-04c1-424b-9868-57a2d4851a1d" relativeResultsDirectory="2106909d-e6c9-4846-abc8-bee64645d729" />
    <UnitTestResult executionId="cea65293-3aca-46e2-a0c2-34263ef63cdf" testId="1f13aa5b-6a94-715a-fca3-d00f83fc63c7" testName="Transcriba.Tests.Engine.ModelManagerTests.IsModelFileValid_RejectsPartialDownload" computerName="GNIOS-PC" duration="00:00:00.0019922" startTime="2026-07-05T10:30:24.9376459-03:00" endTime="2026-07-05T10:30:24.9377027-03:00" testType="13cdc9d9-ddb5-4fa4-a97d-d965ccfc6d4b" outcome="Passed" testListId="8c84fa94-04c1-424b-9868-57a2d4851a1d" relativeResultsDirectory="cea65293-3aca-46e2-a0c2-34263ef63cdf" />
    <UnitTestResult executionId="f7a63502-011f-42a5-afc1-baa296401a15" testId="a51bbe15-96a2-5b06-c518-41c66657ffca" testName="Transcriba.Tests.Engine.ModelManagerTests.MapQualityToGgmlType_MapsExpectedValues(quality: High, expectedType: LargeV3, expectedFileName: &quot;ggml-large-v3.bin&quot;)" computerName="GNIOS-PC" duration="00:00:00.0004492" startTime="2026-07-05T10:30:24.9374304-03:00" endTime="2026-07-05T10:30:24.9374870-03:00" testType="13cdc9d9-ddb5-4fa4-a97d-d965ccfc6d4b" outcome="Passed" testListId="8c84fa94-04c1-424b-9868-57a2d4851a1d" relativeResultsDirectory="f7a63502-011f-42a5-afc1-baa296401a15" />
    <UnitTestResult executionId="5d9024ed-3ea0-4494-a687-305849043253" testId="7010ef10-c153-b94d-12c6-9964881ea755" testName="Transcriba.Tests.ViewModels.EditorViewModelTests.AddTagCommand_PersistsTagAndUpdatesObservable" computerName="GNIOS-PC" duration="00:00:00.1333202" startTime="2026-07-05T10:30:28.6352224-03:00" endTime="2026-07-05T10:30:28.7688730-03:00" testType="13cdc9d9-ddb5-4fa4-a97d-d965ccfc6d4b" outcome="Passed" testListId="8c84fa94-04c1-424b-9868-57a2d4851a1d" relativeResultsDirectory="5d9024ed-3ea0-4494-a687-305849043253" />
    <UnitTestResult executionId="7e1420ed-f932-44e2-9a1f-7876999a17df" testId="dfa3ac89-5853-96a0-4caa-28230bab8333" testName="Transcriba.Tests.ViewModels.RecordingViewModelTests.StartRecording_IncrementsTimerOnTicks" computerName="GNIOS-PC" duration="00:00:00.1933007" startTime="2026-07-05T10:30:26.1418716-03:00" endTime="2026-07-05T10:30:26.3347603-03:00" testType="13cdc9d9-ddb5-4fa4-a97d-d965ccfc6d4b" outcome="Passed" testListId="8c84fa94-04c1-424b-9868-57a2d4851a1d" relativeResultsDirectory="7e1420ed-f932-44e2-9a1f-7876999a17df" />
    <UnitTestResult executionId="599d80e4-c048-49aa-a28b-b6b38e7a6a41" testId="eb427512-d538-8253-f1f5-cb8d0bdc6f63" testName="Transcriba.Tests.ViewModels.DashboardViewModelTests.StatusChanged_UpdatesExistingCardToDone" computerName="GNIOS-PC" duration="00:00:01.7943460" startTime="2026-07-05T10:30:24.9381212-03:00" endTime="2026-07-05T10:30:26.6919465-03:00" testType="13cdc9d9-ddb5-4fa4-a97d-d965ccfc6d4b" outcome="Passed" testListId="8c84fa94-04c1-424b-9868-57a2d4851a1d" relativeResultsDirectory="599d80e4-c048-49aa-a28b-b6b38e7a6a41" />
    <UnitTestResult executionId="5a7f61bf-154f-49e8-a781-66b240fa2aa9" testId="11039d25-ae65-97cd-29e0-98d5b7a21e72" testName="Transcriba.Tests.ViewModels.UploadViewModelTests.Initialize_AppliesSettingsDefaults" computerName="GNIOS-PC" duration="00:00:00.2030973" startTime="2026-07-05T10:30:27.6145885-03:00" endTime="2026-07-05T10:30:27.8180570-03:00" testType="13cdc9d9-ddb5-4fa4-a97d-d965ccfc6d4b" outcome="Passed" testListId="8c84fa94-04c1-424b-9868-57a2d4851a1d" relativeResultsDirectory="5a7f61bf-154f-49e8-a781-66b240fa2aa9" />
    <UnitTestResult executionId="9fc23454-a0f1-43b5-9e0e-2aa6daf20d53" testId="4b999832-2ca3-64be-dcd0-298bc5ccbcf9" testName="Transcriba.Tests.ViewModels.DashboardViewModelTests.SearchText_WithNoMatches_ShowsEmptyState" computerName="GNIOS-PC" duration="00:00:00.1964589" startTime="2026-07-05T10:30:28.6497537-03:00" endTime="2026-07-05T10:30:28.8444582-03:00" testType="13cdc9d9-ddb5-4fa4-a97d-d965ccfc6d4b" outcome="Passed" testListId="8c84fa94-04c1-424b-9868-57a2d4851a1d" relativeResultsDirectory="9fc23454-a0f1-43b5-9e0e-2aa6daf20d53" />
    <UnitTestResult executionId="1e588af7-d7db-4430-96be-f3c8d0950a68" testId="0ea5cd13-b773-4e34-405c-9f7cdbaab2a3" testName="Transcriba.Tests.ViewModels.DashboardViewModelTests.RetryCommand_ResetsStatusToInProgress" computerName="GNIOS-PC" duration="00:00:00.2609490" startTime="2026-07-05T10:30:28.8446518-03:00" endTime="2026-07-05T10:30:29.1060065-03:00" testType="13cdc9d9-ddb5-4fa4-a97d-d965ccfc6d4b" outcome="Passed" testListId="8c84fa94-04c1-424b-9868-57a2d4851a1d" relativeResultsDirectory="1e588af7-d7db-4430-96be-f3c8d0950a68" />
    <UnitTestResult executionId="cdab5398-94e7-414a-909a-7f9a41331609" testId="6483017f-4617-1dfc-0071-7c8f914b8bcd" testName="Transcriba.Tests.Engine.ChunkPlannerTests.CalculateParallelLimits_AlwaysSerializesNativeDecoding(device: Vulkan)" computerName="GNIOS-PC" duration="00:00:00.0000079" startTime="2026-07-05T10:30:24.9232788-03:00" endTime="2026-07-05T10:30:24.9233233-03:00" testType="13cdc9d9-ddb5-4fa4-a97d-d965ccfc6d4b" outcome="Passed" testListId="8c84fa94-04c1-424b-9868-57a2d4851a1d" relativeResultsDirectory="cdab5398-94e7-414a-909a-7f9a41331609" />
    <UnitTestResult executionId="d43bced0-547b-423c-b5fd-ee0e5da53b84" testId="4f2ea065-41dc-62b4-ba9d-e39a1c889ae2" testName="Transcriba.Tests.ViewModels.PlayerBarViewModelTests.PlaybackEnd_ResetsPlayIcon" computerName="GNIOS-PC" duration="00:00:00.0008229" startTime="2026-07-05T10:30:24.9407794-03:00" endTime="2026-07-05T10:30:24.9408391-03:00" testType="13cdc9d9-ddb5-4fa4-a97d-d965ccfc6d4b" outcome="Passed" testListId="8c84fa94-04c1-424b-9868-57a2d4851a1d" relativeResultsDirectory="d43bced0-547b-423c-b5fd-ee0e5da53b84" />
    <UnitTestResult executionId="981d1e91-74a7-4bdc-9376-8d9928bb8cdf" testId="f97d1fb4-25f2-7ea1-7e02-0d9514409cb8" testName="Transcriba.Tests.ViewModels.RecordingViewModelTests.ResumeRecording_ContinuesTimer" computerName="GNIOS-PC" duration="00:00:00.1595114" startTime="2026-07-05T10:30:26.5629178-03:00" endTime="2026-07-05T10:30:26.7221391-03:00" testType="13cdc9d9-ddb5-4fa4-a97d-d965ccfc6d4b" outcome="Passed" testListId="8c84fa94-04c1-424b-9868-57a2d4851a1d" relativeResultsDirectory="981d1e91-74a7-4bdc-9376-8d9928bb8cdf" />
    <UnitTestResult executionId="bdff9113-c78e-4c76-9864-94ba532eed83" testId="67c3d800-e8d7-0ae5-7ea4-e3461e2b9dd4" testName="Transcriba.Tests.Engine.ChunkPlannerTests.GroupParts_WhenTrechosLessOrEqualMaxPartes_ReturnsUnchanged" computerName="GNIOS-PC" duration="00:00:00.0023969" startTime="2026-07-05T10:30:24.9235437-03:00" endTime="2026-07-05T10:30:24.9237003-03:00" testType="13cdc9d9-ddb5-4fa4-a97d-d965ccfc6d4b" outcome="Passed" testListId="8c84fa94-04c1-424b-9868-57a2d4851a1d" relativeResultsDirectory="bdff9113-c78e-4c76-9864-94ba532eed83" />
    <UnitTestResult executionId="48dffcc3-6e63-4087-ada8-6a834be9c564" testId="9e18eb7a-8095-9843-79a6-2c8c19f2fea2" testName="Transcriba.Tests.Services.ThemeServiceTests.InitializeAsync_LoadsPersistedDarkTheme" computerName="GNIOS-PC" duration="00:00:00.0824754" startTime="2026-07-05T10:30:27.1584661-03:00" endTime="2026-07-05T10:30:27.2406060-03:00" testType="13cdc9d9-ddb5-4fa4-a97d-d965ccfc6d4b" outcome="Passed" testListId="8c84fa94-04c1-424b-9868-57a2d4851a1d" relativeResultsDirectory="48dffcc3-6e63-4087-ada8-6a834be9c564" />
    <UnitTestResult executionId="ea7039cd-7128-4616-bc42-f54193f8e858" testId="afde8964-e155-8da6-93ac-fc01df6c1f77" testName="Transcriba.Tests.ViewModels.ResearchPageViewModelTests.NavigateDashboard_NavigatesToDashboard" computerName="GNIOS-PC" duration="00:00:00.1887646" startTime="2026-07-05T10:30:27.7483630-03:00" endTime="2026-07-05T10:30:27.9360905-03:00" testType="13cdc9d9-ddb5-4fa4-a97d-d965ccfc6d4b" outcome="Passed" testListId="8c84fa94-04c1-424b-9868-57a2d4851a1d" relativeResultsDirectory="ea7039cd-7128-4616-bc42-f54193f8e858" />
    <UnitTestResult executionId="54c62d03-9492-4169-b5ea-5ed29fccdc10" testId="1969d369-4194-6249-9a01-53b56ff0a2d2" testName="Transcriba.Tests.Services.LibraryServiceTests.UpdateTranscriptionTagsAsync_ReplacesExistingTagsWithNewSet" computerName="GNIOS-PC" duration="00:00:00.1045727" startTime="2026-07-05T10:30:27.6123292-03:00" endTime="2026-07-05T10:30:27.7167496-03:00" testType="13cdc9d9-ddb5-4fa4-a97d-d965ccfc6d4b" outcome="Passed" testListId="8c84fa94-04c1-424b-9868-57a2d4851a1d" relativeResultsDirectory="54c62d03-9492-4169-b5ea-5ed29fccdc10" />
    <UnitTestResult executionId="a9474ec7-3e2f-4610-9336-8756b23e6d96" testId="584b336d-75b4-9927-d81f-6307405c0035" testName="Transcriba.Tests.Services.SegmentEditingServiceTests.GetActiveSegment_ReturnsLastSegmentWithStartLessOrEqualPosition" computerName="GNIOS-PC" duration="00:00:00.0004474" startTime="2026-07-05T10:30:24.9257995-03:00" endTime="2026-07-05T10:30:24.9258658-03:00" testType="13cdc9d9-ddb5-4fa4-a97d-d965ccfc6d4b" outcome="Passed" testListId="8c84fa94-04c1-424b-9868-57a2d4851a1d" relativeResultsDirectory="a9474ec7-3e2f-4610-9336-8756b23e6d96" />
    <UnitTestResult executionId="73196edc-e06c-4bdd-be31-8fe57d89eb2e" testId="6fc66fc7-311e-40e3-4f1f-73bedb0ea9ed" testName="Transcriba.Tests.Engine.TranscriptionQueueServiceTests.Startup_WhenOrphanInProgressExists_MarksAsErrorInterrompida" computerName="GNIOS-PC" duration="00:00:00.3684102" startTime="2026-07-05T10:30:27.8688358-03:00" endTime="2026-07-05T10:30:28.2375650-03:00" testType="13cdc9d9-ddb5-4fa4-a97d-d965ccfc6d4b" outcome="Passed" testListId="8c84fa94-04c1-424b-9868-57a2d4851a1d" relativeResultsDirectory="73196edc-e06c-4bdd-be31-8fe57d89eb2e" />
    <UnitTestResult executionId="ec277a24-fab4-4fc2-9ee0-774d029b7973" testId="855df1d8-1978-64af-6cd8-61cf3abfc806" testName="Transcriba.Tests.Services.SegmentEditingServiceTests.SplitAtCaret_ReturnsNullWhenBeforePartWouldBeEmpty" computerName="GNIOS-PC" duration="00:00:00.0046690" startTime="2026-07-05T10:30:24.8762171-03:00" endTime="2026-07-05T10:30:24.8881980-03:00" testType="13cdc9d9-ddb5-4fa4-a97d-d965ccfc6d4b" outcome="Passed" testListId="8c84fa94-04c1-424b-9868-57a2d4851a1d" relativeResultsDirectory="ec277a24-fab4-4fc2-9ee0-774d029b7973" />
    <UnitTestResult executionId="5528e164-03cd-4a17-a7f3-e6ae16b1bfd1" testId="b1e79b71-421a-ee4c-2cc6-8a1f4ed98134" testName="Transcriba.Tests.Engine.TranscriptionQueueServiceTests.Enqueue_ForwardsEngineProgressViaProgressChangedEvent" computerName="GNIOS-PC" duration="00:00:00.3209141" startTime="2026-07-05T10:30:26.6926080-03:00" endTime="2026-07-05T10:30:27.0148790-03:00" testType="13cdc9d9-ddb5-4fa4-a97d-d965ccfc6d4b" outcome="Passed" testListId="8c84fa94-04c1-424b-9868-57a2d4851a1d" relativeResultsDirectory="5528e164-03cd-4a17-a7f3-e6ae16b1bfd1" />
    <UnitTestResult executionId="3bc0262f-bde5-479c-aa59-7dff01f00601" testId="e94e39dc-b176-b2fc-0973-4b70d4af0972" testName="Transcriba.Tests.ViewModels.EditorViewModelTests.ExportWithFormat_Vtt_CallsExportServiceWithVttExtension" computerName="GNIOS-PC" duration="00:00:00.1270158" startTime="2026-07-05T10:30:29.6262373-03:00" endTime="2026-07-05T10:30:29.7535257-03:00" testType="13cdc9d9-ddb5-4fa4-a97d-d965ccfc6d4b" outcome="Passed" testListId="8c84fa94-04c1-424b-9868-57a2d4851a1d" relativeResultsDirectory="3bc0262f-bde5-479c-aa59-7dff01f00601" />
    <UnitTestResult executionId="509afc1d-c454-45ad-886d-b706255dd7cf" testId="da9db605-d1af-aedd-b266-ecd5240cb188" testName="Transcriba.Tests.ViewModels.ColorPickerViewModelTests.Default_HasEightColorsFromCatalog" computerName="GNIOS-PC" duration="00:00:00.0040457" startTime="2026-07-05T10:30:24.9228310-03:00" endTime="2026-07-05T10:30:24.9245951-03:00" testType="13cdc9d9-ddb5-4fa4-a97d-d965ccfc6d4b" outcome="Passed" testListId="8c84fa94-04c1-424b-9868-57a2d4851a1d" relativeResultsDirectory="509afc1d-c454-45ad-886d-b706255dd7cf" />
    <UnitTestResult executionId="f11627f4-5a57-4b01-ba3d-d06125e9889f" testId="2ab3d152-31cd-dc61-27e2-0746bb3d99b7" testName="Transcriba.Tests.ViewModels.EditorViewModelTests.Export_WithoutSegments_DisablesExportCommand" computerName="GNIOS-PC" duration="00:00:00.1091820" startTime="2026-07-05T10:30:29.3886062-03:00" endTime="2026-07-05T10:30:29.4982283-03:00" testType="13cdc9d9-ddb5-4fa4-a97d-d965ccfc6d4b" outcome="Passed" testListId="8c84fa94-04c1-424b-9868-57a2d4851a1d" relativeResultsDirectory="f11627f4-5a57-4b01-ba3d-d06125e9889f" />
    <UnitTestResult executionId="da421400-cfb8-4675-89d1-74bf14830f62" testId="55ff09e6-b882-91ab-dcd1-44bcf19656aa" testName="Transcriba.Tests.Services.LibraryServiceTests.GetTranscriptions_FiltersByDoneStatus" computerName="GNIOS-PC" duration="00:00:00.1993016" startTime="2026-07-05T10:30:26.5218812-03:00" endTime="2026-07-05T10:30:26.7200893-03:00" testType="13cdc9d9-ddb5-4fa4-a97d-d965ccfc6d4b" outcome="Passed" testListId="8c84fa94-04c1-424b-9868-57a2d4851a1d" relativeResultsDirectory="da421400-cfb8-4675-89d1-74bf14830f62" />
    <UnitTestResult executionId="b616d129-16e7-4eab-8241-35fa6d5e3fe8" testId="2e15a658-0078-3e93-a6c9-3abef5026680" testName="Transcriba.Tests.Catalogs.IconCatalogTests.PageIcons_HasExpectedCountAndIsNotEmpty" computerName="GNIOS-PC" duration="00:00:00.0005363" startTime="2026-07-05T10:30:26.8618952-03:00" endTime="2026-07-05T10:30:26.8622316-03:00" testType="13cdc9d9-ddb5-4fa4-a97d-d965ccfc6d4b" outcome="Passed" testListId="8c84fa94-04c1-424b-9868-57a2d4851a1d" relativeResultsDirectory="b616d129-16e7-4eab-8241-35fa6d5e3fe8" />
    <UnitTestResult executionId="54166385-a95d-4f9f-b70a-e1417e81a927" testId="d378baa2-5434-12fb-5892-5e561d2f8332" testName="Transcriba.Tests.ViewModels.SegmentItemViewModelTests.Click_RaisesSeekRequestForSegmentStart" computerName="GNIOS-PC" duration="00:00:01.9858380" startTime="2026-07-05T10:30:24.8743490-03:00" endTime="2026-07-05T10:30:26.8294009-03:00" testType="13cdc9d9-ddb5-4fa4-a97d-d965ccfc6d4b" outcome="Passed" testListId="8c84fa94-04c1-424b-9868-57a2d4851a1d" relativeResultsDirectory="54166385-a95d-4f9f-b70a-e1417e81a927" />
    <UnitTestResult executionId="b1b3b9f9-1cbc-40bd-a3c7-6d7504fcea4d" testId="098d2f66-1a34-409f-0a10-6b261342cc2e" testName="Transcriba.Tests.ViewModels.DashboardViewModelTests.OpenTranscription_NavigatesToEditorWithTranscriptionId" computerName="GNIOS-PC" duration="00:00:00.1762656" startTime="2026-07-05T10:30:28.1657097-03:00" endTime="2026-07-05T10:30:28.3422752-03:00" testType="13cdc9d9-ddb5-4fa4-a97d-d965ccfc6d4b" outcome="Passed" testListId="8c84fa94-04c1-424b-9868-57a2d4851a1d" relativeResultsDirectory="b1b3b9f9-1cbc-40bd-a3c7-6d7504fcea4d" />
    <UnitTestResult executionId="798195f3-d5f5-42ae-9d3a-a645e8baae3c" testId="f1385fb5-5748-766d-e297-7ba52023790b" testName="Transcriba.Tests.Services.ExportServiceTests.ExportSrtAsync_WritesNumberedCuesWithSpeakerPrefix" computerName="GNIOS-PC" duration="00:00:00.1785381" startTime="2026-07-05T10:30:26.7942513-03:00" endTime="2026-07-05T10:30:26.9731992-03:00" testType="13cdc9d9-ddb5-4fa4-a97d-d965ccfc6d4b" outcome="Passed" testListId="8c84fa94-04c1-424b-9868-57a2d4851a1d" relativeResultsDirectory="798195f3-d5f5-42ae-9d3a-a645e8baae3c" />
    <UnitTestResult executionId="66f48284-bc5e-4b17-820c-a90c8451b0f5" testId="a04b75b0-9237-cb43-f351-126f3661f211" testName="Transcriba.Tests.Services.LibraryServiceTests.SearchText_FiltersByTitleCaseInsensitive" computerName="GNIOS-PC" duration="00:00:00.1341940" startTime="2026-07-05T10:30:26.7210292-03:00" endTime="2026-07-05T10:30:26.8545752-03:00" testType="13cdc9d9-ddb5-4fa4-a97d-d965ccfc6d4b" outcome="Passed" testListId="8c84fa94-04c1-424b-9868-57a2d4851a1d" relativeResultsDirectory="66f48284-bc5e-4b17-820c-a90c8451b0f5" />
    <UnitTestResult executionId="ae5261cb-96ed-46e2-9b6e-7b3eb5bbb78d" testId="52282dfb-0fa3-84d9-ebce-1b3cae2f16df" testName="Transcriba.Tests.Services.SegmentEditingServiceTests.MergeWithPrevious_ConcatenatesActiveIntoPreviousWithSpace" computerName="GNIOS-PC" duration="00:00:00.0004792" startTime="2026-07-05T10:30:24.9295266-03:00" endTime="2026-07-05T10:30:24.9303808-03:00" testType="13cdc9d9-ddb5-4fa4-a97d-d965ccfc6d4b" outcome="Passed" testListId="8c84fa94-04c1-424b-9868-57a2d4851a1d" relativeResultsDirectory="ae5261cb-96ed-46e2-9b6e-7b3eb5bbb78d" />
    <UnitTestResult executionId="a838eda2-1338-4729-bf5f-75a40812d76c" testId="5b7cc3cb-5bef-3620-9aa3-031ef2201c12" testName="Transcriba.Tests.ViewModels.UploadViewModelTests.Initialize_WithResearchId_PreselectsResearch" computerName="GNIOS-PC" duration="00:00:00.2271568" startTime="2026-07-05T10:30:27.3869235-03:00" endTime="2026-07-05T10:30:27.6143588-03:00" testType="13cdc9d9-ddb5-4fa4-a97d-d965ccfc6d4b" outcome="Passed" testListId="8c84fa94-04c1-424b-9868-57a2d4851a1d" relativeResultsDirectory="a838eda2-1338-4729-bf5f-75a40812d76c" />
    <UnitTestResult executionId="53683575-ee9d-4355-9131-d957da34cde7" testId="ea20ad4c-97dc-14b6-67bf-61d78e9e9805" testName="Transcriba.Tests.ViewModels.NewPageModalViewModelTests.Cancel_DoesNotCreateResearch" computerName="GNIOS-PC" duration="00:00:01.5936549" startTime="2026-07-05T10:30:24.8741574-03:00" endTime="2026-07-05T10:30:26.4352877-03:00" testType="13cdc9d9-ddb5-4fa4-a97d-d965ccfc6d4b" outcome="Passed" testListId="8c84fa94-04c1-424b-9868-57a2d4851a1d" relativeResultsDirectory="53683575-ee9d-4355-9131-d957da34cde7" />
    <UnitTestResult executionId="6b394c24-2663-411f-a1af-95dc8d56325d" testId="7117b8ec-402a-b2cd-576b-7a260ffab013" testName="Transcriba.Tests.ViewModels.PlayerBarViewModelTests.Seek_CalculatesProportionalPosition" computerName="GNIOS-PC" duration="00:00:00.0395747" startTime="2026-07-05T10:30:24.9310033-03:00" endTime="2026-07-05T10:30:24.9406294-03:00" testType="13cdc9d9-ddb5-4fa4-a97d-d965ccfc6d4b" outcome="Passed" testListId="8c84fa94-04c1-424b-9868-57a2d4851a1d" relativeResultsDirectory="6b394c24-2663-411f-a1af-95dc8d56325d" />
    <UnitTestResult executionId="11b61079-20fd-4543-9515-937206eeaa3b" testId="c0ada8ef-acdd-a593-2920-edae8eda1be2" testName="Transcriba.Tests.ViewModels.IconPickerViewModelTests.Default_UsesPageIcons" computerName="GNIOS-PC" duration="00:00:00.0002941" startTime="2026-07-05T10:30:24.9327515-03:00" endTime="2026-07-05T10:30:24.9328363-03:00" testType="13cdc9d9-ddb5-4fa4-a97d-d965ccfc6d4b" outcome="Passed" testListId="8c84fa94-04c1-424b-9868-57a2d4851a1d" relativeResultsDirectory="11b61079-20fd-4543-9515-937206eeaa3b" />
    <UnitTestResult executionId="b22871cb-e90e-4fe4-9345-ff71fafb91f3" testId="29fc5310-c94f-9362-4de5-295b17a8ad7c" testName="Transcriba.Tests.ViewModels.DashboardViewModelTests.LoadAsync_AllFilter_ReturnsAllTranscriptions" computerName="GNIOS-PC" duration="00:00:00.1617983" startTime="2026-07-05T10:30:27.6776437-03:00" endTime="2026-07-05T10:30:27.8396884-03:00" testType="13cdc9d9-ddb5-4fa4-a97d-d965ccfc6d4b" outcome="Passed" testListId="8c84fa94-04c1-424b-9868-57a2d4851a1d" relativeResultsDirectory="b22871cb-e90e-4fe4-9345-ff71fafb91f3" />
    <UnitTestResult executionId="ecdaeb1d-4520-4d9d-9ed0-90ac59f5200b" testId="d3111058-d837-5371-fa0c-f1434bd3480f" testName="Transcriba.Tests.Catalogs.TagColorCatalogTests.GetColor_UnknownTag_FallsBackToBlue" computerName="GNIOS-PC" duration="00:00:00.0040268" startTime="2026-07-05T10:30:24.8708644-03:00" endTime="2026-07-05T10:30:24.8881742-03:00" testType="13cdc9d9-ddb5-4fa4-a97d-d965ccfc6d4b" outcome="Passed" testListId="8c84fa94-04c1-424b-9868-57a2d4851a1d" relativeResultsDirectory="ecdaeb1d-4520-4d9d-9ed0-90ac59f5200b" />
    <UnitTestResult executionId="6bcf1e73-6ef4-4384-a07a-fc42dc76d544" testId="219e763e-477b-d30b-1d03-9276b5e12232" testName="Transcriba.Tests.ViewModels.UploadViewModelTests.TrySelectFile_SupportedFormat_EnablesStart" computerName="GNIOS-PC" duration="00:00:00.3504852" startTime="2026-07-05T10:30:26.7700457-03:00" endTime="2026-07-05T10:30:27.1220834-03:00" testType="13cdc9d9-ddb5-4fa4-a97d-d965ccfc6d4b" outcome="Passed" testListId="8c84fa94-04c1-424b-9868-57a2d4851a1d" relativeResultsDirectory="6bcf1e73-6ef4-4384-a07a-fc42dc76d544" />
    <UnitTestResult executionId="7fbfa778-8003-4d79-b7b2-111c54892505" testId="bf0731c0-72cc-96d5-c0c2-f031f0425b9b" testName="Transcriba.Tests.ViewModels.SettingsViewModelTests.ChangeLanguage_PersistsDefaultLanguage" computerName="GNIOS-PC" duration="00:00:01.6126791" startTime="2026-07-05T10:30:24.9497652-03:00" endTime="2026-07-05T10:30:26.5629880-03:00" testType="13cdc9d9-ddb5-4fa4-a97d-d965ccfc6d4b" outcome="Passed" testListId="8c84fa94-04c1-424b-9868-57a2d4851a1d" relativeResultsDirectory="7fbfa778-8003-4d79-b7b2-111c54892505" />
    <UnitTestResult executionId="8c8f6133-9e3b-4e7d-89ef-2ac2dcc06672" testId="5ab1925d-e189-8b4b-5d56-ba2dd53e4a2b" testName="Transcriba.Tests.ViewModels.EditorViewModelTests.ExportWithFormat_CancelledSavePath_DoesNotCreateFile" computerName="GNIOS-PC" duration="00:00:00.1041236" startTime="2026-07-05T10:30:28.7692433-03:00" endTime="2026-07-05T10:30:28.8734594-03:00" testType="13cdc9d9-ddb5-4fa4-a97d-d965ccfc6d4b" outcome="Passed" testListId="8c84fa94-04c1-424b-9868-57a2d4851a1d" relativeResultsDirectory="8c8f6133-9e3b-4e7d-89ef-2ac2dcc06672" />
    <UnitTestResult executionId="531a094d-5602-42db-9c37-d2c1ba08c456" testId="3b90ef66-ec1a-ac34-06d2-f92dce184a5e" testName="Transcriba.Tests.Data.DbBootstrapperTests.AddTranscribaDatabase_CreatesDirectory_MigratesSchema_AndSharesDataAcrossContextsFromSameFactory" computerName="GNIOS-PC" duration="00:00:00.1891426" startTime="2026-07-05T10:30:26.8752911-03:00" endTime="2026-07-05T10:30:27.0645673-03:00" testType="13cdc9d9-ddb5-4fa4-a97d-d965ccfc6d4b" outcome="Passed" testListId="8c84fa94-04c1-424b-9868-57a2d4851a1d" relativeResultsDirectory="531a094d-5602-42db-9c37-d2c1ba08c456" />
    <UnitTestResult executionId="5f198aa7-cd3a-4e92-96e7-19e55057da05" testId="e6839c32-5b14-4790-d612-0d328e11e6fa" testName="Transcriba.Tests.Services.LibraryServiceTests.SearchText_CombinesStatusFilterAndQuery" computerName="GNIOS-PC" duration="00:00:00.1222396" startTime="2026-07-05T10:30:27.3306777-03:00" endTime="2026-07-05T10:30:27.4524322-03:00" testType="13cdc9d9-ddb5-4fa4-a97d-d965ccfc6d4b" outcome="Passed" testListId="8c84fa94-04c1-424b-9868-57a2d4851a1d" relativeResultsDirectory="5f198aa7-cd3a-4e92-96e7-19e55057da05" />
    <UnitTestResult executionId="4b53cdff-810f-49b3-ab54-0b80e69f1f3f" testId="f99b05bb-f8d4-5b30-6522-485a2c66a6f2" testName="Transcriba.Tests.Engine.WhisperTranscriptionEngineTests.TranscribeAsync_WhenCancelled_ThrowsOperationCanceledException" computerName="GNIOS-PC" duration="00:00:00.0092070" startTime="2026-07-05T10:30:24.9444231-03:00" endTime="2026-07-05T10:30:24.9536717-03:00" testType="13cdc9d9-ddb5-4fa4-a97d-d965ccfc6d4b" outcome="Passed" testListId="8c84fa94-04c1-424b-9868-57a2d4851a1d" relativeResultsDirectory="4b53cdff-810f-49b3-ab54-0b80e69f1f3f" />
    <UnitTestResult executionId="e3ef7b55-f1f5-4500-8da7-31ffa926b068" testId="73ee4916-3a83-dfcd-9ca5-2dc820f82974" testName="Transcriba.Tests.ViewModels.SidebarViewModelTests.DeleteResearch_Confirmed_DissociatesTranscriptionsAndRemovesFromSidebar" computerName="GNIOS-PC" duration="00:00:01.8159944" startTime="2026-07-05T10:30:24.9400752-03:00" endTime="2026-07-05T10:30:26.7216875-03:00" testType="13cdc9d9-ddb5-4fa4-a97d-d965ccfc6d4b" outcome="Passed" testListId="8c84fa94-04c1-424b-9868-57a2d4851a1d" relativeResultsDirectory="e3ef7b55-f1f5-4500-8da7-31ffa926b068" />
    <UnitTestResult executionId="04391fa2-3770-4f01-ade4-372935d09df5" testId="d2895992-5515-3fb9-f93f-f35860b8f6d1" testName="Transcriba.Tests.ViewModels.SidebarViewModelTests.DeleteResearch_FromOpenResearchPage_NavigatesToDashboard" computerName="GNIOS-PC" duration="00:00:00.2242840" startTime="2026-07-05T10:30:27.3695226-03:00" endTime="2026-07-05T10:30:27.5925005-03:00" testType="13cdc9d9-ddb5-4fa4-a97d-d965ccfc6d4b" outcome="Passed" testListId="8c84fa94-04c1-424b-9868-57a2d4851a1d" relativeResultsDirectory="04391fa2-3770-4f01-ade4-372935d09df5" />
    <UnitTestResult executionId="2f5bd1de-6eda-4242-b3f9-219e892dc39a" testId="44be1419-51ad-7b73-c8ec-05351acf58e4" testName="Transcriba.Tests.Engine.WhisperTranscriptionEngineTests.WhisperFactoryCache_GetOrCreateTwiceWithSamePath_LoadsOnlyOnce" computerName="GNIOS-PC" duration="00:00:00.0124960" startTime="2026-07-05T10:30:24.8743749-03:00" endTime="2026-07-05T10:30:24.9056236-03:00" testType="13cdc9d9-ddb5-4fa4-a97d-d965ccfc6d4b" outcome="Passed" testListId="8c84fa94-04c1-424b-9868-57a2d4851a1d" relativeResultsDirectory="2f5bd1de-6eda-4242-b3f9-219e892dc39a" />
    <UnitTestResult executionId="df3c7822-e318-4850-b31d-9b914782f13e" testId="aae8518e-654b-e456-42dc-c68f9418c855" testName="Transcriba.Tests.Engine.FfmpegLocatorTests.EnsureFfmpeg_WhenPathContainsFfmpeg_ReturnsPath" computerName="GNIOS-PC" duration="00:00:00.0005706" startTime="2026-07-05T10:30:26.8673198-03:00" endTime="2026-07-05T10:30:26.8674209-03:00" testType="13cdc9d9-ddb5-4fa4-a97d-d965ccfc6d4b" outcome="Passed" testListId="8c84fa94-04c1-424b-9868-57a2d4851a1d" relativeResultsDirectory="df3c7822-e318-4850-b31d-9b914782f13e" />
    <UnitTestResult executionId="303ef426-f7ae-4842-84ff-9df339047187" testId="4f6b38d6-e96f-8a96-460d-76d41aa0a96b" testName="Transcriba.Tests.ViewModels.ResearchPageViewModelTests.OpenTranscription_NavigatesToEditorWithTranscriptionId" computerName="GNIOS-PC" duration="00:00:00.9306799" startTime="2026-07-05T10:30:25.8622251-03:00" endTime="2026-07-05T10:30:26.7943176-03:00" testType="13cdc9d9-ddb5-4fa4-a97d-d965ccfc6d4b" outcome="Passed" testListId="8c84fa94-04c1-424b-9868-57a2d4851a1d" relativeResultsDirectory="303ef426-f7ae-4842-84ff-9df339047187" />
    <UnitTestResult executionId="48c96620-cc4f-41a1-9fb5-54b474aca816" testId="e39e7fe2-43a7-57ef-4b57-2ac8cbc86a16" testName="Transcriba.Tests.ViewModels.EditorViewModelTests.SplitSegment_UsesFocusedSegmentCaret_NotPlaybackActiveSegment" computerName="GNIOS-PC" duration="00:00:00.2615022" startTime="2026-07-05T10:30:27.7393544-03:00" endTime="2026-07-05T10:30:28.0010887-03:00" testType="13cdc9d9-ddb5-4fa4-a97d-d965ccfc6d4b" outcome="Passed" testListId="8c84fa94-04c1-424b-9868-57a2d4851a1d" relativeResultsDirectory="48c96620-cc4f-41a1-9fb5-54b474aca816" />
    <UnitTestResult executionId="7f92a5de-c7c9-481c-ae84-776970c29f00" testId="d708073c-4e48-cb83-7bfa-3bc8d548e310" testName="Transcriba.Tests.ViewModels.EditorViewModelTests.MergeSegment_UsesPlaybackActiveSegment" computerName="GNIOS-PC" duration="00:00:00.3771948" startTime="2026-07-05T10:30:27.1602630-03:00" endTime="2026-07-05T10:30:27.5382506-03:00" testType="13cdc9d9-ddb5-4fa4-a97d-d965ccfc6d4b" outcome="Passed" testListId="8c84fa94-04c1-424b-9868-57a2d4851a1d" relativeResultsDirectory="7f92a5de-c7c9-481c-ae84-776970c29f00" />
    <UnitTestResult executionId="51eff8a1-7de8-4c2a-9dd3-53939e752421" testId="36356fe1-86cb-868c-9feb-3f9f51f450b3" testName="Transcriba.Tests.ViewModels.DashboardViewModelTests.SetProgressFilter_ReturnsOnlyInProgressCards" computerName="GNIOS-PC" duration="00:00:00.1982700" startTime="2026-07-05T10:30:27.8399343-03:00" endTime="2026-07-05T10:30:28.0384724-03:00" testType="13cdc9d9-ddb5-4fa4-a97d-d965ccfc6d4b" outcome="Passed" testListId="8c84fa94-04c1-424b-9868-57a2d4851a1d" relativeResultsDirectory="51eff8a1-7de8-4c2a-9dd3-53939e752421" />
    <UnitTestResult executionId="c95f8d26-96f9-4360-ae85-bf19d28546d0" testId="ec34cab2-cb2f-12ed-eda5-fda69f223585" testName="Transcriba.Tests.Services.LibraryServiceTests.SearchText_ReturnsEmptyWhenNoMatch" computerName="GNIOS-PC" duration="00:00:01.6794464" startTime="2026-07-05T10:30:24.8761889-03:00" endTime="2026-07-05T10:30:26.5206814-03:00" testType="13cdc9d9-ddb5-4fa4-a97d-d965ccfc6d4b" outcome="Passed" testListId="8c84fa94-04c1-424b-9868-57a2d4851a1d" relativeResultsDirectory="c95f8d26-96f9-4360-ae85-bf19d28546d0" />
    <UnitTestResult executionId="0bcd65c3-ef90-4ff1-a76c-326a5148abf4" testId="d1e437b1-6772-c888-03af-b5adf9c4f50a" testName="Transcriba.Tests.ViewModels.SidebarViewModelTests.ToggleExpand_AlternatesResearchExpandedState" computerName="GNIOS-PC" duration="00:00:00.0644267" startTime="2026-07-05T10:30:24.8742757-03:00" endTime="2026-07-05T10:30:24.9399045-03:00" testType="13cdc9d9-ddb5-4fa4-a97d-d965ccfc6d4b" outcome="Passed" testListId="8c84fa94-04c1-424b-9868-57a2d4851a1d" relativeResultsDirectory="0bcd65c3-ef90-4ff1-a76c-326a5148abf4" />
    <UnitTestResult executionId="7006ee60-f69b-41fb-8b6c-9382f79cb3f8" testId="4009c984-137e-9fc9-b169-a414b5e9e47d" testName="Transcriba.Tests.Engine.TranscriptionQueueServiceTests.Enqueue_TwoJobs_ProcessesSeriallyNeverConcurrently" computerName="GNIOS-PC" duration="00:00:00.8530565" startTime="2026-07-05T10:30:27.0163733-03:00" endTime="2026-07-05T10:30:27.8685095-03:00" testType="13cdc9d9-ddb5-4fa4-a97d-d965ccfc6d4b" outcome="Passed" testListId="8c84fa94-04c1-424b-9868-57a2d4851a1d" relativeResultsDirectory="7006ee60-f69b-41fb-8b6c-9382f79cb3f8" />
    <UnitTestResult executionId="826c3f75-d3ba-4eee-beb9-eee1bcbd467b" testId="5e16049b-36f6-f726-04ee-3ba928bcfb33" testName="Transcriba.Tests.Services.ExportServiceTests.ExportTxtAsync_ThrowsWhenTranscriptionHasNoSegments" computerName="GNIOS-PC" duration="00:00:00.1209496" startTime="2026-07-05T10:30:26.6730822-03:00" endTime="2026-07-05T10:30:26.7939989-03:00" testType="13cdc9d9-ddb5-4fa4-a97d-d965ccfc6d4b" outcome="Passed" testListId="8c84fa94-04c1-424b-9868-57a2d4851a1d" relativeResultsDirectory="826c3f75-d3ba-4eee-beb9-eee1bcbd467b" />
    <UnitTestResult executionId="3e2a98e9-e862-4102-85a3-26e3dcf0ea8e" testId="098f0f23-2b16-f63c-93f2-22a9383c9932" testName="Transcriba.Tests.Engine.WhisperRuntimeConfiguratorTests.ResolveRuntimeOrder_Cuda_IncludesCpuFallback" computerName="GNIOS-PC" duration="00:00:00.0047267" startTime="2026-07-05T10:30:24.9427717-03:00" endTime="2026-07-05T10:30:24.9475391-03:00" testType="13cdc9d9-ddb5-4fa4-a97d-d965ccfc6d4b" outcome="Passed" testListId="8c84fa94-04c1-424b-9868-57a2d4851a1d" relativeResultsDirectory="3e2a98e9-e862-4102-85a3-26e3dcf0ea8e" />
    <UnitTestResult executionId="5876ee3c-dd84-440e-a2d4-81e8a954ff7b" testId="3a84e18a-78d3-ff58-a4b8-f6935ca2203f" testName="Transcriba.Tests.Engine.SilenceSplitterTests.SplitBySilence_WithAllSilence_ReturnsSingleFallbackChunk" computerName="GNIOS-PC" duration="00:00:00.0007589" startTime="2026-07-05T10:30:24.9402782-03:00" endTime="2026-07-05T10:30:24.9404053-03:00" testType="13cdc9d9-ddb5-4fa4-a97d-d965ccfc6d4b" outcome="Passed" testListId="8c84fa94-04c1-424b-9868-57a2d4851a1d" relativeResultsDirectory="5876ee3c-dd84-440e-a2d4-81e8a954ff7b" />
    <UnitTestResult executionId="db0f9869-340b-4711-9546-15062c5f4a79" testId="a9d8e92a-fdad-1d69-5b43-465ffd6a2341" testName="Transcriba.Tests.ViewModels.SpeakerDropdownViewModelTests.WithoutActiveSegment_AssignActionsAreDisabled" computerName="GNIOS-PC" duration="00:00:01.8924985" startTime="2026-07-05T10:30:24.9420645-03:00" endTime="2026-07-05T10:30:26.8142148-03:00" testType="13cdc9d9-ddb5-4fa4-a97d-d965ccfc6d4b" outcome="Passed" testListId="8c84fa94-04c1-424b-9868-57a2d4851a1d" relativeResultsDirectory="db0f9869-340b-4711-9546-15062c5f4a79" />
    <UnitTestResult executionId="0d1b2f23-691f-4f84-b347-fad8afd6b4e4" testId="94be4da9-c48c-cdc3-0088-8d2a0bab918a" testName="Transcriba.Tests.Services.LibraryServiceTests.GetTranscriptions_ReturnsSummaryFields" computerName="GNIOS-PC" duration="00:00:00.1317081" startTime="2026-07-05T10:30:27.0821095-03:00" endTime="2026-07-05T10:30:27.2127668-03:00" testType="13cdc9d9-ddb5-4fa4-a97d-d965ccfc6d4b" outcome="Passed" testListId="8c84fa94-04c1-424b-9868-57a2d4851a1d" relativeResultsDirectory="0d1b2f23-691f-4f84-b347-fad8afd6b4e4" />
    <UnitTestResult executionId="ea93f037-07c5-4e59-93ab-a50a60ccf08a" testId="bb2efed2-2f2e-89a1-d1b0-58f4639c8927" testName="Transcriba.Tests.Services.SegmentEditingServiceTests.MergeWithPrevious_ReturnsNullWhenActiveIsFirstSegment" computerName="GNIOS-PC" duration="00:00:00.0040844" startTime="2026-07-05T10:30:24.9043296-03:00" endTime="2026-07-05T10:30:24.9180833-03:00" testType="13cdc9d9-ddb5-4fa4-a97d-d965ccfc6d4b" outcome="Passed" testListId="8c84fa94-04c1-424b-9868-57a2d4851a1d" relativeResultsDirectory="ea93f037-07c5-4e59-93ab-a50a60ccf08a" />
    <UnitTestResult executionId="2ea396fc-fb5d-4d4b-a22b-f66a7a3bac73" testId="562131e7-601d-7ce4-13af-3c7d4de205f8" testName="Transcriba.Tests.Services.MediaStorageServiceTests.DeleteMedia_RemovesTranscriptionFolder" computerName="GNIOS-PC" duration="00:00:00.0049365" startTime="2026-07-05T10:30:24.9303112-03:00" endTime="2026-07-05T10:30:24.9312108-03:00" testType="13cdc9d9-ddb5-4fa4-a97d-d965ccfc6d4b" outcome="Passed" testListId="8c84fa94-04c1-424b-9868-57a2d4851a1d" relativeResultsDirectory="2ea396fc-fb5d-4d4b-a22b-f66a7a3bac73" />
    <UnitTestResult executionId="21fae466-8ba8-496f-8e4d-454744e9afcc" testId="93d5b2bf-d390-e418-4445-eca4c2130ef7" testName="Transcriba.Tests.ViewModels.DashboardViewModelTests.StatusChanged_Error_SetsErrorMessageAndRetry" computerName="GNIOS-PC" duration="00:00:00.1260744" startTime="2026-07-05T10:30:28.0386790-03:00" endTime="2026-07-05T10:30:28.1654131-03:00" testType="13cdc9d9-ddb5-4fa4-a97d-d965ccfc6d4b" outcome="Passed" testListId="8c84fa94-04c1-424b-9868-57a2d4851a1d" relativeResultsDirectory="21fae466-8ba8-496f-8e4d-454744e9afcc" />
    <UnitTestResult executionId="43ea3fb7-15da-4909-b656-2da297163b34" testId="d724cb20-4221-e891-30f9-8338ced2d7b6" testName="Transcriba.Tests.ViewModels.PlayerBarViewModelTests.LoadAsync_LoadsMediaPath" computerName="GNIOS-PC" duration="00:00:00.0193452" startTime="2026-07-05T10:30:24.8743987-03:00" endTime="2026-07-05T10:30:24.9235793-03:00" testType="13cdc9d9-ddb5-4fa4-a97d-d965ccfc6d4b" outcome="Passed" testListId="8c84fa94-04c1-424b-9868-57a2d4851a1d" relativeResultsDirectory="43ea3fb7-15da-4909-b656-2da297163b34" />
    <UnitTestResult executionId="aa2d1bf6-6009-4d00-beb7-6bf735fd5f1f" testId="e7b396f4-d439-d16c-c7d6-9b3d3654a45c" testName="Transcriba.Tests.ViewModels.RecordingViewModelTests.PauseRecording_StopsTimerButKeepsWaveformState" computerName="GNIOS-PC" duration="00:00:00.1507183" startTime="2026-07-05T10:30:26.7223319-03:00" endTime="2026-07-05T10:30:26.8729600-03:00" testType="13cdc9d9-ddb5-4fa4-a97d-d965ccfc6d4b" outcome="Passed" testListId="8c84fa94-04c1-424b-9868-57a2d4851a1d" relativeResultsDirectory="aa2d1bf6-6009-4d00-beb7-6bf735fd5f1f" />
    <UnitTestResult executionId="8ead9ed0-7e43-455b-bb46-5560be12006a" testId="b1d36f8d-2f77-6beb-fce4-79380efb7b99" testName="Transcriba.Tests.Services.MediaStorageServiceTests.DeleteMedia_DoesNotThrowWhenFolderMissing" computerName="GNIOS-PC" duration="00:00:00.0070941" startTime="2026-07-05T10:30:24.9422820-03:00" endTime="2026-07-05T10:30:24.9423321-03:00" testType="13cdc9d9-ddb5-4fa4-a97d-d965ccfc6d4b" outcome="Passed" testListId="8c84fa94-04c1-424b-9868-57a2d4851a1d" relativeResultsDirectory="8ead9ed0-7e43-455b-bb46-5560be12006a" />
    <UnitTestResult executionId="2b90c317-38cc-451a-99e4-847727f8fa24" testId="c746ae21-5a99-ee0e-af67-4d224e295935" testName="Transcriba.Tests.Services.ResearchServiceTests.CreateAsync_PersistsResearchPage" computerName="GNIOS-PC" duration="00:00:00.0553363" startTime="2026-07-05T10:30:27.7252582-03:00" endTime="2026-07-05T10:30:27.7806212-03:00" testType="13cdc9d9-ddb5-4fa4-a97d-d965ccfc6d4b" outcome="Passed" testListId="8c84fa94-04c1-424b-9868-57a2d4851a1d" relativeResultsDirectory="2b90c317-38cc-451a-99e4-847727f8fa24" />
    <UnitTestResult executionId="bab7362a-da57-4211-9d8b-d0c3c5e56a66" testId="1691d30a-6b9c-3fd7-bb77-224f45b9f58d" testName="Transcriba.Tests.ViewModels.ColorPickerViewModelTests.SelectColor_UpdatesSelectedColorAndSelectionState" computerName="GNIOS-PC" duration="00:00:00.0050591" startTime="2026-07-05T10:30:24.9248229-03:00" endTime="2026-07-05T10:30:24.9297875-03:00" testType="13cdc9d9-ddb5-4fa4-a97d-d965ccfc6d4b" outcome="Passed" testListId="8c84fa94-04c1-424b-9868-57a2d4851a1d" relativeResultsDirectory="bab7362a-da57-4211-9d8b-d0c3c5e56a66" />
    <UnitTestResult executionId="90526567-07ca-4e64-a478-0935c6949e20" testId="5729c6ae-2b98-751f-3843-626e9a2fbf9f" testName="Transcriba.Tests.ViewModels.ResearchPageViewModelTests.DeleteResearch_Confirmed_DissociatesTranscriptionsAndNavigatesToDashboard" computerName="GNIOS-PC" duration="00:00:00.1858068" startTime="2026-07-05T10:30:28.3614506-03:00" endTime="2026-07-05T10:30:28.5471590-03:00" testType="13cdc9d9-ddb5-4fa4-a97d-d965ccfc6d4b" outcome="Passed" testListId="8c84fa94-04c1-424b-9868-57a2d4851a1d" relativeResultsDirectory="90526567-07ca-4e64-a478-0935c6949e20" />
    <UnitTestResult executionId="b3e66e27-fc90-4eff-a106-a46d32cb7e7c" testId="74302693-5333-be94-e5c3-b1ecb32820e7" testName="Transcriba.Tests.Engine.SilenceSplitterTests.SplitBySilence_WithTwoSpeechBlocksSeparatedBySilence_ReturnsTwoChunksWithCorrectOffsets" computerName="GNIOS-PC" duration="00:00:00.0011247" startTime="2026-07-05T10:30:24.9405729-03:00" endTime="2026-07-05T10:30:24.9408820-03:00" testType="13cdc9d9-ddb5-4fa4-a97d-d965ccfc6d4b" outcome="Passed" testListId="8c84fa94-04c1-424b-9868-57a2d4851a1d" relativeResultsDirectory="b3e66e27-fc90-4eff-a106-a46d32cb7e7c" />
    <UnitTestResult executionId="e1df7380-94aa-4752-a7cb-cd76d817a0cb" testId="0c0b502b-3694-097a-3dd0-e8f21a3cb17a" testName="Transcriba.Tests.ViewModels.SegmentItemViewModelTests.IsActive_ReflectsGetActiveSegmentLogic" computerName="GNIOS-PC" duration="00:00:00.3336545" startTime="2026-07-05T10:30:26.8296258-03:00" endTime="2026-07-05T10:30:27.1707917-03:00" testType="13cdc9d9-ddb5-4fa4-a97d-d965ccfc6d4b" outcome="Passed" testListId="8c84fa94-04c1-424b-9868-57a2d4851a1d" relativeResultsDirectory="e1df7380-94aa-4752-a7cb-cd76d817a0cb" />
    <UnitTestResult executionId="522d70e3-c1b3-4ab2-aa20-2cae47b741f1" testId="2c5a3d80-8582-a021-208f-028371144ca3" testName="Transcriba.Tests.ViewModels.EditorViewModelTests.ExportWithFormat_Txt_WritesFileViaExportService" computerName="GNIOS-PC" duration="00:00:00.1271041" startTime="2026-07-05T10:30:29.5004845-03:00" endTime="2026-07-05T10:30:29.6259623-03:00" testType="13cdc9d9-ddb5-4fa4-a97d-d965ccfc6d4b" outcome="Passed" testListId="8c84fa94-04c1-424b-9868-57a2d4851a1d" relativeResultsDirectory="522d70e3-c1b3-4ab2-aa20-2cae47b741f1" />
    <UnitTestResult executionId="e7c31da9-22bf-4ca5-bb95-bcd47cf04cb2" testId="c7aa0e89-ec72-f25b-a611-0d5aaa6eb244" testName="Transcriba.Tests.Engine.SilenceSplitterTests.SplitBySilence_WithEmptyAudio_ReturnsEmptyList" computerName="GNIOS-PC" duration="00:00:00.0069761" startTime="2026-07-05T10:30:24.9394862-03:00" endTime="2026-07-05T10:30:24.9395683-03:00" testType="13cdc9d9-ddb5-4fa4-a97d-d965ccfc6d4b" outcome="Passed" testListId="8c84fa94-04c1-424b-9868-57a2d4851a1d" relativeResultsDirectory="e7c31da9-22bf-4ca5-bb95-bcd47cf04cb2" />
    <UnitTestResult executionId="bac369be-53e3-4ae0-87c0-bd7c1c15e8f4" testId="32020a05-a301-49ba-88ca-b26816883d44" testName="Transcriba.Tests.Engine.WhisperTranscriptionEngineTests.TranscribeAsync_CalledTwice_ReloadsFactoryPerJob" computerName="GNIOS-PC" duration="00:00:01.1863411" startTime="2026-07-05T10:30:24.9538389-03:00" endTime="2026-07-05T10:30:26.1405777-03:00" testType="13cdc9d9-ddb5-4fa4-a97d-d965ccfc6d4b" outcome="Passed" testListId="8c84fa94-04c1-424b-9868-57a2d4851a1d" relativeResultsDirectory="bac369be-53e3-4ae0-87c0-bd7c1c15e8f4" />
    <UnitTestResult executionId="c13b0ab3-c9b8-4c70-b5c5-9d91cb12afa7" testId="9d9121e8-3725-8b48-7773-d65e37205994" testName="Transcriba.Tests.Services.ResearchServiceTests.GetByIdAsync_ReturnsNullWhenMissing" computerName="GNIOS-PC" duration="00:00:00.0623180" startTime="2026-07-05T10:30:27.5860312-03:00" endTime="2026-07-05T10:30:27.6479064-03:00" testType="13cdc9d9-ddb5-4fa4-a97d-d965ccfc6d4b" outcome="Passed" testListId="8c84fa94-04c1-424b-9868-57a2d4851a1d" relativeResultsDirectory="c13b0ab3-c9b8-4c70-b5c5-9d91cb12afa7" />
    <UnitTestResult executionId="051917b3-eb5c-4d97-b760-4f3671bac5f2" testId="c0a28af4-5ab2-645c-dac7-90b3267282e2" testName="Transcriba.Tests.ViewModels.IconPickerViewModelTests.AllowNoIcon_AddsNoIconOptionAndAllowsNullSelection" computerName="GNIOS-PC" duration="00:00:00.0057668" startTime="2026-07-05T10:30:24.9311479-03:00" endTime="2026-07-05T10:30:24.9315735-03:00" testType="13cdc9d9-ddb5-4fa4-a97d-d965ccfc6d4b" outcome="Passed" testListId="8c84fa94-04c1-424b-9868-57a2d4851a1d" relativeResultsDirectory="051917b3-eb5c-4d97-b760-4f3671bac5f2" />
    <UnitTestResult executionId="eef0dc4a-65c9-4660-b1ef-35b08d2d997d" testId="cd5703c9-973b-5f90-aa51-188a4dd1f4a1" testName="Transcriba.Tests.ViewModels.IconPickerViewModelTests.SelectIcon_UpdatesSelectedIconAndSelectionState" computerName="GNIOS-PC" duration="00:00:00.0049853" startTime="2026-07-05T10:30:24.9255546-03:00" endTime="2026-07-05T10:30:24.9309139-03:00" testType="13cdc9d9-ddb5-4fa4-a97d-d965ccfc6d4b" outcome="Passed" testListId="8c84fa94-04c1-424b-9868-57a2d4851a1d" relativeResultsDirectory="eef0dc4a-65c9-4660-b1ef-35b08d2d997d" />
    <UnitTestResult executionId="a6e77256-19d2-42e5-9e7e-4489587bdc63" testId="9e94761d-081b-8c39-bea9-019c4959d41a" testName="Transcriba.Tests.Services.NavigationServiceTests.NavigateTo_ResolvesCorrectViewModelPerScreenKey" computerName="GNIOS-PC" duration="00:00:01.6931576" startTime="2026-07-05T10:30:24.9379732-03:00" endTime="2026-07-05T10:30:26.5892165-03:00" testType="13cdc9d9-ddb5-4fa4-a97d-d965ccfc6d4b" outcome="Passed" testListId="8c84fa94-04c1-424b-9868-57a2d4851a1d" relativeResultsDirectory="a6e77256-19d2-42e5-9e7e-4489587bdc63" />
    <UnitTestResult executionId="82f0d039-5f49-42d6-9e17-f9232ef2a5b7" testId="af75e483-67d2-225a-3495-27b97ed94f67" testName="Transcriba.Tests.Engine.WhisperTranscriptionEngineTests.TranscribeAsync_WithMockedProcessor_ProducesSegmentsWithoutDownloadingModel" computerName="GNIOS-PC" duration="00:00:00.0894569" startTime="2026-07-05T10:30:24.9165342-03:00" endTime="2026-07-05T10:30:24.9442905-03:00" testType="13cdc9d9-ddb5-4fa4-a97d-d965ccfc6d4b" outcome="Passed" testListId="8c84fa94-04c1-424b-9868-57a2d4851a1d" relativeResultsDirectory="82f0d039-5f49-42d6-9e17-f9232ef2a5b7" />
    <UnitTestResult executionId="c69f410b-23f3-4cc5-a746-993452cc567c" testId="ded01199-22c2-e53b-2383-1d4a701544e1" testName="Transcriba.Tests.Engine.ChunkPlannerTests.CalculateParallelLimits_AlwaysSerializesNativeDecoding(device: Cpu)" computerName="GNIOS-PC" duration="00:00:00.0003747" startTime="2026-07-05T10:30:24.9227569-03:00" endTime="2026-07-05T10:30:24.9229890-03:00" testType="13cdc9d9-ddb5-4fa4-a97d-d965ccfc6d4b" outcome="Passed" testListId="8c84fa94-04c1-424b-9868-57a2d4851a1d" relativeResultsDirectory="c69f410b-23f3-4cc5-a746-993452cc567c" />
    <UnitTestResult executionId="502a467c-d10e-4fda-bde6-977e66f4ed73" testId="758109ef-7670-10ac-98c2-76255fdab4d0" testName="Transcriba.Tests.ViewModels.PlayerBarViewModelTests.TogglePlay_AlternatesPlayPauseState" computerName="GNIOS-PC" duration="00:00:00.0002336" startTime="2026-07-05T10:30:24.9410785-03:00" endTime="2026-07-05T10:30:24.9411594-03:00" testType="13cdc9d9-ddb5-4fa4-a97d-d965ccfc6d4b" outcome="Passed" testListId="8c84fa94-04c1-424b-9868-57a2d4851a1d" relativeResultsDirectory="502a467c-d10e-4fda-bde6-977e66f4ed73" />
    <UnitTestResult executionId="ff225a07-8ab0-45a4-81b9-16e6c1fb918d" testId="dde11208-9c53-2650-9c6f-96fe1284bb78" testName="Transcriba.Tests.ViewModels.DashboardViewModelTests.SearchText_WithProgressFilter_ReturnsMatchingCards" computerName="GNIOS-PC" duration="00:00:00.2899169" startTime="2026-07-05T10:30:27.3871663-03:00" endTime="2026-07-05T10:30:27.6773815-03:00" testType="13cdc9d9-ddb5-4fa4-a97d-d965ccfc6d4b" outcome="Passed" testListId="8c84fa94-04c1-424b-9868-57a2d4851a1d" relativeResultsDirectory="ff225a07-8ab0-45a4-81b9-16e6c1fb918d" />
    <UnitTestResult executionId="25f03167-e999-4009-8d60-c7411b9ed9d7" testId="9cf384c9-cade-14c0-dc30-827d12e9a119" testName="Transcriba.Tests.ViewModels.UploadViewModelTests.TrySelectFile_UnsupportedFormat_SetsValidationError" computerName="GNIOS-PC" duration="00:00:00.2638660" startTime="2026-07-05T10:30:27.1223381-03:00" endTime="2026-07-05T10:30:27.3866545-03:00" testType="13cdc9d9-ddb5-4fa4-a97d-d965ccfc6d4b" outcome="Passed" testListId="8c84fa94-04c1-424b-9868-57a2d4851a1d" relativeResultsDirectory="25f03167-e999-4009-8d60-c7411b9ed9d7" />
    <UnitTestResult executionId="396c5097-79db-48e5-86fd-c02891a50e78" testId="7ca7df9e-0973-4e36-ba9c-f84a5b6b2cb1" testName="Transcriba.Tests.Services.SpeakerServiceTests.GetSpeakersAsync_ReturnsOnlySpeakersFromRequestedTranscription" computerName="GNIOS-PC" duration="00:00:01.6377737" startTime="2026-07-05T10:30:24.9238372-03:00" endTime="2026-07-05T10:30:26.4992836-03:00" testType="13cdc9d9-ddb5-4fa4-a97d-d965ccfc6d4b" outcome="Passed" testListId="8c84fa94-04c1-424b-9868-57a2d4851a1d" relativeResultsDirectory="396c5097-79db-48e5-86fd-c02891a50e78" />
    <UnitTestResult executionId="2dcabd25-684d-40f1-a318-ed5213e9c4f0" testId="2b067ad9-4a82-2c84-6681-3b39e190a43d" testName="Transcriba.Tests.Catalogs.TagColorCatalogTests.GetColor_KnownTag_ReturnsMappedColor" computerName="GNIOS-PC" duration="00:00:00.0001399" startTime="2026-07-05T10:30:24.9043147-03:00" endTime="2026-07-05T10:30:24.9044167-03:00" testType="13cdc9d9-ddb5-4fa4-a97d-d965ccfc6d4b" outcome="Passed" testListId="8c84fa94-04c1-424b-9868-57a2d4851a1d" relativeResultsDirectory="2dcabd25-684d-40f1-a318-ed5213e9c4f0" />
    <UnitTestResult executionId="2b98e88b-b648-4fce-ab18-ce58eeaa3422" testId="ab214f62-7060-ee9a-354d-65a29068d151" testName="Transcriba.Tests.ViewModels.IconPickerViewModelTests.UseTranscriptionIcons_SwitchesToTransIconsCatalog" computerName="GNIOS-PC" duration="00:00:00.0050801" startTime="2026-07-05T10:30:24.9229246-03:00" endTime="2026-07-05T10:30:24.9253634-03:00" testType="13cdc9d9-ddb5-4fa4-a97d-d965ccfc6d4b" outcome="Passed" testListId="8c84fa94-04c1-424b-9868-57a2d4851a1d" relativeResultsDirectory="2b98e88b-b648-4fce-ab18-ce58eeaa3422" />
    <UnitTestResult executionId="321111e8-dcf0-492f-857f-54f9ddfa2d26" testId="6f455ff4-53b4-68c9-95ec-873256111f3c" testName="Transcriba.Tests.Engine.TranscriptionQueueServiceTests.Enqueue_WhenEngineThrows_UpdatesStatusToError" computerName="GNIOS-PC" duration="00:00:00.1289665" startTime="2026-07-05T10:30:28.2391624-03:00" endTime="2026-07-05T10:30:28.3678587-03:00" testType="13cdc9d9-ddb5-4fa4-a97d-d965ccfc6d4b" outcome="Passed" testListId="8c84fa94-04c1-424b-9868-57a2d4851a1d" relativeResultsDirectory="321111e8-dcf0-492f-857f-54f9ddfa2d26" />
    <UnitTestResult executionId="8c0d5de1-4b71-4922-985f-9701707cc052" testId="45243844-aef8-91fb-bb22-039a7efdd8a6" testName="Transcriba.Tests.Services.SettingsServiceTests.GetAsync_CreatesDefaultsWhenMissing" computerName="GNIOS-PC" duration="00:00:00.1249663" startTime="2026-07-05T10:30:27.0645077-03:00" endTime="2026-07-05T10:30:27.1894471-03:00" testType="13cdc9d9-ddb5-4fa4-a97d-d965ccfc6d4b" outcome="Passed" testListId="8c84fa94-04c1-424b-9868-57a2d4851a1d" relativeResultsDirectory="8c0d5de1-4b71-4922-985f-9701707cc052" />
    <UnitTestResult executionId="c57ce440-4c2b-4556-844d-0680a1fce836" testId="ddb4350b-c640-7dc0-a128-017ea0356a66" testName="Transcriba.Tests.ViewModels.NewPageModalViewModelTests.ConfirmAsync_TranscriptionWithoutFile_KeepsModalOpen" computerName="GNIOS-PC" duration="00:00:00.2082514" startTime="2026-07-05T10:30:26.5858225-03:00" endTime="2026-07-05T10:30:26.7965369-03:00" testType="13cdc9d9-ddb5-4fa4-a97d-d965ccfc6d4b" outcome="Passed" testListId="8c84fa94-04c1-424b-9868-57a2d4851a1d" relativeResultsDirectory="c57ce440-4c2b-4556-844d-0680a1fce836" />
    <UnitTestResult executionId="144184b7-9ad4-4755-b66d-9c0662b9c7d4" testId="dd796419-d100-df73-3715-67d6884caa2f" testName="Transcriba.Tests.Services.ExportServiceTests.ExportVttAsync_WritesWebVttWithSpeakerPrefix" computerName="GNIOS-PC" duration="00:00:00.1689240" startTime="2026-07-05T10:30:26.5040481-03:00" endTime="2026-07-05T10:30:26.6728878-03:00" testType="13cdc9d9-ddb5-4fa4-a97d-d965ccfc6d4b" outcome="Passed" testListId="8c84fa94-04c1-424b-9868-57a2d4851a1d" relativeResultsDirectory="144184b7-9ad4-4755-b66d-9c0662b9c7d4" />
    <UnitTestResult executionId="643d33b0-e2d4-4f81-a35b-949f2074efeb" testId="ecccca4b-b7d9-9520-e8c6-dde40dadd64b" testName="Transcriba.Tests.Services.SegmentEditingServiceTests.GetActiveSegment_ReturnsNullWhenNoSegments" computerName="GNIOS-PC" duration="00:00:00.0005937" startTime="2026-07-05T10:30:24.9186226-03:00" endTime="2026-07-05T10:30:24.9186832-03:00" testType="13cdc9d9-ddb5-4fa4-a97d-d965ccfc6d4b" outcome="Passed" testListId="8c84fa94-04c1-424b-9868-57a2d4851a1d" relativeResultsDirectory="643d33b0-e2d4-4f81-a35b-949f2074efeb" />
    <UnitTestResult executionId="2d8b878b-605e-4354-afb7-576776359045" testId="081c2be9-d3c0-e2be-8891-5b66ec85e7c5" testName="Transcriba.Tests.ViewModels.SettingsViewModelTests.ToggleIdentifySpeakers_PersistsPreference" computerName="GNIOS-PC" duration="00:00:00.2384794" startTime="2026-07-05T10:30:27.2050326-03:00" endTime="2026-07-05T10:30:27.4443279-03:00" testType="13cdc9d9-ddb5-4fa4-a97d-d965ccfc6d4b" outcome="Passed" testListId="8c84fa94-04c1-424b-9868-57a2d4851a1d" relativeResultsDirectory="2d8b878b-605e-4354-afb7-576776359045" />
    <UnitTestResult executionId="ea8ab24b-fb83-40fe-8465-c5868fa1797c" testId="979a666c-bc35-b9c3-6a58-cac34d785973" testName="Transcriba.Tests.ViewModels.EditorPlaybackIntegrationTests.PlaybackPositionUpdate_ActivatesMatchingSegment" computerName="GNIOS-PC" duration="00:00:00.3868374" startTime="2026-07-05T10:30:26.8292957-03:00" endTime="2026-07-05T10:30:27.2308585-03:00" testType="13cdc9d9-ddb5-4fa4-a97d-d965ccfc6d4b" outcome="Passed" testListId="8c84fa94-04c1-424b-9868-57a2d4851a1d" relativeResultsDirectory="ea8ab24b-fb83-40fe-8465-c5868fa1797c" />
    <UnitTestResult executionId="e4ad0438-744b-4fbe-9a1c-41a0f7b76e68" testId="b19e2b24-515c-9f44-b75e-1af7e3aa37ec" testName="Transcriba.Tests.Engine.WhisperRuntimeConfiguratorTests.ResolveRuntimeOrder_Auto_IncludesCpuFallback" computerName="GNIOS-PC" duration="00:00:00.0019395" startTime="2026-07-05T10:30:24.9479552-03:00" endTime="2026-07-05T10:30:24.9495568-03:00" testType="13cdc9d9-ddb5-4fa4-a97d-d965ccfc6d4b" outcome="Passed" testListId="8c84fa94-04c1-424b-9868-57a2d4851a1d" relativeResultsDirectory="e4ad0438-744b-4fbe-9a1c-41a0f7b76e68" />
    <UnitTestResult executionId="72823351-dc2f-4ede-bbc8-b35a962be23f" testId="ef72741c-a5e9-3e22-0677-67beae595f92" testName="Transcriba.Tests.Services.SegmentEditingServiceTests.GetActiveSegment_ReturnsNullWhenPositionBeforeFirstSegment" computerName="GNIOS-PC" duration="00:00:00.0004607" startTime="2026-07-05T10:30:24.9188494-03:00" endTime="2026-07-05T10:30:24.9201893-03:00" testType="13cdc9d9-ddb5-4fa4-a97d-d965ccfc6d4b" outcome="Passed" testListId="8c84fa94-04c1-424b-9868-57a2d4851a1d" relativeResultsDirectory="72823351-dc2f-4ede-bbc8-b35a962be23f" />
    <UnitTestResult executionId="3801dfa7-e3c0-4f99-91be-be32ed018ab9" testId="d130ad78-c04f-8ddc-8f80-3167e229e685" testName="Transcriba.Tests.ViewModels.EditorViewModelTests.CommitSegmentText_PersistsToDatabase" computerName="GNIOS-PC" duration="00:00:00.2296595" startTime="2026-07-05T10:30:28.0012516-03:00" endTime="2026-07-05T10:30:28.2314065-03:00" testType="13cdc9d9-ddb5-4fa4-a97d-d965ccfc6d4b" outcome="Passed" testListId="8c84fa94-04c1-424b-9868-57a2d4851a1d" relativeResultsDirectory="3801dfa7-e3c0-4f99-91be-be32ed018ab9" />
    <UnitTestResult executionId="3a2427cc-e8ae-4d4a-91df-2ccc14625324" testId="cae58c52-1000-4c66-f8de-ee466912d71c" testName="Transcriba.Tests.Catalogs.ColorCatalogTests.PageColors_HasExpectedCount" computerName="GNIOS-PC" duration="00:00:00.0003980" startTime="2026-07-05T10:30:26.6708043-03:00" endTime="2026-07-05T10:30:26.6708839-03:00" testType="13cdc9d9-ddb5-4fa4-a97d-d965ccfc6d4b" outcome="Passed" testListId="8c84fa94-04c1-424b-9868-57a2d4851a1d" relativeResultsDirectory="3a2427cc-e8ae-4d4a-91df-2ccc14625324" />
    <UnitTestResult executionId="6b6de8d7-a152-4c56-9f28-24cbc85fefaf" testId="6bdb47fb-ded5-8175-0919-fcb9dc4e6c94" testName="Transcriba.Tests.ViewModels.ResearchPageViewModelTests.LoadAsync_EmptyTranscriptions_ShowsEmptyStateWithoutError" computerName="GNIOS-PC" duration="00:00:00.1634546" startTime="2026-07-05T10:30:28.1966979-03:00" endTime="2026-07-05T10:30:28.3604828-03:00" testType="13cdc9d9-ddb5-4fa4-a97d-d965ccfc6d4b" outcome="Passed" testListId="8c84fa94-04c1-424b-9868-57a2d4851a1d" relativeResultsDirectory="6b6de8d7-a152-4c56-9f28-24cbc85fefaf" />
    <UnitTestResult executionId="9c0756bf-23bb-4f2c-b514-f047935e3164" testId="0e59609e-d692-9a61-8585-e37e40faac22" testName="Transcriba.Tests.ViewModels.SidebarViewModelTests.NavigateSettings_SetsCurrentScreenToSettings" computerName="GNIOS-PC" duration="00:00:00.1157409" startTime="2026-07-05T10:30:27.5939601-03:00" endTime="2026-07-05T10:30:27.7083716-03:00" testType="13cdc9d9-ddb5-4fa4-a97d-d965ccfc6d4b" outcome="Passed" testListId="8c84fa94-04c1-424b-9868-57a2d4851a1d" relativeResultsDirectory="9c0756bf-23bb-4f2c-b514-f047935e3164" />
    <UnitTestResult executionId="4df25d4a-5496-4ef1-8705-b10e45303f56" testId="bd1923a0-4ecb-9763-544f-45923109a1b9" testName="Transcriba.Tests.ViewModels.ResearchPageViewModelTests.AddTranscription_NavigatesToUploadWithResearchId" computerName="GNIOS-PC" duration="00:00:00.4419149" startTime="2026-07-05T10:30:26.7945041-03:00" endTime="2026-07-05T10:30:27.2371477-03:00" testType="13cdc9d9-ddb5-4fa4-a97d-d965ccfc6d4b" outcome="Passed" testListId="8c84fa94-04c1-424b-9868-57a2d4851a1d" relativeResultsDirectory="4df25d4a-5496-4ef1-8705-b10e45303f56" />
    <UnitTestResult executionId="1692d7d5-9880-4f80-b63d-d3ad4c74f73f" testId="fa270731-1770-acdb-3911-fc2699637448" testName="Transcriba.Tests.Engine.AudioLoaderTests.ConvertPcm16ToFloat_WithBufferSmallerThanTwoBytes_ThrowsInvalidOperationException" computerName="GNIOS-PC" duration="00:00:00.0039921" startTime="2026-07-05T10:30:24.8743023-03:00" endTime="2026-07-05T10:30:24.8880110-03:00" testType="13cdc9d9-ddb5-4fa4-a97d-d965ccfc6d4b" outcome="Passed" testListId="8c84fa94-04c1-424b-9868-57a2d4851a1d" relativeResultsDirectory="1692d7d5-9880-4f80-b63d-d3ad4c74f73f" />
    <UnitTestResult executionId="93a73882-1993-45cd-adca-b41d0ad2d129" testId="72067a6d-8cff-6048-ec37-24e97b3f8e91" testName="Transcriba.Tests.ViewModels.NewPageModalViewModelTests.ConfirmAsync_TranscriptionWithFile_EnqueuesAndNavigatesToDashboard" computerName="GNIOS-PC" duration="00:00:00.3129604" startTime="2026-07-05T10:30:27.1928981-03:00" endTime="2026-07-05T10:30:27.5046266-03:00" testType="13cdc9d9-ddb5-4fa4-a97d-d965ccfc6d4b" outcome="Passed" testListId="8c84fa94-04c1-424b-9868-57a2d4851a1d" relativeResultsDirectory="93a73882-1993-45cd-adca-b41d0ad2d129" />
    <UnitTestResult executionId="f38cfff2-cfeb-4121-b0f2-390bb3c70de6" testId="e485ba28-0633-ec79-ccca-87d8a7ef61fc" testName="Transcriba.Tests.Services.LibraryServiceTests.SearchText_FiltersBySegmentContent" computerName="GNIOS-PC" duration="00:00:00.1595308" startTime="2026-07-05T10:30:27.4536789-03:00" endTime="2026-07-05T10:30:27.6120792-03:00" testType="13cdc9d9-ddb5-4fa4-a97d-d965ccfc6d4b" outcome="Passed" testListId="8c84fa94-04c1-424b-9868-57a2d4851a1d" relativeResultsDirectory="f38cfff2-cfeb-4121-b0f2-390bb3c70de6" />
    <UnitTestResult executionId="9dbab706-7d95-42c2-9c4b-12273e8dce19" testId="075c98f8-5cdd-ec2b-b8f8-6a63c7de09bc" testName="Transcriba.Tests.Services.SegmentEditingServiceTests.AssignSpeaker_SetsSpeakerOnSegment" computerName="GNIOS-PC" duration="00:00:00.0047065" startTime="2026-07-05T10:30:24.9245532-03:00" endTime="2026-07-05T10:30:24.9256186-03:00" testType="13cdc9d9-ddb5-4fa4-a97d-d965ccfc6d4b" outcome="Passed" testListId="8c84fa94-04c1-424b-9868-57a2d4851a1d" relativeResultsDirectory="9dbab706-7d95-42c2-9c4b-12273e8dce19" />
    <UnitTestResult executionId="f4b78407-6467-4930-92b5-0e3897a0415a" testId="a5bf0b1a-d51c-b9fc-b2be-6d1343368b49" testName="Transcriba.Tests.Services.SegmentEditingServiceTests.SplitAtCaret_ReturnsNullWhenWhitespaceOnlyPartRemainsAfterTrim" computerName="GNIOS-PC" duration="00:00:00.0001901" startTime="2026-07-05T10:30:24.9183678-03:00" endTime="2026-07-05T10:30:24.9184407-03:00" testType="13cdc9d9-ddb5-4fa4-a97d-d965ccfc6d4b" outcome="Passed" testListId="8c84fa94-04c1-424b-9868-57a2d4851a1d" relativeResultsDirectory="f4b78407-6467-4930-92b5-0e3897a0415a" />
    <UnitTestResult executionId="b6a850fa-b509-4e5f-a71f-f3581d292f10" testId="25af662e-6867-a3b6-9b06-d557ff52b85d" testName="Transcriba.Tests.ViewModels.SpeakerDropdownViewModelTests.SelectSpeaker_AssignsToActiveSegmentAndClosesDropdown" computerName="GNIOS-PC" duration="00:00:00.5166655" startTime="2026-07-05T10:30:26.8144833-03:00" endTime="2026-07-05T10:30:27.3316694-03:00" testType="13cdc9d9-ddb5-4fa4-a97d-d965ccfc6d4b" outcome="Passed" testListId="8c84fa94-04c1-424b-9868-57a2d4851a1d" relativeResultsDirectory="b6a850fa-b509-4e5f-a71f-f3581d292f10" />
    <UnitTestResult executionId="0d8f411e-5a69-4c85-ac39-dbaf2f1e2588" testId="ebd79b91-7a73-6f6c-37e3-7dffca7e2a9f" testName="Transcriba.Tests.Engine.ChunkPlannerTests.CalculateParallelLimits_AlwaysSerializesNativeDecoding(device: Auto)" computerName="GNIOS-PC" duration="00:00:00.0002719" startTime="2026-07-05T10:30:24.9231613-03:00" endTime="2026-07-05T10:30:24.9232026-03:00" testType="13cdc9d9-ddb5-4fa4-a97d-d965ccfc6d4b" outcome="Passed" testListId="8c84fa94-04c1-424b-9868-57a2d4851a1d" relativeResultsDirectory="0d8f411e-5a69-4c85-ac39-dbaf2f1e2588" />
    <UnitTestResult executionId="e468ec95-ee63-4b8b-bef3-9061b97d616b" testId="7a0c24fb-c85c-842c-c1a1-6051370f9174" testName="Transcriba.Tests.Engine.ModelManagerTests.IsModelFileValid_AcceptsLittleEndianGgmlMagicFromWhisperNet" computerName="GNIOS-PC" duration="00:00:00.0233523" startTime="2026-07-05T10:30:24.9251722-03:00" endTime="2026-07-05T10:30:24.9337446-03:00" testType="13cdc9d9-ddb5-4fa4-a97d-d965ccfc6d4b" outcome="Passed" testListId="8c84fa94-04c1-424b-9868-57a2d4851a1d" relativeResultsDirectory="e468ec95-ee63-4b8b-bef3-9061b97d616b" />
    <UnitTestResult executionId="aaea0f4c-ac1a-46ff-960f-b1edd260acb0" testId="287cb559-a601-7d35-f137-09ee363a08b4" testName="Transcriba.Tests.ViewModels.SidebarViewModelTests.NavigateDashboard_SetsCurrentScreenToDashboard" computerName="GNIOS-PC" duration="00:00:00.1640789" startTime="2026-07-05T10:30:27.2044516-03:00" endTime="2026-07-05T10:30:27.3681266-03:00" testType="13cdc9d9-ddb5-4fa4-a97d-d965ccfc6d4b" outcome="Passed" testListId="8c84fa94-04c1-424b-9868-57a2d4851a1d" relativeResultsDirectory="aaea0f4c-ac1a-46ff-960f-b1edd260acb0" />
    <UnitTestResult executionId="faa9f6a6-5d0e-42b2-a64a-d3524fb79781" testId="907e0d4d-9468-a338-f5ea-c58434989e4b" testName="Transcriba.Tests.Engine.SilenceSplitterTests.SplitBySilence_WithContinuousSpeech_ReturnsSingleChunkStartingAtZero" computerName="GNIOS-PC" duration="00:00:00.0017319" startTime="2026-07-05T10:30:24.9398286-03:00" endTime="2026-07-05T10:30:24.9401349-03:00" testType="13cdc9d9-ddb5-4fa4-a97d-d965ccfc6d4b" outcome="Passed" testListId="8c84fa94-04c1-424b-9868-57a2d4851a1d" relativeResultsDirectory="faa9f6a6-5d0e-42b2-a64a-d3524fb79781" />
    <UnitTestResult executionId="2a867b0c-b0d6-400e-9da2-c52d8dc2f1d9" testId="82bbbbdb-ec20-ca1b-891f-eb9e584bbd9d" testName="Transcriba.Tests.ViewModels.SidebarViewModelTests.DeleteResearch_Cancelled_KeepsResearch" computerName="GNIOS-PC" duration="00:00:00.2642268" startTime="2026-07-05T10:30:26.7218904-03:00" endTime="2026-07-05T10:30:26.9860345-03:00" testType="13cdc9d9-ddb5-4fa4-a97d-d965ccfc6d4b" outcome="Passed" testListId="8c84fa94-04c1-424b-9868-57a2d4851a1d" relativeResultsDirectory="2a867b0c-b0d6-400e-9da2-c52d8dc2f1d9" />
    <UnitTestResult executionId="0fc518ce-bbd3-4787-9100-c3de728ad4c5" testId="d17e0173-f0da-51c8-5943-50b76c1979ba" testName="Transcriba.Tests.Engine.ModelManagerTests.MapQualityToGgmlType_MapsExpectedValues(quality: Standard, expectedType: Small, expectedFileName: &quot;ggml-small.bin&quot;)" computerName="GNIOS-PC" duration="00:00:00.0037981" startTime="2026-07-05T10:30:24.9372354-03:00" endTime="2026-07-05T10:30:24.9373034-03:00" testType="13cdc9d9-ddb5-4fa4-a97d-d965ccfc6d4b" outcome="Passed" testListId="8c84fa94-04c1-424b-9868-57a2d4851a1d" relativeResultsDirectory="0fc518ce-bbd3-4787-9100-c3de728ad4c5" />
    <UnitTestResult executionId="6769fdcf-709e-4b90-aa26-ea14a7056aa3" testId="ec8bbb3e-be52-96bd-ccb4-43f74626455e" testName="Transcriba.Tests.ViewModels.EditorViewModelTests.Initialize_InProgress_ShowsProgressIndicator" computerName="GNIOS-PC" duration="00:00:00.1172689" startTime="2026-07-05T10:30:28.8737401-03:00" endTime="2026-07-05T10:30:28.9911739-03:00" testType="13cdc9d9-ddb5-4fa4-a97d-d965ccfc6d4b" outcome="Passed" testListId="8c84fa94-04c1-424b-9868-57a2d4851a1d" relativeResultsDirectory="6769fdcf-709e-4b90-aa26-ea14a7056aa3" />
    <UnitTestResult executionId="53639d36-e419-447b-a46f-98e26d8da04b" testId="4442c2b6-7136-1552-8c7f-8b931140426d" testName="Transcriba.Tests.Engine.FfmpegLocatorTests.EnsureFfmpeg_WhenNotFound_ThrowsFfmpegNotFoundException" computerName="GNIOS-PC" duration="00:00:00.0035184" startTime="2026-07-05T10:30:26.8628083-03:00" endTime="2026-07-05T10:30:26.8666879-03:00" testType="13cdc9d9-ddb5-4fa4-a97d-d965ccfc6d4b" outcome="Passed" testListId="8c84fa94-04c1-424b-9868-57a2d4851a1d" relativeResultsDirectory="53639d36-e419-447b-a46f-98e26d8da04b" />
    <UnitTestResult executionId="eab4a5f2-e79f-4fe3-8256-61a090d5cdee" testId="bddf6194-f691-cc3f-03e0-fe00f9adb9e4" testName="Transcriba.Tests.ViewModels.NewPageModalViewModelTests.ConfirmAsync_NewTags_UseBlueDefaultColor" computerName="GNIOS-PC" duration="00:00:00.3817290" startTime="2026-07-05T10:30:26.7970721-03:00" endTime="2026-07-05T10:30:27.1916790-03:00" testType="13cdc9d9-ddb5-4fa4-a97d-d965ccfc6d4b" outcome="Passed" testListId="8c84fa94-04c1-424b-9868-57a2d4851a1d" relativeResultsDirectory="eab4a5f2-e79f-4fe3-8256-61a090d5cdee" />
[...]
    <TestEntry testId="da9db605-d1af-aedd-b266-ecd5240cb188" executionId="509afc1d-c454-45ad-886d-b706255dd7cf" testListId="8c84fa94-04c1-424b-9868-57a2d4851a1d" />
    <TestEntry testId="2ab3d152-31cd-dc61-27e2-0746bb3d99b7" executionId="f11627f4-5a57-4b01-ba3d-d06125e9889f" testListId="8c84fa94-04c1-424b-9868-57a2d4851a1d" />
    <TestEntry testId="55ff09e6-b882-91ab-dcd1-44bcf19656aa" executionId="da421400-cfb8-4675-89d1-74bf14830f62" testListId="8c84fa94-04c1-424b-9868-57a2d4851a1d" />
    <TestEntry testId="2e15a658-0078-3e93-a6c9-3abef5026680" executionId="b616d129-16e7-4eab-8241-35fa6d5e3fe8" testListId="8c84fa94-04c1-424b-9868-57a2d4851a1d" />
    <TestEntry testId="d378baa2-5434-12fb-5892-5e561d2f8332" executionId="54166385-a95d-4f9f-b70a-e1417e81a927" testListId="8c84fa94-04c1-424b-9868-57a2d4851a1d" />
    <TestEntry testId="098d2f66-1a34-409f-0a10-6b261342cc2e" executionId="b1b3b9f9-1cbc-40bd-a3c7-6d7504fcea4d" testListId="8c84fa94-04c1-424b-9868-57a2d4851a1d" />
    <TestEntry testId="f1385fb5-5748-766d-e297-7ba52023790b" executionId="798195f3-d5f5-42ae-9d3a-a645e8baae3c" testListId="8c84fa94-04c1-424b-9868-57a2d4851a1d" />
    <TestEntry testId="a04b75b0-9237-cb43-f351-126f3661f211" executionId="66f48284-bc5e-4b17-820c-a90c8451b0f5" testListId="8c84fa94-04c1-424b-9868-57a2d4851a1d" />
    <TestEntry testId="52282dfb-0fa3-84d9-ebce-1b3cae2f16df" executionId="ae5261cb-96ed-46e2-9b6e-7b3eb5bbb78d" testListId="8c84fa94-04c1-424b-9868-57a2d4851a1d" />
    <TestEntry testId="5b7cc3cb-5bef-3620-9aa3-031ef2201c12" executionId="a838eda2-1338-4729-bf5f-75a40812d76c" testListId="8c84fa94-04c1-424b-9868-57a2d4851a1d" />
    <TestEntry testId="ea20ad4c-97dc-14b6-67bf-61d78e9e9805" executionId="53683575-ee9d-4355-9131-d957da34cde7" testListId="8c84fa94-04c1-424b-9868-57a2d4851a1d" />
    <TestEntry testId="7117b8ec-402a-b2cd-576b-7a260ffab013" executionId="6b394c24-2663-411f-a1af-95dc8d56325d" testListId="8c84fa94-04c1-424b-9868-57a2d4851a1d" />
    <TestEntry testId="c0ada8ef-acdd-a593-2920-edae8eda1be2" executionId="11b61079-20fd-4543-9515-937206eeaa3b" testListId="8c84fa94-04c1-424b-9868-57a2d4851a1d" />
    <TestEntry testId="29fc5310-c94f-9362-4de5-295b17a8ad7c" executionId="b22871cb-e90e-4fe4-9345-ff71fafb91f3" testListId="8c84fa94-04c1-424b-9868-57a2d4851a1d" />
    <TestEntry testId="d3111058-d837-5371-fa0c-f1434bd3480f" executionId="ecdaeb1d-4520-4d9d-9ed0-90ac59f5200b" testListId="8c84fa94-04c1-424b-9868-57a2d4851a1d" />
    <TestEntry testId="219e763e-477b-d30b-1d03-9276b5e12232" executionId="6bcf1e73-6ef4-4384-a07a-fc42dc76d544" testListId="8c84fa94-04c1-424b-9868-57a2d4851a1d" />
    <TestEntry testId="bf0731c0-72cc-96d5-c0c2-f031f0425b9b" executionId="7fbfa778-8003-4d79-b7b2-111c54892505" testListId="8c84fa94-04c1-424b-9868-57a2d4851a1d" />
    <TestEntry testId="5ab1925d-e189-8b4b-5d56-ba2dd53e4a2b" executionId="8c8f6133-9e3b-4e7d-89ef-2ac2dcc06672" testListId="8c84fa94-04c1-424b-9868-57a2d4851a1d" />
    <TestEntry testId="3b90ef66-ec1a-ac34-06d2-f92dce184a5e" executionId="531a094d-5602-42db-9c37-d2c1ba08c456" testListId="8c84fa94-04c1-424b-9868-57a2d4851a1d" />
    <TestEntry testId="e6839c32-5b14-4790-d612-0d328e11e6fa" executionId="5f198aa7-cd3a-4e92-96e7-19e55057da05" testListId="8c84fa94-04c1-424b-9868-57a2d4851a1d" />
    <TestEntry testId="f99b05bb-f8d4-5b30-6522-485a2c66a6f2" executionId="4b53cdff-810f-49b3-ab54-0b80e69f1f3f" testListId="8c84fa94-04c1-424b-9868-57a2d4851a1d" />
    <TestEntry testId="73ee4916-3a83-dfcd-9ca5-2dc820f82974" executionId="e3ef7b55-f1f5-4500-8da7-31ffa926b068" testListId="8c84fa94-04c1-424b-9868-57a2d4851a1d" />
    <TestEntry testId="d2895992-5515-3fb9-f93f-f35860b8f6d1" executionId="04391fa2-3770-4f01-ade4-372935d09df5" testListId="8c84fa94-04c1-424b-9868-57a2d4851a1d" />
    <TestEntry testId="44be1419-51ad-7b73-c8ec-05351acf58e4" executionId="2f5bd1de-6eda-4242-b3f9-219e892dc39a" testListId="8c84fa94-04c1-424b-9868-57a2d4851a1d" />
    <TestEntry testId="aae8518e-654b-e456-42dc-c68f9418c855" executionId="df3c7822-e318-4850-b31d-9b914782f13e" testListId="8c84fa94-04c1-424b-9868-57a2d4851a1d" />
    <TestEntry testId="4f6b38d6-e96f-8a96-460d-76d41aa0a96b" executionId="303ef426-f7ae-4842-84ff-9df339047187" testListId="8c84fa94-04c1-424b-9868-57a2d4851a1d" />
    <TestEntry testId="e39e7fe2-43a7-57ef-4b57-2ac8cbc86a16" executionId="48c96620-cc4f-41a1-9fb5-54b474aca816" testListId="8c84fa94-04c1-424b-9868-57a2d4851a1d" />
    <TestEntry testId="d708073c-4e48-cb83-7bfa-3bc8d548e310" executionId="7f92a5de-c7c9-481c-ae84-776970c29f00" testListId="8c84fa94-04c1-424b-9868-57a2d4851a1d" />
    <TestEntry testId="36356fe1-86cb-868c-9feb-3f9f51f450b3" executionId="51eff8a1-7de8-4c2a-9dd3-53939e752421" testListId="8c84fa94-04c1-424b-9868-57a2d4851a1d" />
    <TestEntry testId="ec34cab2-cb2f-12ed-eda5-fda69f223585" executionId="c95f8d26-96f9-4360-ae85-bf19d28546d0" testListId="8c84fa94-04c1-424b-9868-57a2d4851a1d" />
    <TestEntry testId="d1e437b1-6772-c888-03af-b5adf9c4f50a" executionId="0bcd65c3-ef90-4ff1-a76c-326a5148abf4" testListId="8c84fa94-04c1-424b-9868-57a2d4851a1d" />
    <TestEntry testId="4009c984-137e-9fc9-b169-a414b5e9e47d" executionId="7006ee60-f69b-41fb-8b6c-9382f79cb3f8" testListId="8c84fa94-04c1-424b-9868-57a2d4851a1d" />
    <TestEntry testId="5e16049b-36f6-f726-04ee-3ba928bcfb33" executionId="826c3f75-d3ba-4eee-beb9-eee1bcbd467b" testListId="8c84fa94-04c1-424b-9868-57a2d4851a1d" />
    <TestEntry testId="098f0f23-2b16-f63c-93f2-22a9383c9932" executionId="3e2a98e9-e862-4102-85a3-26e3dcf0ea8e" testListId="8c84fa94-04c1-424b-9868-57a2d4851a1d" />
    <TestEntry testId="3a84e18a-78d3-ff58-a4b8-f6935ca2203f" executionId="5876ee3c-dd84-440e-a2d4-81e8a954ff7b" testListId="8c84fa94-04c1-424b-9868-57a2d4851a1d" />
    <TestEntry testId="a9d8e92a-fdad-1d69-5b43-465ffd6a2341" executionId="db0f9869-340b-4711-9546-15062c5f4a79" testListId="8c84fa94-04c1-424b-9868-57a2d4851a1d" />
    <TestEntry testId="94be4da9-c48c-cdc3-0088-8d2a0bab918a" executionId="0d1b2f23-691f-4f84-b347-fad8afd6b4e4" testListId="8c84fa94-04c1-424b-9868-57a2d4851a1d" />
    <TestEntry testId="bb2efed2-2f2e-89a1-d1b0-58f4639c8927" executionId="ea93f037-07c5-4e59-93ab-a50a60ccf08a" testListId="8c84fa94-04c1-424b-9868-57a2d4851a1d" />
    <TestEntry testId="562131e7-601d-7ce4-13af-3c7d4de205f8" executionId="2ea396fc-fb5d-4d4b-a22b-f66a7a3bac73" testListId="8c84fa94-04c1-424b-9868-57a2d4851a1d" />
    <TestEntry testId="93d5b2bf-d390-e418-4445-eca4c2130ef7" executionId="21fae466-8ba8-496f-8e4d-454744e9afcc" testListId="8c84fa94-04c1-424b-9868-57a2d4851a1d" />
    <TestEntry testId="d724cb20-4221-e891-30f9-8338ced2d7b6" executionId="43ea3fb7-15da-4909-b656-2da297163b34" testListId="8c84fa94-04c1-424b-9868-57a2d4851a1d" />
    <TestEntry testId="e7b396f4-d439-d16c-c7d6-9b3d3654a45c" executionId="aa2d1bf6-6009-4d00-beb7-6bf735fd5f1f" testListId="8c84fa94-04c1-424b-9868-57a2d4851a1d" />
    <TestEntry testId="b1d36f8d-2f77-6beb-fce4-79380efb7b99" executionId="8ead9ed0-7e43-455b-bb46-5560be12006a" testListId="8c84fa94-04c1-424b-9868-57a2d4851a1d" />
    <TestEntry testId="c746ae21-5a99-ee0e-af67-4d224e295935" executionId="2b90c317-38cc-451a-99e4-847727f8fa24" testListId="8c84fa94-04c1-424b-9868-57a2d4851a1d" />
    <TestEntry testId="1691d30a-6b9c-3fd7-bb77-224f45b9f58d" executionId="bab7362a-da57-4211-9d8b-d0c3c5e56a66" testListId="8c84fa94-04c1-424b-9868-57a2d4851a1d" />
    <TestEntry testId="5729c6ae-2b98-751f-3843-626e9a2fbf9f" executionId="90526567-07ca-4e64-a478-0935c6949e20" testListId="8c84fa94-04c1-424b-9868-57a2d4851a1d" />
    <TestEntry testId="74302693-5333-be94-e5c3-b1ecb32820e7" executionId="b3e66e27-fc90-4eff-a106-a46d32cb7e7c" testListId="8c84fa94-04c1-424b-9868-57a2d4851a1d" />
    <TestEntry testId="0c0b502b-3694-097a-3dd0-e8f21a3cb17a" executionId="e1df7380-94aa-4752-a7cb-cd76d817a0cb" testListId="8c84fa94-04c1-424b-9868-57a2d4851a1d" />
    <TestEntry testId="2c5a3d80-8582-a021-208f-028371144ca3" executionId="522d70e3-c1b3-4ab2-aa20-2cae47b741f1" testListId="8c84fa94-04c1-424b-9868-57a2d4851a1d" />
    <TestEntry testId="c7aa0e89-ec72-f25b-a611-0d5aaa6eb244" executionId="e7c31da9-22bf-4ca5-bb95-bcd47cf04cb2" testListId="8c84fa94-04c1-424b-9868-57a2d4851a1d" />
    <TestEntry testId="32020a05-a301-49ba-88ca-b26816883d44" executionId="bac369be-53e3-4ae0-87c0-bd7c1c15e8f4" testListId="8c84fa94-04c1-424b-9868-57a2d4851a1d" />
    <TestEntry testId="9d9121e8-3725-8b48-7773-d65e37205994" executionId="c13b0ab3-c9b8-4c70-b5c5-9d91cb12afa7" testListId="8c84fa94-04c1-424b-9868-57a2d4851a1d" />
    <TestEntry testId="c0a28af4-5ab2-645c-dac7-90b3267282e2" executionId="051917b3-eb5c-4d97-b760-4f3671bac5f2" testListId="8c84fa94-04c1-424b-9868-57a2d4851a1d" />
    <TestEntry testId="cd5703c9-973b-5f90-aa51-188a4dd1f4a1" executionId="eef0dc4a-65c9-4660-b1ef-35b08d2d997d" testListId="8c84fa94-04c1-424b-9868-57a2d4851a1d" />
    <TestEntry testId="9e94761d-081b-8c39-bea9-019c4959d41a" executionId="a6e77256-19d2-42e5-9e7e-4489587bdc63" testListId="8c84fa94-04c1-424b-9868-57a2d4851a1d" />
    <TestEntry testId="af75e483-67d2-225a-3495-27b97ed94f67" executionId="82f0d039-5f49-42d6-9e17-f9232ef2a5b7" testListId="8c84fa94-04c1-424b-9868-57a2d4851a1d" />
    <TestEntry testId="ded01199-22c2-e53b-2383-1d4a701544e1" executionId="c69f410b-23f3-4cc5-a746-993452cc567c" testListId="8c84fa94-04c1-424b-9868-57a2d4851a1d" />
    <TestEntry testId="758109ef-7670-10ac-98c2-76255fdab4d0" executionId="502a467c-d10e-4fda-bde6-977e66f4ed73" testListId="8c84fa94-04c1-424b-9868-57a2d4851a1d" />
    <TestEntry testId="dde11208-9c53-2650-9c6f-96fe1284bb78" executionId="ff225a07-8ab0-45a4-81b9-16e6c1fb918d" testListId="8c84fa94-04c1-424b-9868-57a2d4851a1d" />
    <TestEntry testId="9cf384c9-cade-14c0-dc30-827d12e9a119" executionId="25f03167-e999-4009-8d60-c7411b9ed9d7" testListId="8c84fa94-04c1-424b-9868-57a2d4851a1d" />
    <TestEntry testId="7ca7df9e-0973-4e36-ba9c-f84a5b6b2cb1" executionId="396c5097-79db-48e5-86fd-c02891a50e78" testListId="8c84fa94-04c1-424b-9868-57a2d4851a1d" />
    <TestEntry testId="2b067ad9-4a82-2c84-6681-3b39e190a43d" executionId="2dcabd25-684d-40f1-a318-ed5213e9c4f0" testListId="8c84fa94-04c1-424b-9868-57a2d4851a1d" />
    <TestEntry testId="ab214f62-7060-ee9a-354d-65a29068d151" executionId="2b98e88b-b648-4fce-ab18-ce58eeaa3422" testListId="8c84fa94-04c1-424b-9868-57a2d4851a1d" />
    <TestEntry testId="6f455ff4-53b4-68c9-95ec-873256111f3c" executionId="321111e8-dcf0-492f-857f-54f9ddfa2d26" testListId="8c84fa94-04c1-424b-9868-57a2d4851a1d" />
    <TestEntry testId="45243844-aef8-91fb-bb22-039a7efdd8a6" executionId="8c0d5de1-4b71-4922-985f-9701707cc052" testListId="8c84fa94-04c1-424b-9868-57a2d4851a1d" />
    <TestEntry testId="ddb4350b-c640-7dc0-a128-017ea0356a66" executionId="c57ce440-4c2b-4556-844d-0680a1fce836" testListId="8c84fa94-04c1-424b-9868-57a2d4851a1d" />
    <TestEntry testId="dd796419-d100-df73-3715-67d6884caa2f" executionId="144184b7-9ad4-4755-b66d-9c0662b9c7d4" testListId="8c84fa94-04c1-424b-9868-57a2d4851a1d" />
    <TestEntry testId="ecccca4b-b7d9-9520-e8c6-dde40dadd64b" executionId="643d33b0-e2d4-4f81-a35b-949f2074efeb" testListId="8c84fa94-04c1-424b-9868-57a2d4851a1d" />
    <TestEntry testId="081c2be9-d3c0-e2be-8891-5b66ec85e7c5" executionId="2d8b878b-605e-4354-afb7-576776359045" testListId="8c84fa94-04c1-424b-9868-57a2d4851a1d" />
    <TestEntry testId="979a666c-bc35-b9c3-6a58-cac34d785973" executionId="ea8ab24b-fb83-40fe-8465-c5868fa1797c" testListId="8c84fa94-04c1-424b-9868-57a2d4851a1d" />
    <TestEntry testId="b19e2b24-515c-9f44-b75e-1af7e3aa37ec" executionId="e4ad0438-744b-4fbe-9a1c-41a0f7b76e68" testListId="8c84fa94-04c1-424b-9868-57a2d4851a1d" />
    <TestEntry testId="ef72741c-a5e9-3e22-0677-67beae595f92" executionId="72823351-dc2f-4ede-bbc8-b35a962be23f" testListId="8c84fa94-04c1-424b-9868-57a2d4851a1d" />
    <TestEntry testId="d130ad78-c04f-8ddc-8f80-3167e229e685" executionId="3801dfa7-e3c0-4f99-91be-be32ed018ab9" testListId="8c84fa94-04c1-424b-9868-57a2d4851a1d" />
    <TestEntry testId="cae58c52-1000-4c66-f8de-ee466912d71c" executionId="3a2427cc-e8ae-4d4a-91df-2ccc14625324" testListId="8c84fa94-04c1-424b-9868-57a2d4851a1d" />
    <TestEntry testId="6bdb47fb-ded5-8175-0919-fcb9dc4e6c94" executionId="6b6de8d7-a152-4c56-9f28-24cbc85fefaf" testListId="8c84fa94-04c1-424b-9868-57a2d4851a1d" />
    <TestEntry testId="0e59609e-d692-9a61-8585-e37e40faac22" executionId="9c0756bf-23bb-4f2c-b514-f047935e3164" testListId="8c84fa94-04c1-424b-9868-57a2d4851a1d" />
    <TestEntry testId="bd1923a0-4ecb-9763-544f-45923109a1b9" executionId="4df25d4a-5496-4ef1-8705-b10e45303f56" testListId="8c84fa94-04c1-424b-9868-57a2d4851a1d" />
    <TestEntry testId="fa270731-1770-acdb-3911-fc2699637448" executionId="1692d7d5-9880-4f80-b63d-d3ad4c74f73f" testListId="8c84fa94-04c1-424b-9868-57a2d4851a1d" />
    <TestEntry testId="72067a6d-8cff-6048-ec37-24e97b3f8e91" executionId="93a73882-1993-45cd-adca-b41d0ad2d129" testListId="8c84fa94-04c1-424b-9868-57a2d4851a1d" />
    <TestEntry testId="e485ba28-0633-ec79-ccca-87d8a7ef61fc" executionId="f38cfff2-cfeb-4121-b0f2-390bb3c70de6" testListId="8c84fa94-04c1-424b-9868-57a2d4851a1d" />
    <TestEntry testId="075c98f8-5cdd-ec2b-b8f8-6a63c7de09bc" executionId="9dbab706-7d95-42c2-9c4b-12273e8dce19" testListId="8c84fa94-04c1-424b-9868-57a2d4851a1d" />
    <TestEntry testId="a5bf0b1a-d51c-b9fc-b2be-6d1343368b49" executionId="f4b78407-6467-4930-92b5-0e3897a0415a" testListId="8c84fa94-04c1-424b-9868-57a2d4851a1d" />
    <TestEntry testId="25af662e-6867-a3b6-9b06-d557ff52b85d" executionId="b6a850fa-b509-4e5f-a71f-f3581d292f10" testListId="8c84fa94-04c1-424b-9868-57a2d4851a1d" />
    <TestEntry testId="ebd79b91-7a73-6f6c-37e3-7dffca7e2a9f" executionId="0d8f411e-5a69-4c85-ac39-dbaf2f1e2588" testListId="8c84fa94-04c1-424b-9868-57a2d4851a1d" />
    <TestEntry testId="7a0c24fb-c85c-842c-c1a1-6051370f9174" executionId="e468ec95-ee63-4b8b-bef3-9061b97d616b" testListId="8c84fa94-04c1-424b-9868-57a2d4851a1d" />
    <TestEntry testId="287cb559-a601-7d35-f137-09ee363a08b4" executionId="aaea0f4c-ac1a-46ff-960f-b1edd260acb0" testListId="8c84fa94-04c1-424b-9868-57a2d4851a1d" />
    <TestEntry testId="907e0d4d-9468-a338-f5ea-c58434989e4b" executionId="faa9f6a6-5d0e-42b2-a64a-d3524fb79781" testListId="8c84fa94-04c1-424b-9868-57a2d4851a1d" />
    <TestEntry testId="82bbbbdb-ec20-ca1b-891f-eb9e584bbd9d" executionId="2a867b0c-b0d6-400e-9da2-c52d8dc2f1d9" testListId="8c84fa94-04c1-424b-9868-57a2d4851a1d" />
    <TestEntry testId="d17e0173-f0da-51c8-5943-50b76c1979ba" executionId="0fc518ce-bbd3-4787-9100-c3de728ad4c5" testListId="8c84fa94-04c1-424b-9868-57a2d4851a1d" />
    <TestEntry testId="ec8bbb3e-be52-96bd-ccb4-43f74626455e" executionId="6769fdcf-709e-4b90-aa26-ea14a7056aa3" testListId="8c84fa94-04c1-424b-9868-57a2d4851a1d" />
    <TestEntry testId="4442c2b6-7136-1552-8c7f-8b931140426d" executionId="53639d36-e419-447b-a46f-98e26d8da04b" testListId="8c84fa94-04c1-424b-9868-57a2d4851a1d" />
    <TestEntry testId="bddf6194-f691-cc3f-03e0-fe00f9adb9e4" executionId="eab4a5f2-e79f-4fe3-8256-61a090d5cdee" testListId="8c84fa94-04c1-424b-9868-57a2d4851a1d" />
    <TestEntry testId="edc849c5-6bdc-7b89-4eb2-b0bf8c5f0a29" executionId="77f67125-2301-406a-b749-281433cf2067" testListId="8c84fa94-04c1-424b-9868-57a2d4851a1d" />
    <TestEntry testId="349660bd-e04e-a304-00d1-a97304bab649" executionId="9706bc30-910c-49a6-a44c-7a997496be8b" testListId="8c84fa94-04c1-424b-9868-57a2d4851a1d" />
    <TestEntry testId="8fe774a6-4add-80b8-fb4f-fa21932d1444" executionId="ab77e8df-2cde-42d9-9b5d-215cb054a10f" testListId="8c84fa94-04c1-424b-9868-57a2d4851a1d" />
    <TestEntry testId="65c93a8f-abc9-3cee-9373-3b05174945a4" executionId="a7abc9c6-d095-449c-a48f-b9a05d47ca4d" testListId="8c84fa94-04c1-424b-9868-57a2d4851a1d" />
    <TestEntry testId="eb000e8c-2f8c-9ad1-673b-bddafacda6cd" executionId="27d4a765-7a4f-4831-8588-e9b3bce21982" testListId="8c84fa94-04c1-424b-9868-57a2d4851a1d" />
    <TestEntry testId="e0b9f2a9-0c61-95d9-fa99-02d1094d78bb" executionId="589dcb47-3c44-420a-a78d-76c1a6256179" testListId="8c84fa94-04c1-424b-9868-57a2d4851a1d" />
    <TestEntry testId="2aa0d86f-8402-96e6-5917-b7584fbbeb46" executionId="a464b1b3-d942-4fa0-8f14-663a5aeba158" testListId="8c84fa94-04c1-424b-9868-57a2d4851a1d" />
    <TestEntry testId="7a96254c-4927-cf47-bee9-5c267a66dbaa" executionId="41d6781b-4361-4512-b90f-a8050d653420" testListId="8c84fa94-04c1-424b-9868-57a2d4851a1d" />
    <TestEntry testId="18b80582-d916-e7a4-cdec-d4050114740d" executionId="6d2140e1-370a-43e7-8ef8-6e765d3ff893" testListId="8c84fa94-04c1-424b-9868-57a2d4851a1d" />
    <TestEntry testId="198e7210-910e-8e10-afd0-ad1d40c12403" executionId="7918efaa-ca05-4a78-832d-cccaab521123" testListId="8c84fa94-04c1-424b-9868-57a2d4851a1d" />
    <TestEntry testId="23a13b4c-40d4-2b04-ef61-1fb0cb1505bd" executionId="117f7a3c-24b4-4cad-8f54-52fc650146bd" testListId="8c84fa94-04c1-424b-9868-57a2d4851a1d" />
    <TestEntry testId="5a5fe891-52d7-4f4a-0e2e-2dfc72977511" executionId="9e96c2f7-888e-4258-9b01-be85009abbe5" testListId="8c84fa94-04c1-424b-9868-57a2d4851a1d" />
    <TestEntry testId="999f32ca-9af3-7505-baf2-294d3b271829" executionId="9e9e0414-b399-4093-8302-01e714313e8e" testListId="8c84fa94-04c1-424b-9868-57a2d4851a1d" />
    <TestEntry testId="6466ccb9-4ff8-a548-5477-400ce135998c" executionId="46d32c7b-622f-4cdd-938b-ead3e835036f" testListId="8c84fa94-04c1-424b-9868-57a2d4851a1d" />
    <TestEntry testId="55c89258-7dee-d1ef-c6da-053960d1b41b" executionId="70cf5915-a51b-40dd-a8d3-bd3f1809bb1c" testListId="8c84fa94-04c1-424b-9868-57a2d4851a1d" />
    <TestEntry testId="d547bdb1-2eb7-4eb7-bb14-7046b5d63594" executionId="ae8ac844-d992-4e62-a29e-c988b030ad6d" testListId="8c84fa94-04c1-424b-9868-57a2d4851a1d" />
    <TestEntry testId="1fd0879d-02ed-46a5-5dd1-44ae2f43e6a9" executionId="3f2fd675-491b-4222-bd62-16be8773a1fc" testListId="8c84fa94-04c1-424b-9868-57a2d4851a1d" />
    <TestEntry testId="c48fe609-f5f9-ad26-e137-053486aa2314" executionId="65d551ba-bdc3-432b-9d9d-24ad2679751e" testListId="8c84fa94-04c1-424b-9868-57a2d4851a1d" />
    <TestEntry testId="2e1863b2-01fd-2d82-b54b-f0afb928d857" executionId="408400b7-41ea-4a50-b50d-f00c7debdf2f" testListId="8c84fa94-04c1-424b-9868-57a2d4851a1d" />
    <TestEntry testId="4b8e9d93-5f7e-91c6-2f32-40f9578ac87c" executionId="1d2c6471-e039-4641-8d69-56e8e0c03359" testListId="8c84fa94-04c1-424b-9868-57a2d4851a1d" />
    <TestEntry testId="6e7a7a56-ed6f-9042-bca2-8b29e58f7c23" executionId="20e5df74-5c50-4670-8c32-0e561644d023" testListId="8c84fa94-04c1-424b-9868-57a2d4851a1d" />
    <TestEntry testId="f4f9ed26-7007-7532-8276-a52ed3f6090e" executionId="b832b11b-ea9e-4a21-9b56-07cddaef12b6" testListId="8c84fa94-04c1-424b-9868-57a2d4851a1d" />
    <TestEntry testId="6af7ce94-dab1-9dab-d910-1ac8e3e85cc3" executionId="b3464e1d-3b90-4fcf-91e5-47fc9f03ca7e" testListId="8c84fa94-04c1-424b-9868-57a2d4851a1d" />
  </TestEntries>
  <TestLists>
    <TestList name="Results Not in a List" id="8c84fa94-04c1-424b-9868-57a2d4851a1d" />
    <TestList name="All Loaded Results" id="19431567-8539-422a-85d7-44ee4e166bda" />
  </TestLists>
  <ResultSummary outcome="Completed">
    <Counters total="167" executed="167" passed="167" failed="0" error="0" timeout="0" aborted="0" inconclusive="0" passedButRunAborted="0" notRunnable="0" notExecuted="0" disconnected="0" warning="0" completed="0" inProgress="0" pending="0" />
    <Output>
      <StdOut>[xUnit.net 00:00:00.00] xUnit.net VSTest Adapter v3.1.4+50e68bbb8b (64-bit .NET 10.0.9)&#xD;
[xUnit.net 00:00:00.11]   Discovering: Transcriba.Tests&#xD;
[xUnit.net 00:00:00.16]   Discovered:  Transcriba.Tests&#xD;
[xUnit.net 00:00:00.20]   Starting:    Transcriba.Tests&#xD;
[xUnit.net 00:00:05.15]   Finished:    Transcriba.Tests&#xD;
</StdOut>
    </Output>
  </ResultSummary>
</TestRun>